2024-04-01 20:05:53,610 P2984681 INFO Params: {
    "alpha": "0.01",
    "batch_size": "10000",
    "cl_temperature": "0.3",
    "data_format": "csv",
    "data_root": "../../../data/KuaiShou/",
    "dataset_id": "kuaivideo_x1",
    "debug_mode": "False",
    "early_stop_patience": "2",
    "ego_batch_norm": "True",
    "ego_dropout": "0.2",
    "ego_hidden_activations": "relu",
    "embedding_dim": "64",
    "embedding_regularizer": "0.0005",
    "epochs": "100",
    "eval_steps": "None",
    "feature_cols": "[{'active': True, 'dtype': 'int', 'name': 'group_id', 'preprocess': 'copy_from(user_id)', 'remap': False, 'type': 'meta'}, {'active': True, 'dtype': 'str', 'name': 'user_id', 'type': 'categorical'}, {'active': True, 'dtype': 'str', 'name': 'item_id', 'type': 'categorical'}, {'active': True, 'dtype': 'str', 'embedding_dim': 64, 'min_categr_count': 1, 'name': 'item_emb', 'preprocess': 'copy_from(item_id)', 'pretrained_emb': '../../../data/KuaiVideo_x1/item_visual_emb_dim64.h5', 'type': 'categorical'}, {'active': True, 'dtype': 'str', 'max_len': 100, 'name': 'pos_items', 'padding': 'pre', 'share_embedding': 'item_id', 'splitter': '^', 'type': 'sequence'}, {'active': True, 'dtype': 'str', 'max_len': 100, 'name': 'neg_items', 'padding': 'pre', 'share_embedding': 'item_id', 'splitter': '^', 'type': 'sequence'}, {'active': True, 'dtype': 'str', 'embedding_dim': 64, 'max_len': 100, 'min_categr_count': 1, 'name': 'pos_items_emb', 'padding': 'pre', 'preprocess': 'copy_from(pos_items)', 'pretrained_emb': '../../../data/KuaiVideo_x1/item_visual_emb_dim64.h5', 'share_embedding': 'item_emb', 'splitter': '^', 'type': 'sequence'}, {'active': True, 'dtype': 'str', 'embedding_dim': 64, 'max_len': 100, 'min_categr_count': 1, 'name': 'neg_items_emb', 'padding': 'pre', 'preprocess': 'copy_from(neg_items)', 'pretrained_emb': '../../../data/KuaiVideo_x1/item_visual_emb_dim64.h5', 'share_embedding': 'item_emb', 'splitter': '^', 'type': 'sequence'}]",
    "feature_config": "None",
    "feature_specs": "None",
    "gpu": "1",
    "group_id": "None",
    "label_col": "{'dtype': 'float', 'name': 'is_click'}",
    "learning_rate": "0.001",
    "loss": "binary_crossentropy",
    "metrics": "['logloss', 'AUC']",
    "min_categr_count": "10",
    "mlep_hidden_units": "[480, 480, 480]",
    "mlp_hidden_units": "[400, 400]",
    "model": "SimCEN_MLP",
    "model_id": "SimCEN_MLP_kuaivideo_x1_015_85bb25a5",
    "model_root": "./checkpoints/",
    "monitor": "{'AUC': 1, 'logloss': -1}",
    "monitor_mode": "max",
    "net_regularizer": "0",
    "num_workers": "6",
    "optimizer": "adam",
    "pickle_feature_encoder": "True",
    "save_best_only": "True",
    "seed": "2023",
    "shuffle": "True",
    "task": "binary_classification",
    "test_data": "../../../data/KuaiVideo_x1/test.csv",
    "through_dropout": "0.1",
    "train_data": "../../../data/KuaiVideo_x1/train.csv",
    "use_features": "None",
    "v1_batch_norm": "True",
    "v1_dropout": "0.2",
    "v1_hidden_activations": "mish",
    "v2_batch_norm": "True",
    "v2_dropout": "0.3",
    "v2_hidden_activations": "gelu",
    "valid_data": "../../../data/KuaiVideo_x1/test.csv",
    "verbose": "1"
}
2024-04-01 20:05:53,611 P2984681 INFO Set up feature processor...
2024-04-01 20:05:53,611 P2984681 WARNING Skip rebuilding ../../../data/KuaiShou/kuaivideo_x1/feature_map.json. Please delete it manually if rebuilding is required.
2024-04-01 20:05:53,611 P2984681 INFO Load feature_map from json: ../../../data/KuaiShou/kuaivideo_x1/feature_map.json
2024-04-01 20:05:53,612 P2984681 INFO Set column index...
2024-04-01 20:05:53,612 P2984681 INFO Feature specs: {
    "group_id": "{'type': 'meta'}",
    "item_emb": "{'source': '', 'type': 'categorical', 'embedding_dim': 64, 'pretrained_emb': 'pretrained_emb.h5', 'freeze_emb': True, 'padding_idx': 0, 'oov_idx': 3242316, 'vocab_size': 3242317}",
    "item_id": "{'source': '', 'type': 'categorical', 'padding_idx': 0, 'oov_idx': 632405, 'vocab_size': 632406}",
    "neg_items": "{'source': '', 'type': 'sequence', 'feature_encoder': 'layers.MaskedAveragePooling()', 'share_embedding': 'item_id', 'padding_idx': 0, 'oov_idx': 632405, 'vocab_size': 632406, 'max_len': 100}",
    "neg_items_emb": "{'source': '', 'type': 'sequence', 'feature_encoder': 'layers.MaskedAveragePooling()', 'embedding_dim': 64, 'share_embedding': 'item_emb', 'padding_idx': 0, 'oov_idx': 3242316, 'vocab_size': 3242317, 'max_len': 100}",
    "pos_items": "{'source': '', 'type': 'sequence', 'feature_encoder': 'layers.MaskedAveragePooling()', 'share_embedding': 'item_id', 'padding_idx': 0, 'oov_idx': 632405, 'vocab_size': 632406, 'max_len': 100}",
    "pos_items_emb": "{'source': '', 'type': 'sequence', 'feature_encoder': 'layers.MaskedAveragePooling()', 'embedding_dim': 64, 'share_embedding': 'item_emb', 'padding_idx': 0, 'oov_idx': 3242316, 'vocab_size': 3242317, 'max_len': 100}",
    "user_id": "{'source': '', 'type': 'categorical', 'padding_idx': 0, 'oov_idx': 10001, 'vocab_size': 10002}"
}
2024-04-01 20:06:07,637 P2984681 INFO Total number of parameters: 42674738.
2024-04-01 20:06:07,638 P2984681 INFO Loading data...
2024-04-01 20:06:07,638 P2984681 INFO Loading data from h5: ../../../data/KuaiShou/kuaivideo_x1/train.h5
2024-04-01 20:07:02,065 P2984681 INFO Train samples: total/10931092, blocks/1
2024-04-01 20:07:02,065 P2984681 INFO Loading data from h5: ../../../data/KuaiShou/kuaivideo_x1/valid.h5
2024-04-01 20:07:07,997 P2984681 INFO Validation samples: total/2730291, blocks/1
2024-04-01 20:07:07,997 P2984681 INFO Loading train and validation data done.
2024-04-01 20:07:07,997 P2984681 INFO Start training: 1094 batches/epoch
2024-04-01 20:07:07,997 P2984681 INFO ************ Epoch=1 start ************
2024-04-01 20:08:13,072 P2984681 INFO Train loss: 0.539509
2024-04-01 20:08:13,073 P2984681 INFO Evaluation @epoch 1 - batch 1094: 
2024-04-01 20:08:26,074 P2984681 INFO ===
2024-04-01 20:08:26,075 P2984681 INFO [Metrics] AUC: 0.721738 - logloss: 0.444126
2024-04-01 20:08:26,082 P2984681 INFO Save best model: monitor(max)=0.277613
2024-04-01 20:08:28,437 P2984681 INFO ************ Epoch=1 end ************
2024-04-01 20:09:33,300 P2984681 INFO Train loss: 0.522698
2024-04-01 20:09:33,300 P2984681 INFO Evaluation @epoch 2 - batch 1094: 
2024-04-01 20:09:46,037 P2984681 INFO ===
2024-04-01 20:09:46,037 P2984681 INFO [Metrics] AUC: 0.729916 - logloss: 0.439035
2024-04-01 20:09:46,038 P2984681 INFO Save best model: monitor(max)=0.290882
2024-04-01 20:09:51,959 P2984681 INFO ************ Epoch=2 end ************
2024-04-01 20:10:58,526 P2984681 INFO Train loss: 0.520307
2024-04-01 20:10:58,526 P2984681 INFO Evaluation @epoch 3 - batch 1094: 
2024-04-01 20:11:11,409 P2984681 INFO ===
2024-04-01 20:11:11,409 P2984681 INFO [Metrics] AUC: 0.732998 - logloss: 0.438023
2024-04-01 20:11:11,417 P2984681 INFO Save best model: monitor(max)=0.294976
2024-04-01 20:11:18,267 P2984681 INFO ************ Epoch=3 end ************
2024-04-01 20:12:25,103 P2984681 INFO Train loss: 0.517781
2024-04-01 20:12:25,103 P2984681 INFO Evaluation @epoch 4 - batch 1094: 
2024-04-01 20:12:41,236 P2984681 INFO ===
2024-04-01 20:12:41,236 P2984681 INFO [Metrics] AUC: 0.736495 - logloss: 0.434932
2024-04-01 20:12:41,237 P2984681 INFO Save best model: monitor(max)=0.301563
2024-04-01 20:12:47,796 P2984681 INFO ************ Epoch=4 end ************
2024-04-01 20:13:53,435 P2984681 INFO Train loss: 0.516886
2024-04-01 20:13:53,436 P2984681 INFO Evaluation @epoch 5 - batch 1094: 
2024-04-01 20:14:06,120 P2984681 INFO ===
2024-04-01 20:14:06,120 P2984681 INFO [Metrics] AUC: 0.737846 - logloss: 0.435907
2024-04-01 20:14:06,129 P2984681 INFO Save best model: monitor(max)=0.301939
2024-04-01 20:14:13,199 P2984681 INFO ************ Epoch=5 end ************
2024-04-01 20:15:23,117 P2984681 INFO Train loss: 0.516273
2024-04-01 20:15:23,118 P2984681 INFO Evaluation @epoch 6 - batch 1094: 
2024-04-01 20:15:35,982 P2984681 INFO ===
2024-04-01 20:15:35,983 P2984681 INFO [Metrics] AUC: 0.739353 - logloss: 0.434250
2024-04-01 20:15:35,983 P2984681 INFO Save best model: monitor(max)=0.305102
2024-04-01 20:15:42,494 P2984681 INFO ************ Epoch=6 end ************
2024-04-01 20:16:51,128 P2984681 INFO Train loss: 0.515614
2024-04-01 20:16:51,129 P2984681 INFO Evaluation @epoch 7 - batch 1094: 
2024-04-01 20:17:01,237 P2984681 INFO ===
2024-04-01 20:17:01,237 P2984681 INFO [Metrics] AUC: 0.741199 - logloss: 0.434083
2024-04-01 20:17:01,238 P2984681 INFO Save best model: monitor(max)=0.307116
2024-04-01 20:17:06,910 P2984681 INFO ************ Epoch=7 end ************
2024-04-01 20:18:08,607 P2984681 INFO Train loss: 0.515607
2024-04-01 20:18:08,608 P2984681 INFO Evaluation @epoch 8 - batch 1094: 
2024-04-01 20:18:24,459 P2984681 INFO ===
2024-04-01 20:18:24,459 P2984681 INFO [Metrics] AUC: 0.739573 - logloss: 0.434314
2024-04-01 20:18:24,460 P2984681 INFO Monitor(max)=0.305260 STOP!
2024-04-01 20:18:24,460 P2984681 INFO Reduce learning rate on plateau: 0.000100
2024-04-01 20:18:24,599 P2984681 INFO ************ Epoch=8 end ************
2024-04-01 20:19:32,821 P2984681 INFO Train loss: 0.489662
2024-04-01 20:19:32,822 P2984681 INFO Evaluation @epoch 9 - batch 1094: 
2024-04-01 20:19:50,589 P2984681 INFO ===
2024-04-01 20:19:50,590 P2984681 INFO [Metrics] AUC: 0.746619 - logloss: 0.433176
2024-04-01 20:19:50,590 P2984681 INFO Save best model: monitor(max)=0.313443
2024-04-01 20:19:56,602 P2984681 INFO ************ Epoch=9 end ************
2024-04-01 20:21:03,546 P2984681 INFO Train loss: 0.482560
2024-04-01 20:21:03,547 P2984681 INFO Evaluation @epoch 10 - batch 1094: 
2024-04-01 20:21:18,252 P2984681 INFO ===
2024-04-01 20:21:18,252 P2984681 INFO [Metrics] AUC: 0.748110 - logloss: 0.432162
2024-04-01 20:21:18,257 P2984681 INFO Save best model: monitor(max)=0.315947
2024-04-01 20:21:24,273 P2984681 INFO ************ Epoch=10 end ************
2024-04-01 20:22:32,430 P2984681 INFO Train loss: 0.477670
2024-04-01 20:22:32,431 P2984681 INFO Evaluation @epoch 11 - batch 1094: 
2024-04-01 20:22:51,707 P2984681 INFO ===
2024-04-01 20:22:51,707 P2984681 INFO [Metrics] AUC: 0.746652 - logloss: 0.433771
2024-04-01 20:22:51,707 P2984681 INFO Monitor(max)=0.312881 STOP!
2024-04-01 20:22:51,707 P2984681 INFO Reduce learning rate on plateau: 0.000010
2024-04-01 20:22:51,828 P2984681 INFO ************ Epoch=11 end ************
2024-04-01 20:23:56,340 P2984681 INFO Train loss: 0.435587
2024-04-01 20:23:56,340 P2984681 INFO Evaluation @epoch 12 - batch 1094: 
2024-04-01 20:24:11,096 P2984681 INFO ===
2024-04-01 20:24:11,096 P2984681 INFO [Metrics] AUC: 0.736120 - logloss: 0.461766
2024-04-01 20:24:11,100 P2984681 INFO Monitor(max)=0.274354 STOP!
2024-04-01 20:24:11,100 P2984681 INFO Reduce learning rate on plateau: 0.000001
2024-04-01 20:24:11,100 P2984681 INFO ********* Epoch==12 early stop *********
2024-04-01 20:24:11,243 P2984681 INFO Training finished.
2024-04-01 20:24:11,243 P2984681 INFO Load best model: /mnt/public/lhh/code/model_zoo/SimCEN/SimCEN_torch/checkpoints/kuaivideo_x1/SimCEN_MLP_kuaivideo_x1_015_85bb25a5.model
2024-04-01 20:24:12,124 P2984681 INFO ****** Validation evaluation ******
2024-04-01 20:24:25,556 P2984681 INFO ===
2024-04-01 20:24:25,557 P2984681 INFO [Metrics] logloss: 0.432162 - AUC: 0.748110
2024-04-01 20:24:25,706 P2984681 INFO ******** Test evaluation ********
2024-04-01 20:24:25,706 P2984681 INFO Loading data...
2024-04-01 20:24:25,706 P2984681 INFO Loading data from h5: ../../../data/KuaiShou/kuaivideo_x1/test.h5
2024-04-01 20:24:32,271 P2984681 INFO Test samples: total/2730291, blocks/1
2024-04-01 20:24:32,271 P2984681 INFO Loading test data done.
2024-04-01 20:24:45,303 P2984681 INFO ===
2024-04-01 20:24:45,303 P2984681 INFO [Metrics] logloss: 0.432162 - AUC: 0.748110
