2024-04-01 17:32:24,540 P2527780 INFO Params: {
    "alpha": "0.01",
    "batch_size": "10000",
    "cl_temperature": "0.3",
    "data_format": "csv",
    "data_root": "../../../data/KuaiShou/",
    "dataset_id": "kuaivideo_x1",
    "debug_mode": "False",
    "early_stop_patience": "2",
    "ego_batch_norm": "True",
    "ego_dropout": "0.1",
    "ego_hidden_activations": "relu",
    "embedding_dim": "64",
    "embedding_regularizer": "0.0005",
    "epochs": "100",
    "eval_steps": "None",
    "feature_cols": "[{'active': True, 'dtype': 'int', 'name': 'group_id', 'preprocess': 'copy_from(user_id)', 'remap': False, 'type': 'meta'}, {'active': True, 'dtype': 'str', 'name': 'user_id', 'type': 'categorical'}, {'active': True, 'dtype': 'str', 'name': 'item_id', 'type': 'categorical'}, {'active': True, 'dtype': 'str', 'embedding_dim': 64, 'min_categr_count': 1, 'name': 'item_emb', 'preprocess': 'copy_from(item_id)', 'pretrained_emb': '../../../data/KuaiVideo_x1/item_visual_emb_dim64.h5', 'type': 'categorical'}, {'active': True, 'dtype': 'str', 'max_len': 100, 'name': 'pos_items', 'padding': 'pre', 'share_embedding': 'item_id', 'splitter': '^', 'type': 'sequence'}, {'active': True, 'dtype': 'str', 'max_len': 100, 'name': 'neg_items', 'padding': 'pre', 'share_embedding': 'item_id', 'splitter': '^', 'type': 'sequence'}, {'active': True, 'dtype': 'str', 'embedding_dim': 64, 'max_len': 100, 'min_categr_count': 1, 'name': 'pos_items_emb', 'padding': 'pre', 'preprocess': 'copy_from(pos_items)', 'pretrained_emb': '../../../data/KuaiVideo_x1/item_visual_emb_dim64.h5', 'share_embedding': 'item_emb', 'splitter': '^', 'type': 'sequence'}, {'active': True, 'dtype': 'str', 'embedding_dim': 64, 'max_len': 100, 'min_categr_count': 1, 'name': 'neg_items_emb', 'padding': 'pre', 'preprocess': 'copy_from(neg_items)', 'pretrained_emb': '../../../data/KuaiVideo_x1/item_visual_emb_dim64.h5', 'share_embedding': 'item_emb', 'splitter': '^', 'type': 'sequence'}]",
    "feature_config": "None",
    "feature_specs": "None",
    "gpu": "3",
    "group_id": "None",
    "hidden_units": "[480, 480, 480]",
    "label_col": "{'dtype': 'float', 'name': 'is_click'}",
    "learning_rate": "0.001",
    "loss": "binary_crossentropy",
    "metrics": "['logloss', 'AUC']",
    "min_categr_count": "10",
    "model": "SimCEN",
    "model_id": "SimCEN_kuaivideo_x1_039_2917e106",
    "model_root": "./checkpoints/",
    "monitor": "{'AUC': 1, 'logloss': -1}",
    "monitor_mode": "max",
    "net_regularizer": "0",
    "num_workers": "6",
    "optimizer": "adam",
    "pickle_feature_encoder": "True",
    "save_best_only": "True",
    "seed": "2023",
    "shuffle": "True",
    "task": "binary_classification",
    "test_data": "../../../data/KuaiVideo_x1/test.csv",
    "through_dropout": "0.1",
    "train_data": "../../../data/KuaiVideo_x1/train.csv",
    "use_features": "None",
    "v1_batch_norm": "True",
    "v1_dropout": "0.3",
    "v1_hidden_activations": "mish",
    "v2_batch_norm": "True",
    "v2_dropout": "0.1",
    "v2_hidden_activations": "gelu",
    "valid_data": "../../../data/KuaiVideo_x1/test.csv",
    "verbose": "1"
}
2024-04-01 17:32:24,541 P2527780 INFO Set up feature processor...
2024-04-01 17:32:24,541 P2527780 WARNING Skip rebuilding ../../../data/KuaiShou/kuaivideo_x1/feature_map.json. Please delete it manually if rebuilding is required.
2024-04-01 17:32:24,541 P2527780 INFO Load feature_map from json: ../../../data/KuaiShou/kuaivideo_x1/feature_map.json
2024-04-01 17:32:24,541 P2527780 INFO Set column index...
2024-04-01 17:32:24,541 P2527780 INFO Feature specs: {
    "group_id": "{'type': 'meta'}",
    "item_emb": "{'source': '', 'type': 'categorical', 'embedding_dim': 64, 'pretrained_emb': 'pretrained_emb.h5', 'freeze_emb': True, 'padding_idx': 0, 'oov_idx': 3242316, 'vocab_size': 3242317}",
    "item_id": "{'source': '', 'type': 'categorical', 'padding_idx': 0, 'oov_idx': 632405, 'vocab_size': 632406}",
    "neg_items": "{'source': '', 'type': 'sequence', 'feature_encoder': 'layers.MaskedAveragePooling()', 'share_embedding': 'item_id', 'padding_idx': 0, 'oov_idx': 632405, 'vocab_size': 632406, 'max_len': 100}",
    "neg_items_emb": "{'source': '', 'type': 'sequence', 'feature_encoder': 'layers.MaskedAveragePooling()', 'embedding_dim': 64, 'share_embedding': 'item_emb', 'padding_idx': 0, 'oov_idx': 3242316, 'vocab_size': 3242317, 'max_len': 100}",
    "pos_items": "{'source': '', 'type': 'sequence', 'feature_encoder': 'layers.MaskedAveragePooling()', 'share_embedding': 'item_id', 'padding_idx': 0, 'oov_idx': 632405, 'vocab_size': 632406, 'max_len': 100}",
    "pos_items_emb": "{'source': '', 'type': 'sequence', 'feature_encoder': 'layers.MaskedAveragePooling()', 'embedding_dim': 64, 'share_embedding': 'item_emb', 'padding_idx': 0, 'oov_idx': 3242316, 'vocab_size': 3242317, 'max_len': 100}",
    "user_id": "{'source': '', 'type': 'categorical', 'padding_idx': 0, 'oov_idx': 10001, 'vocab_size': 10002}"
}
2024-04-01 17:32:31,883 P2527780 INFO Total number of parameters: 42332737.
2024-04-01 17:32:31,884 P2527780 INFO Loading data...
2024-04-01 17:32:31,884 P2527780 INFO Loading data from h5: ../../../data/KuaiShou/kuaivideo_x1/train.h5
2024-04-01 17:32:59,224 P2527780 INFO Train samples: total/10931092, blocks/1
2024-04-01 17:32:59,224 P2527780 INFO Loading data from h5: ../../../data/KuaiShou/kuaivideo_x1/valid.h5
2024-04-01 17:33:08,978 P2527780 INFO Validation samples: total/2730291, blocks/1
2024-04-01 17:33:08,978 P2527780 INFO Loading train and validation data done.
2024-04-01 17:33:08,978 P2527780 INFO Start training: 1094 batches/epoch
2024-04-01 17:33:08,978 P2527780 INFO ************ Epoch=1 start ************
2024-04-01 17:34:13,958 P2527780 INFO Train loss: 0.556617
2024-04-01 17:34:13,958 P2527780 INFO Evaluation @epoch 1 - batch 1094: 
2024-04-01 17:34:28,964 P2527780 INFO ===
2024-04-01 17:34:28,965 P2527780 INFO [Metrics] AUC: 0.718154 - logloss: 0.448961
2024-04-01 17:34:28,971 P2527780 INFO Save best model: monitor(max)=0.269193
2024-04-01 17:34:31,082 P2527780 INFO ************ Epoch=1 end ************
2024-04-01 17:35:36,444 P2527780 INFO Train loss: 0.529135
2024-04-01 17:35:36,444 P2527780 INFO Evaluation @epoch 2 - batch 1094: 
2024-04-01 17:35:54,914 P2527780 INFO ===
2024-04-01 17:35:54,915 P2527780 INFO [Metrics] AUC: 0.728060 - logloss: 0.440737
2024-04-01 17:35:54,922 P2527780 INFO Save best model: monitor(max)=0.287324
2024-04-01 17:36:00,936 P2527780 INFO ************ Epoch=2 end ************
2024-04-01 17:37:01,306 P2527780 INFO Train loss: 0.522988
2024-04-01 17:37:01,314 P2527780 INFO Evaluation @epoch 3 - batch 1094: 
2024-04-01 17:37:12,748 P2527780 INFO ===
2024-04-01 17:37:12,748 P2527780 INFO [Metrics] AUC: 0.732622 - logloss: 0.439731
2024-04-01 17:37:12,755 P2527780 INFO Save best model: monitor(max)=0.292891
2024-04-01 17:37:19,238 P2527780 INFO ************ Epoch=3 end ************
2024-04-01 17:38:20,644 P2527780 INFO Train loss: 0.522566
2024-04-01 17:38:20,644 P2527780 INFO Evaluation @epoch 4 - batch 1094: 
2024-04-01 17:38:34,224 P2527780 INFO ===
2024-04-01 17:38:34,225 P2527780 INFO [Metrics] AUC: 0.737216 - logloss: 0.436569
2024-04-01 17:38:34,229 P2527780 INFO Save best model: monitor(max)=0.300647
2024-04-01 17:38:39,992 P2527780 INFO ************ Epoch=4 end ************
2024-04-01 17:39:49,761 P2527780 INFO Train loss: 0.521973
2024-04-01 17:39:49,761 P2527780 INFO Evaluation @epoch 5 - batch 1094: 
2024-04-01 17:40:02,313 P2527780 INFO ===
2024-04-01 17:40:02,313 P2527780 INFO [Metrics] AUC: 0.732497 - logloss: 0.441702
2024-04-01 17:40:02,314 P2527780 INFO Monitor(max)=0.290795 STOP!
2024-04-01 17:40:02,314 P2527780 INFO Reduce learning rate on plateau: 0.000100
2024-04-01 17:40:02,455 P2527780 INFO ************ Epoch=5 end ************
2024-04-01 17:41:04,811 P2527780 INFO Train loss: 0.492336
2024-04-01 17:41:04,812 P2527780 INFO Evaluation @epoch 6 - batch 1094: 
2024-04-01 17:41:18,082 P2527780 INFO ===
2024-04-01 17:41:18,083 P2527780 INFO [Metrics] AUC: 0.746568 - logloss: 0.432905
2024-04-01 17:41:18,091 P2527780 INFO Save best model: monitor(max)=0.313663
2024-04-01 17:41:24,650 P2527780 INFO ************ Epoch=6 end ************
2024-04-01 17:42:26,571 P2527780 INFO Train loss: 0.484747
2024-04-01 17:42:26,571 P2527780 INFO Evaluation @epoch 7 - batch 1094: 
2024-04-01 17:42:38,232 P2527780 INFO ===
2024-04-01 17:42:38,232 P2527780 INFO [Metrics] AUC: 0.747757 - logloss: 0.431531
2024-04-01 17:42:38,237 P2527780 INFO Save best model: monitor(max)=0.316226
2024-04-01 17:42:44,452 P2527780 INFO ************ Epoch=7 end ************
2024-04-01 17:43:51,349 P2527780 INFO Train loss: 0.481022
2024-04-01 17:43:51,350 P2527780 INFO Evaluation @epoch 8 - batch 1094: 
2024-04-01 17:44:04,687 P2527780 INFO ===
2024-04-01 17:44:04,687 P2527780 INFO [Metrics] AUC: 0.746312 - logloss: 0.436707
2024-04-01 17:44:04,692 P2527780 INFO Monitor(max)=0.309606 STOP!
2024-04-01 17:44:04,692 P2527780 INFO Reduce learning rate on plateau: 0.000010
2024-04-01 17:44:04,839 P2527780 INFO ************ Epoch=8 end ************
2024-04-01 17:45:12,005 P2527780 INFO Train loss: 0.423705
2024-04-01 17:45:12,005 P2527780 INFO Evaluation @epoch 9 - batch 1094: 
2024-04-01 17:45:24,064 P2527780 INFO ===
2024-04-01 17:45:24,064 P2527780 INFO [Metrics] AUC: 0.735114 - logloss: 0.469527
2024-04-01 17:45:24,070 P2527780 INFO Monitor(max)=0.265587 STOP!
2024-04-01 17:45:24,070 P2527780 INFO Reduce learning rate on plateau: 0.000001
2024-04-01 17:45:24,070 P2527780 INFO ********* Epoch==9 early stop *********
2024-04-01 17:45:24,256 P2527780 INFO Training finished.
2024-04-01 17:45:24,257 P2527780 INFO Load best model: /mnt/public/lhh/code/model_zoo/SimCEN/SimCEN_torch/checkpoints/kuaivideo_x1/SimCEN_kuaivideo_x1_039_2917e106.model
2024-04-01 17:45:25,279 P2527780 INFO ****** Validation evaluation ******
2024-04-01 17:45:42,153 P2527780 INFO ===
2024-04-01 17:45:42,153 P2527780 INFO [Metrics] logloss: 0.431531 - AUC: 0.747757
2024-04-01 17:45:42,293 P2527780 INFO ******** Test evaluation ********
2024-04-01 17:45:42,293 P2527780 INFO Loading data...
2024-04-01 17:45:42,293 P2527780 INFO Loading data from h5: ../../../data/KuaiShou/kuaivideo_x1/test.h5
2024-04-01 17:45:48,471 P2527780 INFO Test samples: total/2730291, blocks/1
2024-04-01 17:45:48,472 P2527780 INFO Loading test data done.
2024-04-01 17:45:59,696 P2527780 INFO ===
2024-04-01 17:45:59,697 P2527780 INFO [Metrics] logloss: 0.431531 - AUC: 0.747757
