2023-11-10 13:39:00,032 P277797 INFO Params: {
    "alpha": "0.01",
    "batch_size": "10000",
    "cl_temperature": "0.4",
    "crossing_layers": "1",
    "data_format": "h5",
    "data_root": "../../../data/",
    "dataset_id": "Frappe_x1_h5",
    "debug_mode": "False",
    "early_stop_patience": "2",
    "ego_batch_norm": "True",
    "ego_dropout": "0.1",
    "ego_hidden_activations": "relu",
    "embedding_dim": "16",
    "embedding_regularizer": "0.05",
    "epochs": "100",
    "eval_steps": "None",
    "feature_cols": "[{'active': True, 'dtype': 'float', 'name': ['user', 'item', 'daytime', 'weekday', 'isweekend', 'homework', 'cost', 'weather', 'country', 'city'], 'type': 'categorical'}]",
    "feature_config": "None",
    "feature_specs": "None",
    "gpu": "0",
    "group_id": "None",
    "hidden_units": "[480, 480, 480]",
    "label_col": "{'dtype': 'float', 'name': 'label'}",
    "learning_rate": "0.001",
    "loss": "binary_crossentropy",
    "metrics": "['logloss', 'AUC']",
    "min_categr_count": "2",
    "model": "SimCEN_DCN",
    "model_id": "SimCEN_DCN_Frappe_x1_h5_008_94ac9ca5",
    "model_root": "./checkpoints/",
    "monitor": "{'AUC': 1, 'logloss': -1}",
    "monitor_mode": "max",
    "net_regularizer": "0",
    "num_workers": "4",
    "optimizer": "adam",
    "pickle_feature_encoder": "True",
    "save_best_only": "True",
    "seed": "2023",
    "shuffle": "True",
    "task": "binary_classification",
    "test_data": "../../../data/Frappe_x1_h5/test.h5",
    "through_dropout": "0",
    "train_data": "../../../data/Frappe_x1_h5/train.h5",
    "use_features": "None",
    "v1_batch_norm": "True",
    "v1_dropout": "0.2",
    "v1_hidden_activations": "mish",
    "v2_batch_norm": "True",
    "v2_dropout": "0.1",
    "v2_hidden_activations": "gelu",
    "valid_data": "../../../data/Frappe_x1_h5/valid.h5",
    "verbose": "1"
}
2023-11-10 13:39:00,033 P277797 INFO Load feature_map from json: ../../../data/Frappe_x1_h5/feature_map.json
2023-11-10 13:39:00,033 P277797 INFO Set column index...
2023-11-10 13:39:00,033 P277797 INFO Feature specs: {
    "city": "{'source': '', 'type': 'categorical', 'padding_idx': 0, 'oov_idx': 232, 'vocab_size': 233}",
    "cost": "{'source': '', 'type': 'categorical', 'padding_idx': 0, 'oov_idx': 3, 'vocab_size': 4}",
    "country": "{'source': '', 'type': 'categorical', 'padding_idx': 0, 'oov_idx': 81, 'vocab_size': 82}",
    "daytime": "{'source': '', 'type': 'categorical', 'padding_idx': 0, 'oov_idx': 8, 'vocab_size': 9}",
    "homework": "{'source': '', 'type': 'categorical', 'padding_idx': 0, 'oov_idx': 4, 'vocab_size': 5}",
    "isweekend": "{'source': '', 'type': 'categorical', 'padding_idx': 0, 'oov_idx': 3, 'vocab_size': 4}",
    "item": "{'source': '', 'type': 'categorical', 'padding_idx': 0, 'oov_idx': 4083, 'vocab_size': 4084}",
    "user": "{'source': '', 'type': 'categorical', 'padding_idx': 0, 'oov_idx': 941, 'vocab_size': 942}",
    "weather": "{'source': '', 'type': 'categorical', 'padding_idx': 0, 'oov_idx': 10, 'vocab_size': 11}",
    "weekday": "{'source': '', 'type': 'categorical', 'padding_idx': 0, 'oov_idx': 8, 'vocab_size': 9}"
}
2023-11-10 13:39:03,835 P277797 INFO Total number of parameters: 879186.
2023-11-10 13:39:03,835 P277797 INFO Loading data...
2023-11-10 13:39:03,835 P277797 INFO Loading data from h5: ../../../data/Frappe_x1_h5/train.h5
2023-11-10 13:39:03,852 P277797 INFO Train samples: total/202027, blocks/1
2023-11-10 13:39:03,852 P277797 INFO Loading data from h5: ../../../data/Frappe_x1_h5/valid.h5
2023-11-10 13:39:03,855 P277797 INFO Validation samples: total/57722, blocks/1
2023-11-10 13:39:03,855 P277797 INFO Loading train and validation data done.
2023-11-10 13:39:03,856 P277797 INFO Start training: 21 batches/epoch
2023-11-10 13:39:03,856 P277797 INFO ************ Epoch=1 start ************
2023-11-10 13:39:05,585 P277797 INFO Train loss: 0.536660
2023-11-10 13:39:05,585 P277797 INFO Evaluation @epoch 1 - batch 21: 
2023-11-10 13:39:07,075 P277797 INFO ===
2023-11-10 13:39:07,075 P277797 INFO [Metrics] AUC: 0.921695 - logloss: 0.627479
2023-11-10 13:39:07,075 P277797 INFO Save best model: monitor(max)=0.294217
2023-11-10 13:39:07,259 P277797 INFO ************ Epoch=1 end ************
2023-11-10 13:39:08,955 P277797 INFO Train loss: 0.377580
2023-11-10 13:39:08,955 P277797 INFO Evaluation @epoch 2 - batch 21: 
2023-11-10 13:39:10,336 P277797 INFO ===
2023-11-10 13:39:10,336 P277797 INFO [Metrics] AUC: 0.927403 - logloss: 0.600888
2023-11-10 13:39:10,337 P277797 INFO Save best model: monitor(max)=0.326515
2023-11-10 13:39:10,486 P277797 INFO ************ Epoch=2 end ************
2023-11-10 13:39:12,306 P277797 INFO Train loss: 0.308180
2023-11-10 13:39:12,306 P277797 INFO Evaluation @epoch 3 - batch 21: 
2023-11-10 13:39:13,620 P277797 INFO ===
2023-11-10 13:39:13,620 P277797 INFO [Metrics] AUC: 0.935072 - logloss: 0.538167
2023-11-10 13:39:13,620 P277797 INFO Save best model: monitor(max)=0.396905
2023-11-10 13:39:13,761 P277797 INFO ************ Epoch=3 end ************
2023-11-10 13:39:15,507 P277797 INFO Train loss: 0.267493
2023-11-10 13:39:15,508 P277797 INFO Evaluation @epoch 4 - batch 21: 
2023-11-10 13:39:16,925 P277797 INFO ===
2023-11-10 13:39:16,925 P277797 INFO [Metrics] AUC: 0.968161 - logloss: 0.334812
2023-11-10 13:39:16,925 P277797 INFO Save best model: monitor(max)=0.633349
2023-11-10 13:39:17,109 P277797 INFO ************ Epoch=4 end ************
2023-11-10 13:39:19,018 P277797 INFO Train loss: 0.245188
2023-11-10 13:39:19,018 P277797 INFO Evaluation @epoch 5 - batch 21: 
2023-11-10 13:39:20,365 P277797 INFO ===
2023-11-10 13:39:20,365 P277797 INFO [Metrics] AUC: 0.979778 - logloss: 0.167370
2023-11-10 13:39:20,366 P277797 INFO Save best model: monitor(max)=0.812408
2023-11-10 13:39:20,529 P277797 INFO ************ Epoch=5 end ************
2023-11-10 13:39:22,314 P277797 INFO Train loss: 0.230294
2023-11-10 13:39:22,315 P277797 INFO Evaluation @epoch 6 - batch 21: 
2023-11-10 13:39:23,625 P277797 INFO ===
2023-11-10 13:39:23,626 P277797 INFO [Metrics] AUC: 0.981117 - logloss: 0.166872
2023-11-10 13:39:23,626 P277797 INFO Save best model: monitor(max)=0.814246
2023-11-10 13:39:23,780 P277797 INFO ************ Epoch=6 end ************
2023-11-10 13:39:25,651 P277797 INFO Train loss: 0.219928
2023-11-10 13:39:25,652 P277797 INFO Evaluation @epoch 7 - batch 21: 
2023-11-10 13:39:26,981 P277797 INFO ===
2023-11-10 13:39:26,981 P277797 INFO [Metrics] AUC: 0.981495 - logloss: 0.174085
2023-11-10 13:39:26,982 P277797 INFO Monitor(max)=0.807409 STOP!
2023-11-10 13:39:26,982 P277797 INFO Reduce learning rate on plateau: 0.000100
2023-11-10 13:39:27,144 P277797 INFO ************ Epoch=7 end ************
2023-11-10 13:39:28,853 P277797 INFO Train loss: 0.190200
2023-11-10 13:39:28,853 P277797 INFO Evaluation @epoch 8 - batch 21: 
2023-11-10 13:39:30,238 P277797 INFO ===
2023-11-10 13:39:30,238 P277797 INFO [Metrics] AUC: 0.984088 - logloss: 0.150386
2023-11-10 13:39:30,238 P277797 INFO Save best model: monitor(max)=0.833701
2023-11-10 13:39:30,382 P277797 INFO ************ Epoch=8 end ************
2023-11-10 13:39:32,222 P277797 INFO Train loss: 0.176211
2023-11-10 13:39:32,222 P277797 INFO Evaluation @epoch 9 - batch 21: 
2023-11-10 13:39:33,588 P277797 INFO ===
2023-11-10 13:39:33,589 P277797 INFO [Metrics] AUC: 0.984701 - logloss: 0.147493
2023-11-10 13:39:33,589 P277797 INFO Save best model: monitor(max)=0.837209
2023-11-10 13:39:33,755 P277797 INFO ************ Epoch=9 end ************
2023-11-10 13:39:35,505 P277797 INFO Train loss: 0.166048
2023-11-10 13:39:35,505 P277797 INFO Evaluation @epoch 10 - batch 21: 
2023-11-10 13:39:36,901 P277797 INFO ===
2023-11-10 13:39:36,901 P277797 INFO [Metrics] AUC: 0.985051 - logloss: 0.147172
2023-11-10 13:39:36,901 P277797 INFO Save best model: monitor(max)=0.837880
2023-11-10 13:39:37,078 P277797 INFO ************ Epoch=10 end ************
2023-11-10 13:39:38,879 P277797 INFO Train loss: 0.159815
2023-11-10 13:39:38,880 P277797 INFO Evaluation @epoch 11 - batch 21: 
2023-11-10 13:39:40,292 P277797 INFO ===
2023-11-10 13:39:40,292 P277797 INFO [Metrics] AUC: 0.985032 - logloss: 0.148900
2023-11-10 13:39:40,292 P277797 INFO Monitor(max)=0.836132 STOP!
2023-11-10 13:39:40,293 P277797 INFO Reduce learning rate on plateau: 0.000010
2023-11-10 13:39:40,470 P277797 INFO ************ Epoch=11 end ************
2023-11-10 13:39:42,152 P277797 INFO Train loss: 0.154283
2023-11-10 13:39:42,152 P277797 INFO Evaluation @epoch 12 - batch 21: 
2023-11-10 13:39:43,357 P277797 INFO ===
2023-11-10 13:39:43,357 P277797 INFO [Metrics] AUC: 0.985046 - logloss: 0.152129
2023-11-10 13:39:43,357 P277797 INFO Monitor(max)=0.832917 STOP!
2023-11-10 13:39:43,357 P277797 INFO Reduce learning rate on plateau: 0.000001
2023-11-10 13:39:43,357 P277797 INFO ********* Epoch==12 early stop *********
2023-11-10 13:39:43,504 P277797 INFO Training finished.
2023-11-10 13:39:43,504 P277797 INFO Load best model: /root/autodl-tmp/model_zoo/SimCEN/SimCEN_torch/checkpoints/Frappe_x1_h5/SimCEN_DCN_Frappe_x1_h5_008_94ac9ca5.model
2023-11-10 13:39:43,515 P277797 INFO ****** Validation evaluation ******
2023-11-10 13:39:44,785 P277797 INFO ===
2023-11-10 13:39:44,785 P277797 INFO [Metrics] logloss: 0.147172 - AUC: 0.985051
2023-11-10 13:39:44,820 P277797 INFO ******** Test evaluation ********
2023-11-10 13:39:44,820 P277797 INFO Loading data...
2023-11-10 13:39:44,820 P277797 INFO Loading data from h5: ../../../data/Frappe_x1_h5/test.h5
2023-11-10 13:39:44,823 P277797 INFO Test samples: total/28860, blocks/1
2023-11-10 13:39:44,823 P277797 INFO Loading test data done.
2023-11-10 13:39:46,099 P277797 INFO ===
2023-11-10 13:39:46,099 P277797 INFO [Metrics] logloss: 0.150300 - AUC: 0.984344
