2023-11-13 19:05:46,479 P1189589 INFO Params: {
    "alpha": "0.01",
    "batch_size": "10000",
    "cl_temperature": "0.4",
    "data_format": "h5",
    "data_root": "../../../data/",
    "dataset_id": "Frappe_x1_h5",
    "debug_mode": "False",
    "early_stop_patience": "2",
    "ego_batch_norm": "True",
    "ego_dropout": "0.1",
    "ego_hidden_activations": "relu",
    "embedding_dim": "16",
    "embedding_regularizer": "0.05",
    "epochs": "100",
    "eval_steps": "None",
    "feature_cols": "[{'active': True, 'dtype': 'float', 'name': ['user', 'item', 'daytime', 'weekday', 'isweekend', 'homework', 'cost', 'weather', 'country', 'city'], 'type': 'categorical'}]",
    "feature_config": "None",
    "feature_specs": "None",
    "gpu": "2",
    "group_id": "None",
    "label_col": "{'dtype': 'float', 'name': 'label'}",
    "learning_rate": "0.001",
    "loss": "binary_crossentropy",
    "metrics": "['logloss', 'AUC']",
    "min_categr_count": "2",
    "mlep_hidden_units": "[480, 480, 480]",
    "mlp_hidden_units": "[800, 400]",
    "model": "SimCEN_MLP",
    "model_id": "SimCEN_MLP_Frappe_x1_h5_1628_cb106663",
    "model_root": "./checkpoints/",
    "monitor": "{'AUC': 1, 'logloss': -1}",
    "monitor_mode": "max",
    "net_regularizer": "0",
    "num_workers": "4",
    "optimizer": "adam",
    "pickle_feature_encoder": "True",
    "save_best_only": "True",
    "seed": "2023",
    "shuffle": "True",
    "task": "binary_classification",
    "test_data": "../../../data/Frappe_x1_h5/test.h5",
    "through_dropout": "0.1",
    "train_data": "../../../data/Frappe_x1_h5/train.h5",
    "use_features": "None",
    "v1_batch_norm": "True",
    "v1_dropout": "0.1",
    "v1_hidden_activations": "mish",
    "v2_batch_norm": "True",
    "v2_dropout": "0.2",
    "v2_hidden_activations": "gelu",
    "valid_data": "../../../data/Frappe_x1_h5/valid.h5",
    "verbose": "1"
}
2023-11-13 19:05:46,481 P1189589 INFO Load feature_map from json: ../../../data/Frappe_x1_h5/feature_map.json
2023-11-13 19:05:46,481 P1189589 INFO Set column index...
2023-11-13 19:05:46,482 P1189589 INFO Feature specs: {
    "city": "{'source': '', 'type': 'categorical', 'padding_idx': 0, 'oov_idx': 232, 'vocab_size': 233}",
    "cost": "{'source': '', 'type': 'categorical', 'padding_idx': 0, 'oov_idx': 3, 'vocab_size': 4}",
    "country": "{'source': '', 'type': 'categorical', 'padding_idx': 0, 'oov_idx': 81, 'vocab_size': 82}",
    "daytime": "{'source': '', 'type': 'categorical', 'padding_idx': 0, 'oov_idx': 8, 'vocab_size': 9}",
    "homework": "{'source': '', 'type': 'categorical', 'padding_idx': 0, 'oov_idx': 4, 'vocab_size': 5}",
    "isweekend": "{'source': '', 'type': 'categorical', 'padding_idx': 0, 'oov_idx': 3, 'vocab_size': 4}",
    "item": "{'source': '', 'type': 'categorical', 'padding_idx': 0, 'oov_idx': 4083, 'vocab_size': 4084}",
    "user": "{'source': '', 'type': 'categorical', 'padding_idx': 0, 'oov_idx': 941, 'vocab_size': 942}",
    "weather": "{'source': '', 'type': 'categorical', 'padding_idx': 0, 'oov_idx': 10, 'vocab_size': 11}",
    "weekday": "{'source': '', 'type': 'categorical', 'padding_idx': 0, 'oov_idx': 8, 'vocab_size': 9}"
}
2023-11-13 19:05:51,156 P1189589 INFO Total number of parameters: 1330706.
2023-11-13 19:05:51,157 P1189589 INFO Loading data...
2023-11-13 19:05:51,157 P1189589 INFO Loading data from h5: ../../../data/Frappe_x1_h5/train.h5
2023-11-13 19:05:51,188 P1189589 INFO Train samples: total/202027, blocks/1
2023-11-13 19:05:51,188 P1189589 INFO Loading data from h5: ../../../data/Frappe_x1_h5/valid.h5
2023-11-13 19:05:51,195 P1189589 INFO Validation samples: total/57722, blocks/1
2023-11-13 19:05:51,196 P1189589 INFO Loading train and validation data done.
2023-11-13 19:05:51,196 P1189589 INFO Start training: 21 batches/epoch
2023-11-13 19:05:51,196 P1189589 INFO ************ Epoch=1 start ************
2023-11-13 19:05:52,413 P1189589 INFO Train loss: 0.589776
2023-11-13 19:05:52,414 P1189589 INFO Evaluation @epoch 1 - batch 21: 
2023-11-13 19:05:53,196 P1189589 INFO ===
2023-11-13 19:05:53,197 P1189589 INFO [Metrics] AUC: 0.925048 - logloss: 0.670827
2023-11-13 19:05:53,197 P1189589 INFO Save best model: monitor(max)=0.254221
2023-11-13 19:05:53,381 P1189589 INFO ************ Epoch=1 end ************
2023-11-13 19:05:54,655 P1189589 INFO Train loss: 0.379199
2023-11-13 19:05:54,656 P1189589 INFO Evaluation @epoch 2 - batch 21: 
2023-11-13 19:05:55,216 P1189589 INFO ===
2023-11-13 19:05:55,216 P1189589 INFO [Metrics] AUC: 0.922069 - logloss: 0.594397
2023-11-13 19:05:55,216 P1189589 INFO Save best model: monitor(max)=0.327671
2023-11-13 19:05:55,354 P1189589 INFO ************ Epoch=2 end ************
2023-11-13 19:05:56,502 P1189589 INFO Train loss: 0.304163
2023-11-13 19:05:56,502 P1189589 INFO Evaluation @epoch 3 - batch 21: 
2023-11-13 19:05:57,058 P1189589 INFO ===
2023-11-13 19:05:57,058 P1189589 INFO [Metrics] AUC: 0.935245 - logloss: 0.536344
2023-11-13 19:05:57,059 P1189589 INFO Save best model: monitor(max)=0.398902
2023-11-13 19:05:57,222 P1189589 INFO ************ Epoch=3 end ************
2023-11-13 19:05:58,310 P1189589 INFO Train loss: 0.258117
2023-11-13 19:05:58,310 P1189589 INFO Evaluation @epoch 4 - batch 21: 
2023-11-13 19:05:58,892 P1189589 INFO ===
2023-11-13 19:05:58,892 P1189589 INFO [Metrics] AUC: 0.972050 - logloss: 0.356385
2023-11-13 19:05:58,892 P1189589 INFO Save best model: monitor(max)=0.615665
2023-11-13 19:05:59,057 P1189589 INFO ************ Epoch=4 end ************
2023-11-13 19:06:00,132 P1189589 INFO Train loss: 0.232350
2023-11-13 19:06:00,132 P1189589 INFO Evaluation @epoch 5 - batch 21: 
2023-11-13 19:06:00,751 P1189589 INFO ===
2023-11-13 19:06:00,752 P1189589 INFO [Metrics] AUC: 0.980505 - logloss: 0.169140
2023-11-13 19:06:00,752 P1189589 INFO Save best model: monitor(max)=0.811365
2023-11-13 19:06:00,883 P1189589 INFO ************ Epoch=5 end ************
2023-11-13 19:06:02,088 P1189589 INFO Train loss: 0.217684
2023-11-13 19:06:02,089 P1189589 INFO Evaluation @epoch 6 - batch 21: 
2023-11-13 19:06:02,700 P1189589 INFO ===
2023-11-13 19:06:02,700 P1189589 INFO [Metrics] AUC: 0.982446 - logloss: 0.168497
2023-11-13 19:06:02,700 P1189589 INFO Save best model: monitor(max)=0.813949
2023-11-13 19:06:02,862 P1189589 INFO ************ Epoch=6 end ************
2023-11-13 19:06:03,968 P1189589 INFO Train loss: 0.207178
2023-11-13 19:06:03,968 P1189589 INFO Evaluation @epoch 7 - batch 21: 
2023-11-13 19:06:04,566 P1189589 INFO ===
2023-11-13 19:06:04,566 P1189589 INFO [Metrics] AUC: 0.982837 - logloss: 0.159669
2023-11-13 19:06:04,566 P1189589 INFO Save best model: monitor(max)=0.823167
2023-11-13 19:06:04,727 P1189589 INFO ************ Epoch=7 end ************
2023-11-13 19:06:05,958 P1189589 INFO Train loss: 0.198217
2023-11-13 19:06:05,958 P1189589 INFO Evaluation @epoch 8 - batch 21: 
2023-11-13 19:06:06,574 P1189589 INFO ===
2023-11-13 19:06:06,575 P1189589 INFO [Metrics] AUC: 0.983227 - logloss: 0.163027
2023-11-13 19:06:06,575 P1189589 INFO Monitor(max)=0.820200 STOP!
2023-11-13 19:06:06,575 P1189589 INFO Reduce learning rate on plateau: 0.000100
2023-11-13 19:06:06,683 P1189589 INFO ************ Epoch=8 end ************
2023-11-13 19:06:08,046 P1189589 INFO Train loss: 0.174149
2023-11-13 19:06:08,046 P1189589 INFO Evaluation @epoch 9 - batch 21: 
2023-11-13 19:06:08,681 P1189589 INFO ===
2023-11-13 19:06:08,681 P1189589 INFO [Metrics] AUC: 0.984497 - logloss: 0.154926
2023-11-13 19:06:08,681 P1189589 INFO Save best model: monitor(max)=0.829571
2023-11-13 19:06:08,840 P1189589 INFO ************ Epoch=9 end ************
2023-11-13 19:06:10,161 P1189589 INFO Train loss: 0.159671
2023-11-13 19:06:10,162 P1189589 INFO Evaluation @epoch 10 - batch 21: 
2023-11-13 19:06:10,795 P1189589 INFO ===
2023-11-13 19:06:10,795 P1189589 INFO [Metrics] AUC: 0.985139 - logloss: 0.151994
2023-11-13 19:06:10,795 P1189589 INFO Save best model: monitor(max)=0.833145
2023-11-13 19:06:10,897 P1189589 INFO ************ Epoch=10 end ************
2023-11-13 19:06:12,248 P1189589 INFO Train loss: 0.151239
2023-11-13 19:06:12,248 P1189589 INFO Evaluation @epoch 11 - batch 21: 
2023-11-13 19:06:12,940 P1189589 INFO ===
2023-11-13 19:06:12,940 P1189589 INFO [Metrics] AUC: 0.985569 - logloss: 0.152142
2023-11-13 19:06:12,941 P1189589 INFO Save best model: monitor(max)=0.833428
2023-11-13 19:06:13,061 P1189589 INFO ************ Epoch=11 end ************
2023-11-13 19:06:14,413 P1189589 INFO Train loss: 0.144873
2023-11-13 19:06:14,414 P1189589 INFO Evaluation @epoch 12 - batch 21: 
2023-11-13 19:06:14,990 P1189589 INFO ===
2023-11-13 19:06:14,990 P1189589 INFO [Metrics] AUC: 0.985715 - logloss: 0.153120
2023-11-13 19:06:14,991 P1189589 INFO Monitor(max)=0.832595 STOP!
2023-11-13 19:06:14,991 P1189589 INFO Reduce learning rate on plateau: 0.000010
2023-11-13 19:06:15,133 P1189589 INFO ************ Epoch=12 end ************
2023-11-13 19:06:16,454 P1189589 INFO Train loss: 0.140492
2023-11-13 19:06:16,454 P1189589 INFO Evaluation @epoch 13 - batch 21: 
2023-11-13 19:06:17,017 P1189589 INFO ===
2023-11-13 19:06:17,017 P1189589 INFO [Metrics] AUC: 0.985713 - logloss: 0.155166
2023-11-13 19:06:17,017 P1189589 INFO Monitor(max)=0.830547 STOP!
2023-11-13 19:06:17,017 P1189589 INFO Reduce learning rate on plateau: 0.000001
2023-11-13 19:06:17,017 P1189589 INFO ********* Epoch==13 early stop *********
2023-11-13 19:06:17,127 P1189589 INFO Training finished.
2023-11-13 19:06:17,128 P1189589 INFO Load best model: /mnt/public/lhh/code/model_zoo/SimCEN/SimCEN_torch/checkpoints/Frappe_x1_h5/SimCEN_MLP_Frappe_x1_h5_1628_cb106663.model
2023-11-13 19:06:17,142 P1189589 INFO ****** Validation evaluation ******
2023-11-13 19:06:17,738 P1189589 INFO ===
2023-11-13 19:06:17,738 P1189589 INFO [Metrics] logloss: 0.152142 - AUC: 0.985569
2023-11-13 19:06:17,781 P1189589 INFO ******** Test evaluation ********
2023-11-13 19:06:17,782 P1189589 INFO Loading data...
2023-11-13 19:06:17,782 P1189589 INFO Loading data from h5: ../../../data/Frappe_x1_h5/test.h5
2023-11-13 19:06:17,787 P1189589 INFO Test samples: total/28860, blocks/1
2023-11-13 19:06:17,787 P1189589 INFO Loading test data done.
2023-11-13 19:06:18,257 P1189589 INFO ===
2023-11-13 19:06:18,257 P1189589 INFO [Metrics] logloss: 0.152543 - AUC: 0.985441
