2023-11-12 15:54:14,896 P824384 INFO Params: {
    "afn_hidden_units": "[400, 400]",
    "alpha": "0.01",
    "batch_size": "10000",
    "cl_temperature": "0.4",
    "data_format": "h5",
    "data_root": "../../../data/",
    "dataset_id": "Frappe_x1_h5",
    "debug_mode": "False",
    "early_stop_patience": "2",
    "ego_batch_norm": "True",
    "ego_dropout": "0.1",
    "ego_hidden_activations": "relu",
    "embedding_dim": "16",
    "embedding_regularizer": "0.05",
    "epochs": "100",
    "eval_steps": "None",
    "feature_cols": "[{'active': True, 'dtype': 'float', 'name': ['user', 'item', 'daytime', 'weekday', 'isweekend', 'homework', 'cost', 'weather', 'country', 'city'], 'type': 'categorical'}]",
    "feature_config": "None",
    "feature_specs": "None",
    "gpu": "0",
    "group_id": "None",
    "label_col": "{'dtype': 'float', 'name': 'label'}",
    "learning_rate": "0.001",
    "logarithmic_neurons": "400",
    "loss": "binary_crossentropy",
    "metrics": "['logloss', 'AUC']",
    "min_categr_count": "2",
    "mlep_hidden_units": "[480, 480, 480]",
    "model": "SimCEN_AFN",
    "model_id": "SimCEN_AFN_Frappe_x1_h5_003_1474a61b",
    "model_root": "./checkpoints/",
    "monitor": "{'AUC': 1, 'logloss': -1}",
    "monitor_mode": "max",
    "net_regularizer": "0",
    "num_workers": "4",
    "optimizer": "adam",
    "pickle_feature_encoder": "True",
    "save_best_only": "True",
    "seed": "2023",
    "shuffle": "True",
    "task": "binary_classification",
    "test_data": "../../../data/Frappe_x1_h5/test.h5",
    "through_dropout": "0",
    "train_data": "../../../data/Frappe_x1_h5/train.h5",
    "use_features": "None",
    "v1_batch_norm": "True",
    "v1_dropout": "0.1",
    "v1_hidden_activations": "mish",
    "v2_batch_norm": "True",
    "v2_dropout": "0.1",
    "v2_hidden_activations": "gelu",
    "valid_data": "../../../data/Frappe_x1_h5/valid.h5",
    "verbose": "1"
}
2023-11-12 15:54:14,896 P824384 INFO Load feature_map from json: ../../../data/Frappe_x1_h5/feature_map.json
2023-11-12 15:54:14,896 P824384 INFO Set column index...
2023-11-12 15:54:14,896 P824384 INFO Feature specs: {
    "city": "{'source': '', 'type': 'categorical', 'padding_idx': 0, 'oov_idx': 232, 'vocab_size': 233}",
    "cost": "{'source': '', 'type': 'categorical', 'padding_idx': 0, 'oov_idx': 3, 'vocab_size': 4}",
    "country": "{'source': '', 'type': 'categorical', 'padding_idx': 0, 'oov_idx': 81, 'vocab_size': 82}",
    "daytime": "{'source': '', 'type': 'categorical', 'padding_idx': 0, 'oov_idx': 8, 'vocab_size': 9}",
    "homework": "{'source': '', 'type': 'categorical', 'padding_idx': 0, 'oov_idx': 4, 'vocab_size': 5}",
    "isweekend": "{'source': '', 'type': 'categorical', 'padding_idx': 0, 'oov_idx': 3, 'vocab_size': 4}",
    "item": "{'source': '', 'type': 'categorical', 'padding_idx': 0, 'oov_idx': 4083, 'vocab_size': 4084}",
    "user": "{'source': '', 'type': 'categorical', 'padding_idx': 0, 'oov_idx': 941, 'vocab_size': 942}",
    "weather": "{'source': '', 'type': 'categorical', 'padding_idx': 0, 'oov_idx': 10, 'vocab_size': 11}",
    "weekday": "{'source': '', 'type': 'categorical', 'padding_idx': 0, 'oov_idx': 8, 'vocab_size': 9}"
}
2023-11-12 15:54:18,439 P824384 INFO Total number of parameters: 3692457.
2023-11-12 15:54:18,440 P824384 INFO Loading data...
2023-11-12 15:54:18,440 P824384 INFO Loading data from h5: ../../../data/Frappe_x1_h5/train.h5
2023-11-12 15:54:18,451 P824384 INFO Train samples: total/202027, blocks/1
2023-11-12 15:54:18,451 P824384 INFO Loading data from h5: ../../../data/Frappe_x1_h5/valid.h5
2023-11-12 15:54:18,454 P824384 INFO Validation samples: total/57722, blocks/1
2023-11-12 15:54:18,455 P824384 INFO Loading train and validation data done.
2023-11-12 15:54:18,455 P824384 INFO Start training: 21 batches/epoch
2023-11-12 15:54:18,455 P824384 INFO ************ Epoch=1 start ************
2023-11-12 15:54:20,451 P824384 INFO Train loss: 0.591036
2023-11-12 15:54:20,452 P824384 INFO Evaluation @epoch 1 - batch 21: 
2023-11-12 15:54:21,733 P824384 INFO ===
2023-11-12 15:54:21,733 P824384 INFO [Metrics] AUC: 0.754221 - logloss: 0.548717
2023-11-12 15:54:21,733 P824384 INFO Save best model: monitor(max)=0.205504
2023-11-12 15:54:21,892 P824384 INFO ************ Epoch=1 end ************
2023-11-12 15:54:23,844 P824384 INFO Train loss: 0.382552
2023-11-12 15:54:23,845 P824384 INFO Evaluation @epoch 2 - batch 21: 
2023-11-12 15:54:25,053 P824384 INFO ===
2023-11-12 15:54:25,054 P824384 INFO [Metrics] AUC: 0.920414 - logloss: 0.359268
2023-11-12 15:54:25,054 P824384 INFO Save best model: monitor(max)=0.561146
2023-11-12 15:54:25,248 P824384 INFO ************ Epoch=2 end ************
2023-11-12 15:54:27,212 P824384 INFO Train loss: 0.331010
2023-11-12 15:54:27,212 P824384 INFO Evaluation @epoch 3 - batch 21: 
2023-11-12 15:54:28,434 P824384 INFO ===
2023-11-12 15:54:28,434 P824384 INFO [Metrics] AUC: 0.932560 - logloss: 0.328898
2023-11-12 15:54:28,434 P824384 INFO Save best model: monitor(max)=0.603661
2023-11-12 15:54:28,591 P824384 INFO ************ Epoch=3 end ************
2023-11-12 15:54:30,589 P824384 INFO Train loss: 0.300805
2023-11-12 15:54:30,589 P824384 INFO Evaluation @epoch 4 - batch 21: 
2023-11-12 15:54:31,937 P824384 INFO ===
2023-11-12 15:54:31,937 P824384 INFO [Metrics] AUC: 0.965183 - logloss: 0.237554
2023-11-12 15:54:31,937 P824384 INFO Save best model: monitor(max)=0.727629
2023-11-12 15:54:32,128 P824384 INFO ************ Epoch=4 end ************
2023-11-12 15:54:34,005 P824384 INFO Train loss: 0.287090
2023-11-12 15:54:34,005 P824384 INFO Evaluation @epoch 5 - batch 21: 
2023-11-12 15:54:35,364 P824384 INFO ===
2023-11-12 15:54:35,364 P824384 INFO [Metrics] AUC: 0.978847 - logloss: 0.187877
2023-11-12 15:54:35,365 P824384 INFO Save best model: monitor(max)=0.790970
2023-11-12 15:54:35,548 P824384 INFO ************ Epoch=5 end ************
2023-11-12 15:54:37,431 P824384 INFO Train loss: 0.279410
2023-11-12 15:54:37,431 P824384 INFO Evaluation @epoch 6 - batch 21: 
2023-11-12 15:54:38,732 P824384 INFO ===
2023-11-12 15:54:38,733 P824384 INFO [Metrics] AUC: 0.981436 - logloss: 0.190433
2023-11-12 15:54:38,733 P824384 INFO Save best model: monitor(max)=0.791003
2023-11-12 15:54:38,932 P824384 INFO ************ Epoch=6 end ************
2023-11-12 15:54:40,949 P824384 INFO Train loss: 0.269336
2023-11-12 15:54:40,949 P824384 INFO Evaluation @epoch 7 - batch 21: 
2023-11-12 15:54:42,171 P824384 INFO ===
2023-11-12 15:54:42,171 P824384 INFO [Metrics] AUC: 0.981000 - logloss: 0.206950
2023-11-12 15:54:42,172 P824384 INFO Monitor(max)=0.774049 STOP!
2023-11-12 15:54:42,172 P824384 INFO Reduce learning rate on plateau: 0.000100
2023-11-12 15:54:42,339 P824384 INFO ************ Epoch=7 end ************
2023-11-12 15:54:44,248 P824384 INFO Train loss: 0.235303
2023-11-12 15:54:44,248 P824384 INFO Evaluation @epoch 8 - batch 21: 
2023-11-12 15:54:45,552 P824384 INFO ===
2023-11-12 15:54:45,552 P824384 INFO [Metrics] AUC: 0.984237 - logloss: 0.151936
2023-11-12 15:54:45,552 P824384 INFO Save best model: monitor(max)=0.832301
2023-11-12 15:54:45,719 P824384 INFO ************ Epoch=8 end ************
2023-11-12 15:54:47,754 P824384 INFO Train loss: 0.213462
2023-11-12 15:54:47,755 P824384 INFO Evaluation @epoch 9 - batch 21: 
2023-11-12 15:54:49,032 P824384 INFO ===
2023-11-12 15:54:49,032 P824384 INFO [Metrics] AUC: 0.984983 - logloss: 0.145028
2023-11-12 15:54:49,032 P824384 INFO Save best model: monitor(max)=0.839955
2023-11-12 15:54:49,232 P824384 INFO ************ Epoch=9 end ************
2023-11-12 15:54:51,223 P824384 INFO Train loss: 0.198784
2023-11-12 15:54:51,223 P824384 INFO Evaluation @epoch 10 - batch 21: 
2023-11-12 15:54:52,437 P824384 INFO ===
2023-11-12 15:54:52,438 P824384 INFO [Metrics] AUC: 0.985025 - logloss: 0.148551
2023-11-12 15:54:52,438 P824384 INFO Monitor(max)=0.836474 STOP!
2023-11-12 15:54:52,438 P824384 INFO Reduce learning rate on plateau: 0.000010
2023-11-12 15:54:52,598 P824384 INFO ************ Epoch=10 end ************
2023-11-12 15:54:54,541 P824384 INFO Train loss: 0.190001
2023-11-12 15:54:54,541 P824384 INFO Evaluation @epoch 11 - batch 21: 
2023-11-12 15:54:55,866 P824384 INFO ===
2023-11-12 15:54:55,866 P824384 INFO [Metrics] AUC: 0.984986 - logloss: 0.151302
2023-11-12 15:54:55,866 P824384 INFO Monitor(max)=0.833685 STOP!
2023-11-12 15:54:55,866 P824384 INFO Reduce learning rate on plateau: 0.000001
2023-11-12 15:54:55,866 P824384 INFO ********* Epoch==11 early stop *********
2023-11-12 15:54:56,027 P824384 INFO Training finished.
2023-11-12 15:54:56,027 P824384 INFO Load best model: /root/autodl-tmp/model_zoo/SimCEN/SimCEN_torch/checkpoints/Frappe_x1_h5/SimCEN_AFN_Frappe_x1_h5_003_1474a61b.model
2023-11-12 15:54:56,043 P824384 INFO ****** Validation evaluation ******
2023-11-12 15:54:57,273 P824384 INFO ===
2023-11-12 15:54:57,273 P824384 INFO [Metrics] logloss: 0.145028 - AUC: 0.984983
2023-11-12 15:54:57,313 P824384 INFO ******** Test evaluation ********
2023-11-12 15:54:57,313 P824384 INFO Loading data...
2023-11-12 15:54:57,313 P824384 INFO Loading data from h5: ../../../data/Frappe_x1_h5/test.h5
2023-11-12 15:54:57,316 P824384 INFO Test samples: total/28860, blocks/1
2023-11-12 15:54:57,316 P824384 INFO Loading test data done.
2023-11-12 15:54:58,616 P824384 INFO ===
2023-11-12 15:54:58,616 P824384 INFO [Metrics] logloss: 0.148809 - AUC: 0.984115
