2023-11-12 20:15:51,014 P700193 INFO Params: {
    "afn_hidden_units": "[400, 400]",
    "alpha": "0.01",
    "batch_size": "10000",
    "cl_temperature": "2.0",
    "data_format": "h5",
    "data_root": "../../../data/",
    "dataset_id": "Avazu_x4_h5",
    "debug_mode": "False",
    "early_stop_patience": "2",
    "ego_batch_norm": "False",
    "ego_dropout": "0",
    "ego_hidden_activations": "relu",
    "embedding_dim": "16",
    "embedding_regularizer": "0",
    "epochs": "100",
    "eval_steps": "None",
    "feature_cols": "[{'active': False, 'dtype': 'str', 'name': 'id', 'type': 'categorical'}, {'active': True, 'dtype': 'str', 'name': 'hour', 'preprocess': 'convert_hour', 'type': 'categorical'}, {'active': True, 'dtype': 'str', 'name': ['C1', 'banner_pos', 'site_id', 'site_domain', 'site_category', 'app_id', 'app_domain', 'app_category', 'device_id', 'device_ip', 'device_model', 'device_type', 'device_conn_type', 'C14', 'C15', 'C16', 'C17', 'C18', 'C19', 'C20', 'C21'], 'type': 'categorical'}, {'active': True, 'dtype': 'str', 'name': 'weekday', 'preprocess': 'convert_weekday', 'type': 'categorical'}, {'active': True, 'dtype': 'str', 'name': 'weekend', 'preprocess': 'convert_weekend', 'type': 'categorical'}]",
    "feature_config": "None",
    "feature_specs": "None",
    "gpu": "0",
    "group_id": "None",
    "label_col": "{'dtype': 'float', 'name': 'click'}",
    "learning_rate": "0.001",
    "logarithmic_neurons": "400",
    "loss": "binary_crossentropy",
    "metrics": "['logloss', 'AUC']",
    "min_categr_count": "2",
    "mlep_hidden_units": "[480, 480, 480]",
    "model": "SimCEN_AFN",
    "model_id": "SimCEN_AFN_Avazu",
    "model_root": "./checkpoints/",
    "monitor": "{'AUC': 1, 'logloss': -1}",
    "monitor_mode": "max",
    "net_regularizer": "0",
    "num_workers": "4",
    "optimizer": "adam",
    "pickle_feature_encoder": "True",
    "save_best_only": "True",
    "seed": "2023",
    "shuffle": "True",
    "task": "binary_classification",
    "test_data": "../../../data/Avazu_x4_h5/test.h5",
    "through_dropout": "0",
    "train_data": "../../../data/Avazu_x4_h5/train.h5",
    "use_features": "None",
    "v1_batch_norm": "False",
    "v1_dropout": "0",
    "v1_hidden_activations": "leaky_relu",
    "v2_batch_norm": "False",
    "v2_dropout": "0",
    "v2_hidden_activations": "relu",
    "valid_data": "../../../data/Avazu_x4_h5/valid.h5",
    "verbose": "1"
}
2023-11-12 20:15:51,015 P700193 INFO Load feature_map from json: ../../../data/Avazu_x4_h5/feature_map.json
2023-11-12 20:15:51,015 P700193 INFO Set column index...
2023-11-12 20:15:51,015 P700193 INFO Feature specs: {
    "C1": "{'source': '', 'type': 'categorical', 'padding_idx': 0, 'oov_idx': 8, 'vocab_size': 9}",
    "C14": "{'source': '', 'type': 'categorical', 'padding_idx': 0, 'oov_idx': 2555, 'vocab_size': 2556}",
    "C15": "{'source': '', 'type': 'categorical', 'padding_idx': 0, 'oov_idx': 9, 'vocab_size': 10}",
    "C16": "{'source': '', 'type': 'categorical', 'padding_idx': 0, 'oov_idx': 10, 'vocab_size': 11}",
    "C17": "{'source': '', 'type': 'categorical', 'padding_idx': 0, 'oov_idx': 433, 'vocab_size': 434}",
    "C18": "{'source': '', 'type': 'categorical', 'padding_idx': 0, 'oov_idx': 5, 'vocab_size': 6}",
    "C19": "{'source': '', 'type': 'categorical', 'padding_idx': 0, 'oov_idx': 69, 'vocab_size': 70}",
    "C20": "{'source': '', 'type': 'categorical', 'padding_idx': 0, 'oov_idx': 172, 'vocab_size': 173}",
    "C21": "{'source': '', 'type': 'categorical', 'padding_idx': 0, 'oov_idx': 61, 'vocab_size': 62}",
    "app_category": "{'source': '', 'type': 'categorical', 'padding_idx': 0, 'oov_idx': 32, 'vocab_size': 33}",
    "app_domain": "{'source': '', 'type': 'categorical', 'padding_idx': 0, 'oov_idx': 399, 'vocab_size': 400}",
    "app_id": "{'source': '', 'type': 'categorical', 'padding_idx': 0, 'oov_idx': 6544, 'vocab_size': 6545}",
    "banner_pos": "{'source': '', 'type': 'categorical', 'padding_idx': 0, 'oov_idx': 8, 'vocab_size': 9}",
    "device_conn_type": "{'source': '', 'type': 'categorical', 'padding_idx': 0, 'oov_idx': 5, 'vocab_size': 6}",
    "device_id": "{'source': '', 'type': 'categorical', 'padding_idx': 0, 'oov_idx': 820508, 'vocab_size': 820509}",
    "device_ip": "{'source': '', 'type': 'categorical', 'padding_idx': 0, 'oov_idx': 2903321, 'vocab_size': 2903322}",
    "device_model": "{'source': '', 'type': 'categorical', 'padding_idx': 0, 'oov_idx': 7258, 'vocab_size': 7259}",
    "device_type": "{'source': '', 'type': 'categorical', 'padding_idx': 0, 'oov_idx': 6, 'vocab_size': 7}",
    "hour": "{'source': '', 'type': 'categorical', 'padding_idx': 0, 'oov_idx': 25, 'vocab_size': 26}",
    "site_category": "{'source': '', 'type': 'categorical', 'padding_idx': 0, 'oov_idx': 26, 'vocab_size': 27}",
    "site_domain": "{'source': '', 'type': 'categorical', 'padding_idx': 0, 'oov_idx': 5460, 'vocab_size': 5461}",
    "site_id": "{'source': '', 'type': 'categorical', 'padding_idx': 0, 'oov_idx': 4050, 'vocab_size': 4051}",
    "weekday": "{'source': '', 'type': 'categorical', 'padding_idx': 0, 'oov_idx': 8, 'vocab_size': 9}",
    "weekend": "{'source': '', 'type': 'categorical', 'padding_idx': 0, 'oov_idx': 3, 'vocab_size': 4}"
}
2023-11-12 20:15:56,511 P700193 INFO Total number of parameters: 124088677.
2023-11-12 20:15:56,512 P700193 INFO Loading data...
2023-11-12 20:15:56,512 P700193 INFO Loading data from h5: ../../../data/Avazu_x4_h5/train.h5
2023-11-12 20:16:04,851 P700193 INFO Train samples: total/32343172, blocks/1
2023-11-12 20:16:04,851 P700193 INFO Loading data from h5: ../../../data/Avazu_x4_h5/valid.h5
2023-11-12 20:16:05,896 P700193 INFO Validation samples: total/4042897, blocks/1
2023-11-12 20:16:05,896 P700193 INFO Loading train and validation data done.
2023-11-12 20:16:05,896 P700193 INFO Start training: 3235 batches/epoch
2023-11-12 20:16:05,896 P700193 INFO ************ Epoch=1 start ************
2023-11-12 20:20:31,844 P700193 INFO Train loss: 0.467272
2023-11-12 20:20:31,845 P700193 INFO Evaluation @epoch 1 - batch 3235: 
2023-11-12 20:20:41,824 P700193 INFO ===
2023-11-12 20:20:41,824 P700193 INFO [Metrics] AUC: 0.795145 - logloss: 0.370787
2023-11-12 20:20:41,831 P700193 INFO Save best model: monitor(max)=0.424357
2023-11-12 20:20:42,706 P700193 INFO ************ Epoch=1 end ************
2023-11-12 20:25:16,310 P700193 INFO Train loss: 0.416005
2023-11-12 20:25:16,310 P700193 INFO Evaluation @epoch 2 - batch 3235: 
2023-11-12 20:25:34,134 P700193 INFO ===
2023-11-12 20:25:34,134 P700193 INFO [Metrics] AUC: 0.788141 - logloss: 0.380994
2023-11-12 20:25:34,141 P700193 INFO Monitor(max)=0.407147 STOP!
2023-11-12 20:25:34,141 P700193 INFO Reduce learning rate on plateau: 0.000100
2023-11-12 20:25:34,724 P700193 INFO ************ Epoch=2 end ************
2023-11-12 20:29:48,449 P700193 INFO Train loss: 0.367973
2023-11-12 20:29:48,449 P700193 INFO Evaluation @epoch 3 - batch 3235: 
2023-11-12 20:30:05,783 P700193 INFO ===
2023-11-12 20:30:05,783 P700193 INFO [Metrics] AUC: 0.774200 - logloss: 0.432162
2023-11-12 20:30:05,876 P700193 INFO Monitor(max)=0.342038 STOP!
2023-11-12 20:30:05,877 P700193 INFO Reduce learning rate on plateau: 0.000010
2023-11-12 20:30:05,877 P700193 INFO ********* Epoch==3 early stop *********
2023-11-12 20:30:06,619 P700193 INFO Training finished.
2023-11-12 20:30:06,619 P700193 INFO Load best model: /root/autodl-tmp/model_zoo/SimCEN/SimCEN_torch/checkpoints/Avazu_x4_h5/SimCEN_AFN_Avazu.model
2023-11-12 20:30:06,874 P700193 INFO ****** Validation evaluation ******
2023-11-12 20:30:24,921 P700193 INFO ===
2023-11-12 20:30:24,921 P700193 INFO [Metrics] logloss: 0.370787 - AUC: 0.795145
2023-11-12 20:30:25,521 P700193 INFO ******** Test evaluation ********
2023-11-12 20:30:25,521 P700193 INFO Loading data...
2023-11-12 20:30:25,521 P700193 INFO Loading data from h5: ../../../data/Avazu_x4_h5/test.h5
2023-11-12 20:30:27,252 P700193 INFO Test samples: total/4042898, blocks/1
2023-11-12 20:30:27,252 P700193 INFO Loading test data done.
2023-11-12 20:30:38,986 P700193 INFO ===
2023-11-12 20:30:38,986 P700193 INFO [Metrics] logloss: 0.370700 - AUC: 0.795305
