2024-04-10 13:32:41,408 P848087 INFO Params: {
    "alpha": "0.001",
    "batch_size": "10000",
    "cl_temperature": "0.32",
    "data_format": "csv",
    "data_root": "../../../data/MicroVideo1.7M/",
    "dataset_id": "microvideo1.7m_x1",
    "debug_mode": "False",
    "early_stop_patience": "2",
    "ego_batch_norm": "True",
    "ego_dropout": "0.21",
    "ego_hidden_activations": "relu",
    "embedding_dim": "64",
    "embedding_regularizer": "0.005",
    "embedding_share": "True",
    "epochs": "100",
    "eval_steps": "None",
    "feature_cols": "[{'active': True, 'dtype': 'int', 'name': 'group_id', 'preprocess': 'copy_from(user_id)', 'remap': False, 'type': 'meta'}, {'active': True, 'dtype': 'str', 'name': 'user_id', 'type': 'categorical'}, {'active': True, 'dtype': 'str', 'embedding_dim': 64, 'name': 'item_id', 'pretrained_emb': '../../../data/MicroVideo1.7M_x1/item_image_emb_dim64.h5', 'type': 'categorical'}, {'active': True, 'dtype': 'str', 'name': 'cate_id', 'type': 'categorical'}, {'active': True, 'dtype': 'str', 'embedding_dim': 64, 'max_len': 100, 'name': 'clicked_items', 'padding': 'pre', 'pretrained_emb': '../../../data/MicroVideo1.7M_x1/item_image_emb_dim64.h5', 'splitter': '^', 'type': 'sequence'}, {'active': True, 'dtype': 'str', 'max_len': 100, 'name': 'clicked_categories', 'padding': 'pre', 'share_embedding': 'cate_id', 'splitter': '^', 'type': 'sequence'}, {'active': False, 'dtype': 'str', 'name': 'timestamp', 'type': 'categorical'}]",
    "feature_config": "None",
    "feature_specs": "[{'feature_encoder': 'nn.Linear(64, 64, bias=False)', 'name': 'item_id'}, {'feature_encoder': ['layers.MaskedAveragePooling()', 'nn.Linear(64, 64, bias=False)'], 'name': 'clicked_items'}, {'feature_encoder': 'layers.MaskedAveragePooling()', 'name': 'clicked_categories'}]",
    "gpu": "3",
    "group_id": "None",
    "label_col": "{'dtype': 'float', 'name': 'is_click'}",
    "learning_rate": "0.001",
    "loss": "binary_crossentropy",
    "metrics": "['logloss', 'AUC']",
    "min_categr_count": "1",
    "mlep1_hidden_units": "[480, 480, 480]",
    "mlep2_hidden_units": "[480, 480, 480]",
    "model": "SimCEN_SimCENv2",
    "model_id": "SimCEN_SimCEN_microvideo_010_56e4e0e1",
    "model_root": "./checkpoints/",
    "monitor": "{'AUC': 1, 'logloss': -1}",
    "monitor_mode": "max",
    "net_regularizer": "0",
    "num_workers": "10",
    "optimizer": "adam",
    "pickle_feature_encoder": "True",
    "save_best_only": "True",
    "seed": "2024",
    "shuffle": "True",
    "task": "binary_classification",
    "test_data": "../../../data/MicroVideo1.7M_x1/test.csv",
    "through_dropout": "0",
    "train_data": "../../../data/MicroVideo1.7M_x1/train.csv",
    "use_features": "None",
    "v1_batch_norm": "True",
    "v1_dropout": "0.12",
    "v1_hidden_activations": "mish",
    "v2_batch_norm": "True",
    "v2_dropout": "0.19",
    "v2_hidden_activations": "gelu",
    "valid_data": "../../../data/MicroVideo1.7M_x1/test.csv",
    "verbose": "1"
}
2024-04-10 13:32:41,408 P848087 INFO Set up feature processor...
2024-04-10 13:32:41,408 P848087 WARNING Skip rebuilding ../../../data/MicroVideo1.7M/microvideo1.7m_x1/feature_map.json. Please delete it manually if rebuilding is required.
2024-04-10 13:32:41,408 P848087 INFO Load feature_map from json: ../../../data/MicroVideo1.7M/microvideo1.7m_x1/feature_map.json
2024-04-10 13:32:41,408 P848087 INFO Set column index...
2024-04-10 13:32:41,409 P848087 INFO Feature specs: {
    "cate_id": "{'source': '', 'type': 'categorical', 'padding_idx': 0, 'oov_idx': 513, 'vocab_size': 514}",
    "clicked_categories": "{'source': '', 'type': 'sequence', 'feature_encoder': 'layers.MaskedAveragePooling()', 'share_embedding': 'cate_id', 'padding_idx': 0, 'oov_idx': 513, 'vocab_size': 514, 'max_len': 100}",
    "clicked_items": "{'source': '', 'type': 'sequence', 'feature_encoder': ['layers.MaskedAveragePooling()', 'nn.Linear(64, 64, bias=False)'], 'embedding_dim': 64, 'pretrained_emb': 'pretrained_emb.h5', 'freeze_emb': True, 'padding_idx': 0, 'oov_idx': 1704881, 'vocab_size': 1704882, 'max_len': 100}",
    "group_id": "{'type': 'meta'}",
    "item_id": "{'source': '', 'type': 'categorical', 'embedding_dim': 64, 'pretrained_emb': 'pretrained_emb.h5', 'freeze_emb': True, 'padding_idx': 0, 'oov_idx': 1704881, 'vocab_size': 1704882, 'feature_encoder': 'nn.Linear(64, 64, bias=False)'}",
    "user_id": "{'source': '', 'type': 'categorical', 'padding_idx': 0, 'oov_idx': 10987, 'vocab_size': 10988}"
}
2024-04-10 13:32:47,148 P848087 INFO Total number of parameters: 2768257.
2024-04-10 13:32:47,148 P848087 INFO Loading data...
2024-04-10 13:32:47,148 P848087 INFO Loading data from h5: ../../../data/MicroVideo1.7M/microvideo1.7m_x1/train.h5
2024-04-10 13:32:56,577 P848087 INFO Train samples: total/8970309, blocks/1
2024-04-10 13:32:56,577 P848087 INFO Loading data from h5: ../../../data/MicroVideo1.7M/microvideo1.7m_x1/valid.h5
2024-04-10 13:33:00,546 P848087 INFO Validation samples: total/3767308, blocks/1
2024-04-10 13:33:00,546 P848087 INFO Loading train and validation data done.
2024-04-10 13:33:00,546 P848087 INFO Start training: 898 batches/epoch
2024-04-10 13:33:00,546 P848087 INFO ************ Epoch=1 start ************
2024-04-10 13:34:01,427 P848087 INFO Train loss: 0.528153
2024-04-10 13:34:01,428 P848087 INFO Evaluation @epoch 1 - batch 898: 
2024-04-10 13:34:24,467 P848087 INFO ===
2024-04-10 13:34:24,468 P848087 INFO [Metrics] AUC: 0.707622 - logloss: 0.420742
2024-04-10 13:34:24,470 P848087 INFO Save best model: monitor(max)=0.286880
2024-04-10 13:34:26,502 P848087 INFO ************ Epoch=1 end ************
2024-04-10 13:35:44,458 P848087 INFO Train loss: 0.471056
2024-04-10 13:35:44,458 P848087 INFO Evaluation @epoch 2 - batch 898: 
2024-04-10 13:36:06,525 P848087 INFO ===
2024-04-10 13:36:06,525 P848087 INFO [Metrics] AUC: 0.713988 - logloss: 0.417834
2024-04-10 13:36:06,534 P848087 INFO Save best model: monitor(max)=0.296154
2024-04-10 13:36:12,158 P848087 INFO ************ Epoch=2 end ************
2024-04-10 13:37:22,433 P848087 INFO Train loss: 0.467129
2024-04-10 13:37:22,433 P848087 INFO Evaluation @epoch 3 - batch 898: 
2024-04-10 13:37:41,877 P848087 INFO ===
2024-04-10 13:37:41,878 P848087 INFO [Metrics] AUC: 0.714135 - logloss: 0.416755
2024-04-10 13:37:41,881 P848087 INFO Save best model: monitor(max)=0.297380
2024-04-10 13:37:47,457 P848087 INFO ************ Epoch=3 end ************
2024-04-10 13:38:58,010 P848087 INFO Train loss: 0.466246
2024-04-10 13:38:58,010 P848087 INFO Evaluation @epoch 4 - batch 898: 
2024-04-10 13:39:16,684 P848087 INFO ===
2024-04-10 13:39:16,685 P848087 INFO [Metrics] AUC: 0.717780 - logloss: 0.418366
2024-04-10 13:39:16,687 P848087 INFO Save best model: monitor(max)=0.299414
2024-04-10 13:39:22,280 P848087 INFO ************ Epoch=4 end ************
2024-04-10 13:40:29,583 P848087 INFO Train loss: 0.464187
2024-04-10 13:40:29,583 P848087 INFO Evaluation @epoch 5 - batch 898: 
2024-04-10 13:40:48,850 P848087 INFO ===
2024-04-10 13:40:48,850 P848087 INFO [Metrics] AUC: 0.718239 - logloss: 0.418484
2024-04-10 13:40:48,852 P848087 INFO Save best model: monitor(max)=0.299755
2024-04-10 13:40:54,295 P848087 INFO ************ Epoch=5 end ************
2024-04-10 13:41:59,839 P848087 INFO Train loss: 0.463654
2024-04-10 13:41:59,840 P848087 INFO Evaluation @epoch 6 - batch 898: 
2024-04-10 13:42:18,164 P848087 INFO ===
2024-04-10 13:42:18,164 P848087 INFO [Metrics] AUC: 0.719582 - logloss: 0.417262
2024-04-10 13:42:18,166 P848087 INFO Save best model: monitor(max)=0.302320
2024-04-10 13:42:23,593 P848087 INFO ************ Epoch=6 end ************
2024-04-10 13:43:28,726 P848087 INFO Train loss: 0.462703
2024-04-10 13:43:28,726 P848087 INFO Evaluation @epoch 7 - batch 898: 
2024-04-10 13:43:47,457 P848087 INFO ===
2024-04-10 13:43:47,457 P848087 INFO [Metrics] AUC: 0.720822 - logloss: 0.414505
2024-04-10 13:43:47,459 P848087 INFO Save best model: monitor(max)=0.306317
2024-04-10 13:43:52,880 P848087 INFO ************ Epoch=7 end ************
2024-04-10 13:44:57,901 P848087 INFO Train loss: 0.461871
2024-04-10 13:44:57,901 P848087 INFO Evaluation @epoch 8 - batch 898: 
2024-04-10 13:45:18,113 P848087 INFO ===
2024-04-10 13:45:18,113 P848087 INFO [Metrics] AUC: 0.718982 - logloss: 0.419985
2024-04-10 13:45:18,117 P848087 INFO Monitor(max)=0.298997 STOP!
2024-04-10 13:45:18,118 P848087 INFO Reduce learning rate on plateau: 0.000100
2024-04-10 13:45:18,271 P848087 INFO ************ Epoch=8 end ************
2024-04-10 13:46:23,083 P848087 INFO Train loss: 0.445057
2024-04-10 13:46:23,083 P848087 INFO Evaluation @epoch 9 - batch 898: 
2024-04-10 13:46:43,940 P848087 INFO ===
2024-04-10 13:46:43,941 P848087 INFO [Metrics] AUC: 0.732524 - logloss: 0.411938
2024-04-10 13:46:43,947 P848087 INFO Save best model: monitor(max)=0.320586
2024-04-10 13:46:49,378 P848087 INFO ************ Epoch=9 end ************
2024-04-10 13:47:52,308 P848087 INFO Train loss: 0.440176
2024-04-10 13:47:52,308 P848087 INFO Evaluation @epoch 10 - batch 898: 
2024-04-10 13:48:06,181 P848087 INFO ===
2024-04-10 13:48:06,182 P848087 INFO [Metrics] AUC: 0.734119 - logloss: 0.410604
2024-04-10 13:48:06,183 P848087 INFO Save best model: monitor(max)=0.323515
2024-04-10 13:48:11,232 P848087 INFO ************ Epoch=10 end ************
2024-04-10 13:49:15,820 P848087 INFO Train loss: 0.437477
2024-04-10 13:49:15,821 P848087 INFO Evaluation @epoch 11 - batch 898: 
2024-04-10 13:49:35,153 P848087 INFO ===
2024-04-10 13:49:35,153 P848087 INFO [Metrics] AUC: 0.733611 - logloss: 0.412415
2024-04-10 13:49:35,154 P848087 INFO Monitor(max)=0.321195 STOP!
2024-04-10 13:49:35,154 P848087 INFO Reduce learning rate on plateau: 0.000010
2024-04-10 13:49:35,274 P848087 INFO ************ Epoch=11 end ************
2024-04-10 13:50:38,100 P848087 INFO Train loss: 0.422079
2024-04-10 13:50:38,100 P848087 INFO Evaluation @epoch 12 - batch 898: 
2024-04-10 13:50:55,227 P848087 INFO ===
2024-04-10 13:50:55,228 P848087 INFO [Metrics] AUC: 0.731956 - logloss: 0.420809
2024-04-10 13:50:55,229 P848087 INFO Monitor(max)=0.311147 STOP!
2024-04-10 13:50:55,229 P848087 INFO Reduce learning rate on plateau: 0.000001
2024-04-10 13:50:55,229 P848087 INFO ********* Epoch==12 early stop *********
2024-04-10 13:50:55,344 P848087 INFO Training finished.
2024-04-10 13:50:55,344 P848087 INFO Load best model: /mnt/public/lhh/code/model_zoo/SimCEN/SimCEN_torch/checkpoints/microvideo1.7m_x1/SimCEN_SimCEN_microvideo_010_56e4e0e1.model
2024-04-10 13:50:55,900 P848087 INFO ****** Validation evaluation ******
2024-04-10 13:51:13,893 P848087 INFO ===
2024-04-10 13:51:13,893 P848087 INFO [Metrics] logloss: 0.410604 - AUC: 0.734119
2024-04-10 13:51:13,975 P848087 INFO ******** Test evaluation ********
2024-04-10 13:51:13,975 P848087 INFO Loading data...
2024-04-10 13:51:13,975 P848087 INFO Loading data from h5: ../../../data/MicroVideo1.7M/microvideo1.7m_x1/test.h5
2024-04-10 13:51:18,385 P848087 INFO Test samples: total/3767308, blocks/1
2024-04-10 13:51:18,385 P848087 INFO Loading test data done.
2024-04-10 13:51:36,393 P848087 INFO ===
2024-04-10 13:51:36,393 P848087 INFO [Metrics] logloss: 0.410604 - AUC: 0.734119
