2024-04-07 11:55:03,570 P3114005 INFO Params: {
    "alpha": "0.001",
    "batch_size": "10000",
    "cl_temperature": "0.3",
    "data_format": "csv",
    "data_root": "../../../data/MicroVideo1.7M/",
    "dataset_id": "microvideo1.7m_x1",
    "debug_mode": "False",
    "early_stop_patience": "2",
    "ego_batch_norm": "True",
    "ego_dropout": "0.1",
    "ego_hidden_activations": "relu",
    "embedding_dim": "64",
    "embedding_regularizer": "0.005",
    "embedding_share": "True",
    "epochs": "100",
    "eval_steps": "None",
    "feature_cols": "[{'active': True, 'dtype': 'int', 'name': 'group_id', 'preprocess': 'copy_from(user_id)', 'remap': False, 'type': 'meta'}, {'active': True, 'dtype': 'str', 'name': 'user_id', 'type': 'categorical'}, {'active': True, 'dtype': 'str', 'embedding_dim': 64, 'name': 'item_id', 'pretrained_emb': '../../../data/MicroVideo1.7M_x1/item_image_emb_dim64.h5', 'type': 'categorical'}, {'active': True, 'dtype': 'str', 'name': 'cate_id', 'type': 'categorical'}, {'active': True, 'dtype': 'str', 'embedding_dim': 64, 'max_len': 100, 'name': 'clicked_items', 'padding': 'pre', 'pretrained_emb': '../../../data/MicroVideo1.7M_x1/item_image_emb_dim64.h5', 'splitter': '^', 'type': 'sequence'}, {'active': True, 'dtype': 'str', 'max_len': 100, 'name': 'clicked_categories', 'padding': 'pre', 'share_embedding': 'cate_id', 'splitter': '^', 'type': 'sequence'}, {'active': False, 'dtype': 'str', 'name': 'timestamp', 'type': 'categorical'}]",
    "feature_config": "None",
    "feature_specs": "[{'feature_encoder': 'nn.Linear(64, 64, bias=False)', 'name': 'item_id'}, {'feature_encoder': ['layers.MaskedAveragePooling()', 'nn.Linear(64, 64, bias=False)'], 'name': 'clicked_items'}, {'feature_encoder': 'layers.MaskedAveragePooling()', 'name': 'clicked_categories'}]",
    "gpu": "0",
    "group_id": "None",
    "label_col": "{'dtype': 'float', 'name': 'is_click'}",
    "learning_rate": "0.001",
    "loss": "binary_crossentropy",
    "metrics": "['logloss', 'AUC']",
    "min_categr_count": "1",
    "mlep1_hidden_units": "[480, 480, 480]",
    "mlep2_hidden_units": "[480, 480, 480]",
    "model": "SimCEN_SimCENv2",
    "model_id": "SimCEN_SimCEN_microvideo_348_d24c8de7",
    "model_root": "./checkpoints/",
    "monitor": "{'AUC': 1, 'logloss': -1}",
    "monitor_mode": "max",
    "net_regularizer": "0",
    "num_workers": "10",
    "optimizer": "adam",
    "pickle_feature_encoder": "True",
    "save_best_only": "True",
    "seed": "2024",
    "shuffle": "True",
    "task": "binary_classification",
    "test_data": "../../../data/MicroVideo1.7M_x1/test.csv",
    "through_dropout": "0.3",
    "train_data": "../../../data/MicroVideo1.7M_x1/train.csv",
    "use_features": "None",
    "v1_batch_norm": "True",
    "v1_dropout": "0.2",
    "v1_hidden_activations": "mish",
    "v2_batch_norm": "True",
    "v2_dropout": "0.1",
    "v2_hidden_activations": "gelu",
    "valid_data": "../../../data/MicroVideo1.7M_x1/test.csv",
    "verbose": "1"
}
2024-04-07 11:55:03,571 P3114005 INFO Set up feature processor...
2024-04-07 11:55:03,571 P3114005 WARNING Skip rebuilding ../../../data/MicroVideo1.7M/microvideo1.7m_x1/feature_map.json. Please delete it manually if rebuilding is required.
2024-04-07 11:55:03,571 P3114005 INFO Load feature_map from json: ../../../data/MicroVideo1.7M/microvideo1.7m_x1/feature_map.json
2024-04-07 11:55:03,572 P3114005 INFO Set column index...
2024-04-07 11:55:03,572 P3114005 INFO Feature specs: {
    "cate_id": "{'source': '', 'type': 'categorical', 'padding_idx': 0, 'oov_idx': 513, 'vocab_size': 514}",
    "clicked_categories": "{'source': '', 'type': 'sequence', 'feature_encoder': 'layers.MaskedAveragePooling()', 'share_embedding': 'cate_id', 'padding_idx': 0, 'oov_idx': 513, 'vocab_size': 514, 'max_len': 100}",
    "clicked_items": "{'source': '', 'type': 'sequence', 'feature_encoder': ['layers.MaskedAveragePooling()', 'nn.Linear(64, 64, bias=False)'], 'embedding_dim': 64, 'pretrained_emb': 'pretrained_emb.h5', 'freeze_emb': True, 'padding_idx': 0, 'oov_idx': 1704881, 'vocab_size': 1704882, 'max_len': 100}",
    "group_id": "{'type': 'meta'}",
    "item_id": "{'source': '', 'type': 'categorical', 'embedding_dim': 64, 'pretrained_emb': 'pretrained_emb.h5', 'freeze_emb': True, 'padding_idx': 0, 'oov_idx': 1704881, 'vocab_size': 1704882, 'feature_encoder': 'nn.Linear(64, 64, bias=False)'}",
    "user_id": "{'source': '', 'type': 'categorical', 'padding_idx': 0, 'oov_idx': 10987, 'vocab_size': 10988}"
}
2024-04-07 11:55:19,123 P3114005 INFO Total number of parameters: 2768257.
2024-04-07 11:55:19,124 P3114005 INFO Loading data...
2024-04-07 11:55:19,124 P3114005 INFO Loading data from h5: ../../../data/MicroVideo1.7M/microvideo1.7m_x1/train.h5
2024-04-07 11:55:31,369 P3114005 INFO Train samples: total/8970309, blocks/1
2024-04-07 11:55:31,370 P3114005 INFO Loading data from h5: ../../../data/MicroVideo1.7M/microvideo1.7m_x1/valid.h5
2024-04-07 11:55:38,091 P3114005 INFO Validation samples: total/3767308, blocks/1
2024-04-07 11:55:38,091 P3114005 INFO Loading train and validation data done.
2024-04-07 11:55:38,091 P3114005 INFO Start training: 898 batches/epoch
2024-04-07 11:55:38,091 P3114005 INFO ************ Epoch=1 start ************
2024-04-07 11:56:41,681 P3114005 INFO Train loss: 0.526981
2024-04-07 11:56:41,681 P3114005 INFO Evaluation @epoch 1 - batch 898: 
2024-04-07 11:56:56,060 P3114005 INFO ===
2024-04-07 11:56:56,060 P3114005 INFO [Metrics] AUC: 0.701984 - logloss: 0.427898
2024-04-07 11:56:56,066 P3114005 INFO Save best model: monitor(max)=0.274086
2024-04-07 11:56:58,038 P3114005 INFO ************ Epoch=1 end ************
2024-04-07 11:57:53,114 P3114005 INFO Train loss: 0.470715
2024-04-07 11:57:53,114 P3114005 INFO Evaluation @epoch 2 - batch 898: 
2024-04-07 11:58:12,767 P3114005 INFO ===
2024-04-07 11:58:12,768 P3114005 INFO [Metrics] AUC: 0.711155 - logloss: 0.418767
2024-04-07 11:58:12,781 P3114005 INFO Save best model: monitor(max)=0.292387
2024-04-07 11:58:19,379 P3114005 INFO ************ Epoch=2 end ************
2024-04-07 11:59:19,714 P3114005 INFO Train loss: 0.467569
2024-04-07 11:59:19,714 P3114005 INFO Evaluation @epoch 3 - batch 898: 
2024-04-07 11:59:40,350 P3114005 INFO ===
2024-04-07 11:59:40,350 P3114005 INFO [Metrics] AUC: 0.713969 - logloss: 0.416322
2024-04-07 11:59:40,355 P3114005 INFO Save best model: monitor(max)=0.297647
2024-04-07 11:59:46,080 P3114005 INFO ************ Epoch=3 end ************
2024-04-07 12:00:45,541 P3114005 INFO Train loss: 0.466420
2024-04-07 12:00:45,542 P3114005 INFO Evaluation @epoch 4 - batch 898: 
2024-04-07 12:01:06,160 P3114005 INFO ===
2024-04-07 12:01:06,160 P3114005 INFO [Metrics] AUC: 0.716950 - logloss: 0.418888
2024-04-07 12:01:06,166 P3114005 INFO Save best model: monitor(max)=0.298062
2024-04-07 12:01:12,630 P3114005 INFO ************ Epoch=4 end ************
2024-04-07 12:02:12,073 P3114005 INFO Train loss: 0.464069
2024-04-07 12:02:12,073 P3114005 INFO Evaluation @epoch 5 - batch 898: 
2024-04-07 12:02:33,433 P3114005 INFO ===
2024-04-07 12:02:33,433 P3114005 INFO [Metrics] AUC: 0.717722 - logloss: 0.417549
2024-04-07 12:02:33,435 P3114005 INFO Save best model: monitor(max)=0.300174
2024-04-07 12:02:38,816 P3114005 INFO ************ Epoch=5 end ************
2024-04-07 12:03:37,397 P3114005 INFO Train loss: 0.464156
2024-04-07 12:03:37,398 P3114005 INFO Evaluation @epoch 6 - batch 898: 
2024-04-07 12:03:58,029 P3114005 INFO ===
2024-04-07 12:03:58,030 P3114005 INFO [Metrics] AUC: 0.719617 - logloss: 0.416442
2024-04-07 12:03:58,037 P3114005 INFO Save best model: monitor(max)=0.303174
2024-04-07 12:04:03,086 P3114005 INFO ************ Epoch=6 end ************
2024-04-07 12:05:01,300 P3114005 INFO Train loss: 0.461999
2024-04-07 12:05:01,301 P3114005 INFO Evaluation @epoch 7 - batch 898: 
2024-04-07 12:05:23,025 P3114005 INFO ===
2024-04-07 12:05:23,026 P3114005 INFO [Metrics] AUC: 0.720507 - logloss: 0.414743
2024-04-07 12:05:23,033 P3114005 INFO Save best model: monitor(max)=0.305764
2024-04-07 12:05:28,710 P3114005 INFO ************ Epoch=7 end ************
2024-04-07 12:06:28,783 P3114005 INFO Train loss: 0.461198
2024-04-07 12:06:28,783 P3114005 INFO Evaluation @epoch 8 - batch 898: 
2024-04-07 12:06:49,260 P3114005 INFO ===
2024-04-07 12:06:49,261 P3114005 INFO [Metrics] AUC: 0.719640 - logloss: 0.416192
2024-04-07 12:06:49,263 P3114005 INFO Monitor(max)=0.303448 STOP!
2024-04-07 12:06:49,263 P3114005 INFO Reduce learning rate on plateau: 0.000100
2024-04-07 12:06:49,431 P3114005 INFO ************ Epoch=8 end ************
2024-04-07 12:07:56,048 P3114005 INFO Train loss: 0.444465
2024-04-07 12:07:56,048 P3114005 INFO Evaluation @epoch 9 - batch 898: 
2024-04-07 12:08:14,819 P3114005 INFO ===
2024-04-07 12:08:14,819 P3114005 INFO [Metrics] AUC: 0.732663 - logloss: 0.411780
2024-04-07 12:08:14,822 P3114005 INFO Save best model: monitor(max)=0.320883
2024-04-07 12:08:20,246 P3114005 INFO ************ Epoch=9 end ************
2024-04-07 12:09:17,123 P3114005 INFO Train loss: 0.439518
2024-04-07 12:09:17,123 P3114005 INFO Evaluation @epoch 10 - batch 898: 
2024-04-07 12:09:35,325 P3114005 INFO ===
2024-04-07 12:09:35,325 P3114005 INFO [Metrics] AUC: 0.734021 - logloss: 0.411000
2024-04-07 12:09:35,328 P3114005 INFO Save best model: monitor(max)=0.323021
2024-04-07 12:09:40,993 P3114005 INFO ************ Epoch=10 end ************
2024-04-07 12:10:44,074 P3114005 INFO Train loss: 0.436721
2024-04-07 12:10:44,074 P3114005 INFO Evaluation @epoch 11 - batch 898: 
2024-04-07 12:11:05,842 P3114005 INFO ===
2024-04-07 12:11:05,842 P3114005 INFO [Metrics] AUC: 0.733631 - logloss: 0.412248
2024-04-07 12:11:05,845 P3114005 INFO Monitor(max)=0.321384 STOP!
2024-04-07 12:11:05,845 P3114005 INFO Reduce learning rate on plateau: 0.000010
2024-04-07 12:11:06,058 P3114005 INFO ************ Epoch=11 end ************
2024-04-07 12:12:08,142 P3114005 INFO Train loss: 0.421165
2024-04-07 12:12:08,143 P3114005 INFO Evaluation @epoch 12 - batch 898: 
2024-04-07 12:12:26,836 P3114005 INFO ===
2024-04-07 12:12:26,837 P3114005 INFO [Metrics] AUC: 0.732141 - logloss: 0.418716
2024-04-07 12:12:26,845 P3114005 INFO Monitor(max)=0.313425 STOP!
2024-04-07 12:12:26,845 P3114005 INFO Reduce learning rate on plateau: 0.000001
2024-04-07 12:12:26,845 P3114005 INFO ********* Epoch==12 early stop *********
2024-04-07 12:12:27,035 P3114005 INFO Training finished.
2024-04-07 12:12:27,035 P3114005 INFO Load best model: /mnt/public/lhh/code/model_zoo/SimCEN/SimCEN_torch/checkpoints/microvideo1.7m_x1/SimCEN_SimCEN_microvideo_348_d24c8de7.model
2024-04-07 12:12:27,770 P3114005 INFO ****** Validation evaluation ******
2024-04-07 12:12:49,610 P3114005 INFO ===
2024-04-07 12:12:49,610 P3114005 INFO [Metrics] logloss: 0.411000 - AUC: 0.734021
2024-04-07 12:12:49,740 P3114005 INFO ******** Test evaluation ********
2024-04-07 12:12:49,740 P3114005 INFO Loading data...
2024-04-07 12:12:49,740 P3114005 INFO Loading data from h5: ../../../data/MicroVideo1.7M/microvideo1.7m_x1/test.h5
2024-04-07 12:12:55,522 P3114005 INFO Test samples: total/3767308, blocks/1
2024-04-07 12:12:55,523 P3114005 INFO Loading test data done.
2024-04-07 12:13:12,328 P3114005 INFO ===
2024-04-07 12:13:12,328 P3114005 INFO [Metrics] logloss: 0.411000 - AUC: 0.734021
