2024-04-06 18:55:39,692 P3596603 INFO Params: {
    "alpha": "0.001",
    "batch_size": "10000",
    "cl_temperature": "0.3",
    "data_format": "csv",
    "data_root": "../../../data/MicroVideo1.7M/",
    "dataset_id": "microvideo1.7m_x1",
    "debug_mode": "False",
    "early_stop_patience": "2",
    "ego_batch_norm": "True",
    "ego_dropout": "0.2",
    "ego_hidden_activations": "relu",
    "embedding_dim": "64",
    "embedding_regularizer": "0.005",
    "embedding_share": "True",
    "epochs": "100",
    "eval_steps": "None",
    "feature_cols": "[{'active': True, 'dtype': 'int', 'name': 'group_id', 'preprocess': 'copy_from(user_id)', 'remap': False, 'type': 'meta'}, {'active': True, 'dtype': 'str', 'name': 'user_id', 'type': 'categorical'}, {'active': True, 'dtype': 'str', 'embedding_dim': 64, 'name': 'item_id', 'pretrained_emb': '../../../data/MicroVideo1.7M_x1/item_image_emb_dim64.h5', 'type': 'categorical'}, {'active': True, 'dtype': 'str', 'name': 'cate_id', 'type': 'categorical'}, {'active': True, 'dtype': 'str', 'embedding_dim': 64, 'max_len': 100, 'name': 'clicked_items', 'padding': 'pre', 'pretrained_emb': '../../../data/MicroVideo1.7M_x1/item_image_emb_dim64.h5', 'splitter': '^', 'type': 'sequence'}, {'active': True, 'dtype': 'str', 'max_len': 100, 'name': 'clicked_categories', 'padding': 'pre', 'share_embedding': 'cate_id', 'splitter': '^', 'type': 'sequence'}, {'active': False, 'dtype': 'str', 'name': 'timestamp', 'type': 'categorical'}]",
    "feature_config": "None",
    "feature_specs": "[{'feature_encoder': 'nn.Linear(64, 64, bias=False)', 'name': 'item_id'}, {'feature_encoder': ['layers.MaskedAveragePooling()', 'nn.Linear(64, 64, bias=False)'], 'name': 'clicked_items'}, {'feature_encoder': 'layers.MaskedAveragePooling()', 'name': 'clicked_categories'}]",
    "gpu": "1",
    "group_id": "None",
    "label_col": "{'dtype': 'float', 'name': 'is_click'}",
    "learning_rate": "0.001",
    "loss": "binary_crossentropy",
    "metrics": "['logloss', 'AUC']",
    "min_categr_count": "1",
    "mlep1_hidden_units": "[480, 480, 480]",
    "mlep2_hidden_units": "[480, 480, 480]",
    "model": "SimCEN_SimCENv2",
    "model_id": "SimCEN_SimCEN_microvideo_066_bae966e6",
    "model_root": "./checkpoints/",
    "monitor": "{'AUC': 1, 'logloss': -1}",
    "monitor_mode": "max",
    "net_regularizer": "0",
    "num_workers": "10",
    "optimizer": "adam",
    "pickle_feature_encoder": "True",
    "save_best_only": "True",
    "seed": "2024",
    "shuffle": "True",
    "task": "binary_classification",
    "test_data": "../../../data/MicroVideo1.7M_x1/test.csv",
    "through_dropout": "0.1",
    "train_data": "../../../data/MicroVideo1.7M_x1/train.csv",
    "use_features": "None",
    "v1_batch_norm": "True",
    "v1_dropout": "0.1",
    "v1_hidden_activations": "mish",
    "v2_batch_norm": "True",
    "v2_dropout": "0.2",
    "v2_hidden_activations": "gelu",
    "valid_data": "../../../data/MicroVideo1.7M_x1/test.csv",
    "verbose": "1"
}
2024-04-06 18:55:39,692 P3596603 INFO Set up feature processor...
2024-04-06 18:55:39,693 P3596603 WARNING Skip rebuilding ../../../data/MicroVideo1.7M/microvideo1.7m_x1/feature_map.json. Please delete it manually if rebuilding is required.
2024-04-06 18:55:39,693 P3596603 INFO Load feature_map from json: ../../../data/MicroVideo1.7M/microvideo1.7m_x1/feature_map.json
2024-04-06 18:55:39,693 P3596603 INFO Set column index...
2024-04-06 18:55:39,693 P3596603 INFO Feature specs: {
    "cate_id": "{'source': '', 'type': 'categorical', 'padding_idx': 0, 'oov_idx': 513, 'vocab_size': 514}",
    "clicked_categories": "{'source': '', 'type': 'sequence', 'feature_encoder': 'layers.MaskedAveragePooling()', 'share_embedding': 'cate_id', 'padding_idx': 0, 'oov_idx': 513, 'vocab_size': 514, 'max_len': 100}",
    "clicked_items": "{'source': '', 'type': 'sequence', 'feature_encoder': ['layers.MaskedAveragePooling()', 'nn.Linear(64, 64, bias=False)'], 'embedding_dim': 64, 'pretrained_emb': 'pretrained_emb.h5', 'freeze_emb': True, 'padding_idx': 0, 'oov_idx': 1704881, 'vocab_size': 1704882, 'max_len': 100}",
    "group_id": "{'type': 'meta'}",
    "item_id": "{'source': '', 'type': 'categorical', 'embedding_dim': 64, 'pretrained_emb': 'pretrained_emb.h5', 'freeze_emb': True, 'padding_idx': 0, 'oov_idx': 1704881, 'vocab_size': 1704882, 'feature_encoder': 'nn.Linear(64, 64, bias=False)'}",
    "user_id": "{'source': '', 'type': 'categorical', 'padding_idx': 0, 'oov_idx': 10987, 'vocab_size': 10988}"
}
2024-04-06 18:55:47,719 P3596603 INFO Total number of parameters: 2768257.
2024-04-06 18:55:47,719 P3596603 INFO Loading data...
2024-04-06 18:55:47,720 P3596603 INFO Loading data from h5: ../../../data/MicroVideo1.7M/microvideo1.7m_x1/train.h5
2024-04-06 18:55:57,620 P3596603 INFO Train samples: total/8970309, blocks/1
2024-04-06 18:55:57,620 P3596603 INFO Loading data from h5: ../../../data/MicroVideo1.7M/microvideo1.7m_x1/valid.h5
2024-04-06 18:56:01,847 P3596603 INFO Validation samples: total/3767308, blocks/1
2024-04-06 18:56:01,847 P3596603 INFO Loading train and validation data done.
2024-04-06 18:56:01,847 P3596603 INFO Start training: 898 batches/epoch
2024-04-06 18:56:01,847 P3596603 INFO ************ Epoch=1 start ************
2024-04-06 18:56:57,035 P3596603 INFO Train loss: 0.528859
2024-04-06 18:56:57,036 P3596603 INFO Evaluation @epoch 1 - batch 898: 
2024-04-06 18:57:15,119 P3596603 INFO ===
2024-04-06 18:57:15,120 P3596603 INFO [Metrics] AUC: 0.707336 - logloss: 0.421417
2024-04-06 18:57:15,123 P3596603 INFO Save best model: monitor(max)=0.285918
2024-04-06 18:57:17,733 P3596603 INFO ************ Epoch=1 end ************
2024-04-06 18:58:11,581 P3596603 INFO Train loss: 0.470983
2024-04-06 18:58:11,582 P3596603 INFO Evaluation @epoch 2 - batch 898: 
2024-04-06 18:58:28,350 P3596603 INFO ===
2024-04-06 18:58:28,350 P3596603 INFO [Metrics] AUC: 0.713131 - logloss: 0.418601
2024-04-06 18:58:28,356 P3596603 INFO Save best model: monitor(max)=0.294530
2024-04-06 18:58:34,095 P3596603 INFO ************ Epoch=2 end ************
2024-04-06 18:59:35,899 P3596603 INFO Train loss: 0.466944
2024-04-06 18:59:35,900 P3596603 INFO Evaluation @epoch 3 - batch 898: 
2024-04-06 18:59:51,229 P3596603 INFO ===
2024-04-06 18:59:51,230 P3596603 INFO [Metrics] AUC: 0.713799 - logloss: 0.418239
2024-04-06 18:59:51,233 P3596603 INFO Save best model: monitor(max)=0.295560
2024-04-06 18:59:57,280 P3596603 INFO ************ Epoch=3 end ************
2024-04-06 19:00:54,855 P3596603 INFO Train loss: 0.464971
2024-04-06 19:00:54,856 P3596603 INFO Evaluation @epoch 4 - batch 898: 
2024-04-06 19:01:08,902 P3596603 INFO ===
2024-04-06 19:01:08,903 P3596603 INFO [Metrics] AUC: 0.717779 - logloss: 0.418299
2024-04-06 19:01:08,905 P3596603 INFO Save best model: monitor(max)=0.299480
2024-04-06 19:01:14,109 P3596603 INFO ************ Epoch=4 end ************
2024-04-06 19:02:12,403 P3596603 INFO Train loss: 0.463798
2024-04-06 19:02:12,404 P3596603 INFO Evaluation @epoch 5 - batch 898: 
2024-04-06 19:02:33,441 P3596603 INFO ===
2024-04-06 19:02:33,441 P3596603 INFO [Metrics] AUC: 0.717958 - logloss: 0.416779
2024-04-06 19:02:33,446 P3596603 INFO Save best model: monitor(max)=0.301180
2024-04-06 19:02:38,705 P3596603 INFO ************ Epoch=5 end ************
2024-04-06 19:03:35,347 P3596603 INFO Train loss: 0.464375
2024-04-06 19:03:35,347 P3596603 INFO Evaluation @epoch 6 - batch 898: 
2024-04-06 19:03:54,126 P3596603 INFO ===
2024-04-06 19:03:54,127 P3596603 INFO [Metrics] AUC: 0.719379 - logloss: 0.416210
2024-04-06 19:03:54,129 P3596603 INFO Save best model: monitor(max)=0.303169
2024-04-06 19:04:00,143 P3596603 INFO ************ Epoch=6 end ************
2024-04-06 19:05:03,137 P3596603 INFO Train loss: 0.461965
2024-04-06 19:05:03,138 P3596603 INFO Evaluation @epoch 7 - batch 898: 
2024-04-06 19:05:21,549 P3596603 INFO ===
2024-04-06 19:05:21,550 P3596603 INFO [Metrics] AUC: 0.721228 - logloss: 0.414414
2024-04-06 19:05:21,552 P3596603 INFO Save best model: monitor(max)=0.306814
2024-04-06 19:05:32,118 P3596603 INFO ************ Epoch=7 end ************
2024-04-06 19:06:31,504 P3596603 INFO Train loss: 0.461128
2024-04-06 19:06:31,504 P3596603 INFO Evaluation @epoch 8 - batch 898: 
2024-04-06 19:06:48,496 P3596603 INFO ===
2024-04-06 19:06:48,496 P3596603 INFO [Metrics] AUC: 0.719874 - logloss: 0.417318
2024-04-06 19:06:48,500 P3596603 INFO Monitor(max)=0.302557 STOP!
2024-04-06 19:06:48,500 P3596603 INFO Reduce learning rate on plateau: 0.000100
2024-04-06 19:06:48,625 P3596603 INFO ************ Epoch=8 end ************
2024-04-06 19:07:45,920 P3596603 INFO Train loss: 0.444206
2024-04-06 19:07:45,921 P3596603 INFO Evaluation @epoch 9 - batch 898: 
2024-04-06 19:08:09,389 P3596603 INFO ===
2024-04-06 19:08:09,389 P3596603 INFO [Metrics] AUC: 0.732522 - logloss: 0.411972
2024-04-06 19:08:09,394 P3596603 INFO Save best model: monitor(max)=0.320550
2024-04-06 19:08:18,949 P3596603 INFO ************ Epoch=9 end ************
2024-04-06 19:09:17,513 P3596603 INFO Train loss: 0.439696
2024-04-06 19:09:17,513 P3596603 INFO Evaluation @epoch 10 - batch 898: 
2024-04-06 19:09:36,699 P3596603 INFO ===
2024-04-06 19:09:36,699 P3596603 INFO [Metrics] AUC: 0.733944 - logloss: 0.410599
2024-04-06 19:09:36,706 P3596603 INFO Save best model: monitor(max)=0.323345
2024-04-06 19:09:46,378 P3596603 INFO ************ Epoch=10 end ************
2024-04-06 19:10:45,923 P3596603 INFO Train loss: 0.436906
2024-04-06 19:10:45,924 P3596603 INFO Evaluation @epoch 11 - batch 898: 
2024-04-06 19:11:05,092 P3596603 INFO ===
2024-04-06 19:11:05,093 P3596603 INFO [Metrics] AUC: 0.733470 - logloss: 0.412163
2024-04-06 19:11:05,102 P3596603 INFO Monitor(max)=0.321307 STOP!
2024-04-06 19:11:05,103 P3596603 INFO Reduce learning rate on plateau: 0.000010
2024-04-06 19:11:05,248 P3596603 INFO ************ Epoch=11 end ************
2024-04-06 19:12:02,881 P3596603 INFO Train loss: 0.421324
2024-04-06 19:12:02,882 P3596603 INFO Evaluation @epoch 12 - batch 898: 
2024-04-06 19:12:27,567 P3596603 INFO ===
2024-04-06 19:12:27,567 P3596603 INFO [Metrics] AUC: 0.731894 - logloss: 0.418967
2024-04-06 19:12:27,570 P3596603 INFO Monitor(max)=0.312927 STOP!
2024-04-06 19:12:27,570 P3596603 INFO Reduce learning rate on plateau: 0.000001
2024-04-06 19:12:27,570 P3596603 INFO ********* Epoch==12 early stop *********
2024-04-06 19:12:27,697 P3596603 INFO Training finished.
2024-04-06 19:12:27,697 P3596603 INFO Load best model: /mnt/public/lhh/code/model_zoo/SimCEN/SimCEN_torch/checkpoints/microvideo1.7m_x1/SimCEN_SimCEN_microvideo_066_bae966e6.model
2024-04-06 19:12:28,374 P3596603 INFO ****** Validation evaluation ******
2024-04-06 19:12:46,649 P3596603 INFO ===
2024-04-06 19:12:46,649 P3596603 INFO [Metrics] logloss: 0.410599 - AUC: 0.733944
2024-04-06 19:12:46,728 P3596603 INFO ******** Test evaluation ********
2024-04-06 19:12:46,728 P3596603 INFO Loading data...
2024-04-06 19:12:46,728 P3596603 INFO Loading data from h5: ../../../data/MicroVideo1.7M/microvideo1.7m_x1/test.h5
2024-04-06 19:12:50,670 P3596603 INFO Test samples: total/3767308, blocks/1
2024-04-06 19:12:50,670 P3596603 INFO Loading test data done.
2024-04-06 19:13:09,830 P3596603 INFO ===
2024-04-06 19:13:09,830 P3596603 INFO [Metrics] logloss: 0.410599 - AUC: 0.733944
