2024-04-01 12:46:46,591 P787243 INFO Params: {
    "alpha": "0.0001",
    "batch_size": "10000",
    "cl_temperature": "0.1",
    "data_format": "csv",
    "data_root": "../../../data/MicroVideo1.7M/",
    "dataset_id": "microvideo1.7m_x1",
    "debug_mode": "False",
    "early_stop_patience": "2",
    "ego_batch_norm": "True",
    "ego_dropout": "0.1",
    "ego_hidden_activations": "relu",
    "embedding_dim": "64",
    "embedding_regularizer": "0.005",
    "epochs": "100",
    "eval_steps": "None",
    "feature_cols": "[{'active': True, 'dtype': 'int', 'name': 'group_id', 'preprocess': 'copy_from(user_id)', 'remap': False, 'type': 'meta'}, {'active': True, 'dtype': 'str', 'name': 'user_id', 'type': 'categorical'}, {'active': True, 'dtype': 'str', 'embedding_dim': 64, 'name': 'item_id', 'pretrained_emb': '../../../data/MicroVideo1.7M_x1/item_image_emb_dim64.h5', 'type': 'categorical'}, {'active': True, 'dtype': 'str', 'name': 'cate_id', 'type': 'categorical'}, {'active': True, 'dtype': 'str', 'embedding_dim': 64, 'max_len': 100, 'name': 'clicked_items', 'padding': 'pre', 'pretrained_emb': '../../../data/MicroVideo1.7M_x1/item_image_emb_dim64.h5', 'splitter': '^', 'type': 'sequence'}, {'active': True, 'dtype': 'str', 'max_len': 100, 'name': 'clicked_categories', 'padding': 'pre', 'share_embedding': 'cate_id', 'splitter': '^', 'type': 'sequence'}, {'active': False, 'dtype': 'str', 'name': 'timestamp', 'type': 'categorical'}]",
    "feature_config": "None",
    "feature_specs": "[{'feature_encoder': 'nn.Linear(64, 64, bias=False)', 'name': 'item_id'}, {'feature_encoder': ['layers.MaskedAveragePooling()', 'nn.Linear(64, 64, bias=False)'], 'name': 'clicked_items'}, {'feature_encoder': 'layers.MaskedAveragePooling()', 'name': 'clicked_categories'}]",
    "gpu": "2",
    "group_id": "None",
    "hidden_units": "[480, 480, 480]",
    "label_col": "{'dtype': 'float', 'name': 'is_click'}",
    "learning_rate": "0.001",
    "loss": "binary_crossentropy",
    "metrics": "['logloss', 'AUC']",
    "min_categr_count": "1",
    "model": "SimCEN",
    "model_id": "SimCEN_microvideo1.7m_x1_007_ceed9539",
    "model_root": "./checkpoints/",
    "monitor": "{'AUC': 1, 'logloss': -1}",
    "monitor_mode": "max",
    "net_regularizer": "0",
    "num_workers": "10",
    "optimizer": "adam",
    "pickle_feature_encoder": "True",
    "save_best_only": "True",
    "seed": "2023",
    "shuffle": "True",
    "task": "binary_classification",
    "test_data": "../../../data/MicroVideo1.7M_x1/test.csv",
    "through_dropout": "0.1",
    "train_data": "../../../data/MicroVideo1.7M_x1/train.csv",
    "use_features": "None",
    "v1_batch_norm": "True",
    "v1_dropout": "0.1",
    "v1_hidden_activations": "mish",
    "v2_batch_norm": "True",
    "v2_dropout": "0.1",
    "v2_hidden_activations": "gelu",
    "valid_data": "../../../data/MicroVideo1.7M_x1/test.csv",
    "verbose": "1"
}
2024-04-01 12:46:46,592 P787243 INFO Set up feature processor...
2024-04-01 12:46:46,593 P787243 WARNING Skip rebuilding ../../../data/MicroVideo1.7M/microvideo1.7m_x1/feature_map.json. Please delete it manually if rebuilding is required.
2024-04-01 12:46:46,593 P787243 INFO Load feature_map from json: ../../../data/MicroVideo1.7M/microvideo1.7m_x1/feature_map.json
2024-04-01 12:46:46,593 P787243 INFO Set column index...
2024-04-01 12:46:46,593 P787243 INFO Feature specs: {
    "cate_id": "{'source': '', 'type': 'categorical', 'padding_idx': 0, 'oov_idx': 513, 'vocab_size': 514}",
    "clicked_categories": "{'source': '', 'type': 'sequence', 'feature_encoder': 'layers.MaskedAveragePooling()', 'share_embedding': 'cate_id', 'padding_idx': 0, 'oov_idx': 513, 'vocab_size': 514, 'max_len': 100}",
    "clicked_items": "{'source': '', 'type': 'sequence', 'feature_encoder': ['layers.MaskedAveragePooling()', 'nn.Linear(64, 64, bias=False)'], 'embedding_dim': 64, 'pretrained_emb': 'pretrained_emb.h5', 'freeze_emb': True, 'padding_idx': 0, 'oov_idx': 1704881, 'vocab_size': 1704882, 'max_len': 100}",
    "group_id": "{'type': 'meta'}",
    "item_id": "{'source': '', 'type': 'categorical', 'embedding_dim': 64, 'pretrained_emb': 'pretrained_emb.h5', 'freeze_emb': True, 'padding_idx': 0, 'oov_idx': 1704881, 'vocab_size': 1704882, 'feature_encoder': 'nn.Linear(64, 64, bias=False)'}",
    "user_id": "{'source': '', 'type': 'categorical', 'padding_idx': 0, 'oov_idx': 10987, 'vocab_size': 10988}"
}
2024-04-01 12:46:50,475 P787243 INFO Total number of parameters: 1763137.
2024-04-01 12:46:50,476 P787243 INFO Loading data...
2024-04-01 12:46:50,476 P787243 INFO Loading data from h5: ../../../data/MicroVideo1.7M/microvideo1.7m_x1/train.h5
2024-04-01 12:46:57,979 P787243 INFO Train samples: total/8970309, blocks/1
2024-04-01 12:46:57,979 P787243 INFO Loading data from h5: ../../../data/MicroVideo1.7M/microvideo1.7m_x1/valid.h5
2024-04-01 12:47:01,127 P787243 INFO Validation samples: total/3767308, blocks/1
2024-04-01 12:47:01,127 P787243 INFO Loading train and validation data done.
2024-04-01 12:47:01,127 P787243 INFO Start training: 898 batches/epoch
2024-04-01 12:47:01,127 P787243 INFO ************ Epoch=1 start ************
2024-04-01 12:47:55,054 P787243 INFO Train loss: 0.517340
2024-04-01 12:47:55,054 P787243 INFO Evaluation @epoch 1 - batch 898: 
2024-04-01 12:48:07,646 P787243 INFO ===
2024-04-01 12:48:07,646 P787243 INFO [Metrics] AUC: 0.709618 - logloss: 0.420751
2024-04-01 12:48:07,648 P787243 INFO Save best model: monitor(max)=0.288868
2024-04-01 12:48:08,854 P787243 INFO ************ Epoch=1 end ************
2024-04-01 12:48:59,584 P787243 INFO Train loss: 0.458653
2024-04-01 12:48:59,585 P787243 INFO Evaluation @epoch 2 - batch 898: 
2024-04-01 12:49:11,951 P787243 INFO ===
2024-04-01 12:49:11,951 P787243 INFO [Metrics] AUC: 0.715844 - logloss: 0.416558
2024-04-01 12:49:11,953 P787243 INFO Save best model: monitor(max)=0.299286
2024-04-01 12:49:13,871 P787243 INFO ************ Epoch=2 end ************
2024-04-01 12:50:02,019 P787243 INFO Train loss: 0.454398
2024-04-01 12:50:02,020 P787243 INFO Evaluation @epoch 3 - batch 898: 
2024-04-01 12:50:16,290 P787243 INFO ===
2024-04-01 12:50:16,290 P787243 INFO [Metrics] AUC: 0.717665 - logloss: 0.417266
2024-04-01 12:50:16,292 P787243 INFO Save best model: monitor(max)=0.300399
2024-04-01 12:50:18,320 P787243 INFO ************ Epoch=3 end ************
2024-04-01 12:51:07,410 P787243 INFO Train loss: 0.453012
2024-04-01 12:51:07,410 P787243 INFO Evaluation @epoch 4 - batch 898: 
2024-04-01 12:51:22,350 P787243 INFO ===
2024-04-01 12:51:22,351 P787243 INFO [Metrics] AUC: 0.718707 - logloss: 0.417774
2024-04-01 12:51:22,353 P787243 INFO Save best model: monitor(max)=0.300933
2024-04-01 12:51:24,103 P787243 INFO ************ Epoch=4 end ************
2024-04-01 12:52:13,208 P787243 INFO Train loss: 0.451953
2024-04-01 12:52:13,209 P787243 INFO Evaluation @epoch 5 - batch 898: 
2024-04-01 12:52:27,829 P787243 INFO ===
2024-04-01 12:52:27,829 P787243 INFO [Metrics] AUC: 0.717377 - logloss: 0.416202
2024-04-01 12:52:27,831 P787243 INFO Save best model: monitor(max)=0.301175
2024-04-01 12:52:29,640 P787243 INFO ************ Epoch=5 end ************
2024-04-01 12:53:20,808 P787243 INFO Train loss: 0.451171
2024-04-01 12:53:20,808 P787243 INFO Evaluation @epoch 6 - batch 898: 
2024-04-01 12:53:37,660 P787243 INFO ===
2024-04-01 12:53:37,660 P787243 INFO [Metrics] AUC: 0.720026 - logloss: 0.416179
2024-04-01 12:53:37,663 P787243 INFO Save best model: monitor(max)=0.303847
2024-04-01 12:53:39,581 P787243 INFO ************ Epoch=6 end ************
2024-04-01 12:54:31,904 P787243 INFO Train loss: 0.450647
2024-04-01 12:54:31,905 P787243 INFO Evaluation @epoch 7 - batch 898: 
2024-04-01 12:54:46,696 P787243 INFO ===
2024-04-01 12:54:46,697 P787243 INFO [Metrics] AUC: 0.720096 - logloss: 0.415528
2024-04-01 12:54:46,704 P787243 INFO Save best model: monitor(max)=0.304568
2024-04-01 12:54:48,524 P787243 INFO ************ Epoch=7 end ************
2024-04-01 12:55:38,579 P787243 INFO Train loss: 0.449992
2024-04-01 12:55:38,579 P787243 INFO Evaluation @epoch 8 - batch 898: 
2024-04-01 12:55:52,844 P787243 INFO ===
2024-04-01 12:55:52,844 P787243 INFO [Metrics] AUC: 0.720595 - logloss: 0.416133
2024-04-01 12:55:52,845 P787243 INFO Monitor(max)=0.304462 STOP!
2024-04-01 12:55:52,846 P787243 INFO Reduce learning rate on plateau: 0.000100
2024-04-01 12:55:52,963 P787243 INFO ************ Epoch=8 end ************
2024-04-01 12:56:42,751 P787243 INFO Train loss: 0.432744
2024-04-01 12:56:42,751 P787243 INFO Evaluation @epoch 9 - batch 898: 
2024-04-01 12:56:57,167 P787243 INFO ===
2024-04-01 12:56:57,168 P787243 INFO [Metrics] AUC: 0.732480 - logloss: 0.410859
2024-04-01 12:56:57,170 P787243 INFO Save best model: monitor(max)=0.321620
2024-04-01 12:56:59,090 P787243 INFO ************ Epoch=9 end ************
2024-04-01 12:57:49,207 P787243 INFO Train loss: 0.428136
2024-04-01 12:57:49,208 P787243 INFO Evaluation @epoch 10 - batch 898: 
2024-04-01 12:58:03,942 P787243 INFO ===
2024-04-01 12:58:03,942 P787243 INFO [Metrics] AUC: 0.733608 - logloss: 0.410753
2024-04-01 12:58:03,944 P787243 INFO Save best model: monitor(max)=0.322855
2024-04-01 12:58:05,912 P787243 INFO ************ Epoch=10 end ************
2024-04-01 12:58:58,285 P787243 INFO Train loss: 0.425267
2024-04-01 12:58:58,286 P787243 INFO Evaluation @epoch 11 - batch 898: 
2024-04-01 12:59:10,793 P787243 INFO ===
2024-04-01 12:59:10,794 P787243 INFO [Metrics] AUC: 0.733282 - logloss: 0.411406
2024-04-01 12:59:10,795 P787243 INFO Monitor(max)=0.321876 STOP!
2024-04-01 12:59:10,795 P787243 INFO Reduce learning rate on plateau: 0.000010
2024-04-01 12:59:10,941 P787243 INFO ************ Epoch=11 end ************
2024-04-01 13:00:03,280 P787243 INFO Train loss: 0.409185
2024-04-01 13:00:03,281 P787243 INFO Evaluation @epoch 12 - batch 898: 
2024-04-01 13:00:18,067 P787243 INFO ===
2024-04-01 13:00:18,068 P787243 INFO [Metrics] AUC: 0.731408 - logloss: 0.418167
2024-04-01 13:00:18,070 P787243 INFO Monitor(max)=0.313241 STOP!
2024-04-01 13:00:18,070 P787243 INFO Reduce learning rate on plateau: 0.000001
2024-04-01 13:00:18,070 P787243 INFO ********* Epoch==12 early stop *********
2024-04-01 13:00:18,192 P787243 INFO Training finished.
2024-04-01 13:00:18,192 P787243 INFO Load best model: /mnt/data00/lhh/code/model_zoo/SimCEN/SimCEN_torch/checkpoints/microvideo1.7m_x1/SimCEN_microvideo1.7m_x1_007_ceed9539.model
2024-04-01 13:00:18,711 P787243 INFO ****** Validation evaluation ******
2024-04-01 13:00:33,298 P787243 INFO ===
2024-04-01 13:00:33,298 P787243 INFO [Metrics] logloss: 0.410753 - AUC: 0.733608
2024-04-01 13:00:33,449 P787243 INFO ******** Test evaluation ********
2024-04-01 13:00:33,449 P787243 INFO Loading data...
2024-04-01 13:00:33,450 P787243 INFO Loading data from h5: ../../../data/MicroVideo1.7M/microvideo1.7m_x1/test.h5
2024-04-01 13:00:37,042 P787243 INFO Test samples: total/3767308, blocks/1
2024-04-01 13:00:37,043 P787243 INFO Loading test data done.
2024-04-01 13:00:51,497 P787243 INFO ===
2024-04-01 13:00:51,497 P787243 INFO [Metrics] logloss: 0.410753 - AUC: 0.733608
