2024-04-02 09:09:07,788 P3728162 INFO Params: {
    "alpha": "0.0001",
    "batch_size": "10000",
    "cl_temperature": "0.1",
    "data_format": "csv",
    "data_root": "../../../data/MicroVideo1.7M/",
    "dataset_id": "microvideo1.7m_x1",
    "debug_mode": "False",
    "early_stop_patience": "2",
    "ego_batch_norm": "True",
    "ego_dropout": "0.1",
    "ego_hidden_activations": "relu",
    "embedding_dim": "64",
    "embedding_regularizer": "0.005",
    "epochs": "100",
    "eval_steps": "None",
    "feature_cols": "[{'active': True, 'dtype': 'int', 'name': 'group_id', 'preprocess': 'copy_from(user_id)', 'remap': False, 'type': 'meta'}, {'active': True, 'dtype': 'str', 'name': 'user_id', 'type': 'categorical'}, {'active': True, 'dtype': 'str', 'embedding_dim': 64, 'name': 'item_id', 'pretrained_emb': '../../../data/MicroVideo1.7M_x1/item_image_emb_dim64.h5', 'type': 'categorical'}, {'active': True, 'dtype': 'str', 'name': 'cate_id', 'type': 'categorical'}, {'active': True, 'dtype': 'str', 'embedding_dim': 64, 'max_len': 100, 'name': 'clicked_items', 'padding': 'pre', 'pretrained_emb': '../../../data/MicroVideo1.7M_x1/item_image_emb_dim64.h5', 'splitter': '^', 'type': 'sequence'}, {'active': True, 'dtype': 'str', 'max_len': 100, 'name': 'clicked_categories', 'padding': 'pre', 'share_embedding': 'cate_id', 'splitter': '^', 'type': 'sequence'}, {'active': False, 'dtype': 'str', 'name': 'timestamp', 'type': 'categorical'}]",
    "feature_config": "None",
    "feature_specs": "[{'feature_encoder': 'nn.Linear(64, 64, bias=False)', 'name': 'item_id'}, {'feature_encoder': ['layers.MaskedAveragePooling()', 'nn.Linear(64, 64, bias=False)'], 'name': 'clicked_items'}, {'feature_encoder': 'layers.MaskedAveragePooling()', 'name': 'clicked_categories'}]",
    "gpu": "2",
    "group_id": "None",
    "label_col": "{'dtype': 'float', 'name': 'is_click'}",
    "learning_rate": "0.001",
    "loss": "binary_crossentropy",
    "metrics": "['logloss', 'AUC']",
    "min_categr_count": "1",
    "mlep_hidden_units": "[480, 480, 480]",
    "mlp_hidden_units": "[400]",
    "model": "SimCEN_MLP",
    "model_id": "SimCEN_MLP_microvideo_058_240f028a",
    "model_root": "./checkpoints/",
    "monitor": "{'AUC': 1, 'logloss': -1}",
    "monitor_mode": "max",
    "net_regularizer": "0",
    "num_workers": "10",
    "optimizer": "adam",
    "pickle_feature_encoder": "True",
    "save_best_only": "True",
    "seed": "2023",
    "shuffle": "True",
    "task": "binary_classification",
    "test_data": "../../../data/MicroVideo1.7M_x1/test.csv",
    "through_dropout": "0.3",
    "train_data": "../../../data/MicroVideo1.7M_x1/train.csv",
    "use_features": "None",
    "v1_batch_norm": "True",
    "v1_dropout": "0.2",
    "v1_hidden_activations": "mish",
    "v2_batch_norm": "True",
    "v2_dropout": "0.1",
    "v2_hidden_activations": "gelu",
    "valid_data": "../../../data/MicroVideo1.7M_x1/test.csv",
    "verbose": "1"
}
2024-04-02 09:09:07,789 P3728162 INFO Set up feature processor...
2024-04-02 09:09:07,789 P3728162 WARNING Skip rebuilding ../../../data/MicroVideo1.7M/microvideo1.7m_x1/feature_map.json. Please delete it manually if rebuilding is required.
2024-04-02 09:09:07,789 P3728162 INFO Load feature_map from json: ../../../data/MicroVideo1.7M/microvideo1.7m_x1/feature_map.json
2024-04-02 09:09:07,790 P3728162 INFO Set column index...
2024-04-02 09:09:07,790 P3728162 INFO Feature specs: {
    "cate_id": "{'source': '', 'type': 'categorical', 'padding_idx': 0, 'oov_idx': 513, 'vocab_size': 514}",
    "clicked_categories": "{'source': '', 'type': 'sequence', 'feature_encoder': 'layers.MaskedAveragePooling()', 'share_embedding': 'cate_id', 'padding_idx': 0, 'oov_idx': 513, 'vocab_size': 514, 'max_len': 100}",
    "clicked_items": "{'source': '', 'type': 'sequence', 'feature_encoder': ['layers.MaskedAveragePooling()', 'nn.Linear(64, 64, bias=False)'], 'embedding_dim': 64, 'pretrained_emb': 'pretrained_emb.h5', 'freeze_emb': True, 'padding_idx': 0, 'oov_idx': 1704881, 'vocab_size': 1704882, 'max_len': 100}",
    "group_id": "{'type': 'meta'}",
    "item_id": "{'source': '', 'type': 'categorical', 'embedding_dim': 64, 'pretrained_emb': 'pretrained_emb.h5', 'freeze_emb': True, 'padding_idx': 0, 'oov_idx': 1704881, 'vocab_size': 1704882, 'feature_encoder': 'nn.Linear(64, 64, bias=False)'}",
    "user_id": "{'source': '', 'type': 'categorical', 'padding_idx': 0, 'oov_idx': 10987, 'vocab_size': 10988}"
}
2024-04-02 09:09:11,592 P3728162 INFO Total number of parameters: 1892738.
2024-04-02 09:09:11,592 P3728162 INFO Loading data...
2024-04-02 09:09:11,592 P3728162 INFO Loading data from h5: ../../../data/MicroVideo1.7M/microvideo1.7m_x1/train.h5
2024-04-02 09:09:19,177 P3728162 INFO Train samples: total/8970309, blocks/1
2024-04-02 09:09:19,177 P3728162 INFO Loading data from h5: ../../../data/MicroVideo1.7M/microvideo1.7m_x1/valid.h5
2024-04-02 09:09:22,425 P3728162 INFO Validation samples: total/3767308, blocks/1
2024-04-02 09:09:22,425 P3728162 INFO Loading train and validation data done.
2024-04-02 09:09:22,426 P3728162 INFO Start training: 898 batches/epoch
2024-04-02 09:09:22,426 P3728162 INFO ************ Epoch=1 start ************
2024-04-02 09:10:15,123 P3728162 INFO Train loss: 0.510385
2024-04-02 09:10:15,123 P3728162 INFO Evaluation @epoch 1 - batch 898: 
2024-04-02 09:10:29,262 P3728162 INFO ===
2024-04-02 09:10:29,262 P3728162 INFO [Metrics] AUC: 0.711335 - logloss: 0.420116
2024-04-02 09:10:29,268 P3728162 INFO Save best model: monitor(max)=0.291219
2024-04-02 09:10:30,586 P3728162 INFO ************ Epoch=1 end ************
2024-04-02 09:11:24,049 P3728162 INFO Train loss: 0.450599
2024-04-02 09:11:24,050 P3728162 INFO Evaluation @epoch 2 - batch 898: 
2024-04-02 09:11:38,128 P3728162 INFO ===
2024-04-02 09:11:38,128 P3728162 INFO [Metrics] AUC: 0.713933 - logloss: 0.418443
2024-04-02 09:11:38,131 P3728162 INFO Save best model: monitor(max)=0.295490
2024-04-02 09:11:40,177 P3728162 INFO ************ Epoch=2 end ************
2024-04-02 09:12:30,983 P3728162 INFO Train loss: 0.451225
2024-04-02 09:12:30,983 P3728162 INFO Evaluation @epoch 3 - batch 898: 
2024-04-02 09:12:44,810 P3728162 INFO ===
2024-04-02 09:12:44,811 P3728162 INFO [Metrics] AUC: 0.714978 - logloss: 0.417645
2024-04-02 09:12:44,813 P3728162 INFO Save best model: monitor(max)=0.297333
2024-04-02 09:12:46,631 P3728162 INFO ************ Epoch=3 end ************
2024-04-02 09:13:39,185 P3728162 INFO Train loss: 0.450816
2024-04-02 09:13:39,185 P3728162 INFO Evaluation @epoch 4 - batch 898: 
2024-04-02 09:13:53,403 P3728162 INFO ===
2024-04-02 09:13:53,403 P3728162 INFO [Metrics] AUC: 0.717214 - logloss: 0.417305
2024-04-02 09:13:53,405 P3728162 INFO Save best model: monitor(max)=0.299908
2024-04-02 09:13:55,275 P3728162 INFO ************ Epoch=4 end ************
2024-04-02 09:14:47,702 P3728162 INFO Train loss: 0.450853
2024-04-02 09:14:47,703 P3728162 INFO Evaluation @epoch 5 - batch 898: 
2024-04-02 09:15:01,828 P3728162 INFO ===
2024-04-02 09:15:01,828 P3728162 INFO [Metrics] AUC: 0.718507 - logloss: 0.415610
2024-04-02 09:15:01,830 P3728162 INFO Save best model: monitor(max)=0.302896
2024-04-02 09:15:03,732 P3728162 INFO ************ Epoch=5 end ************
2024-04-02 09:15:55,929 P3728162 INFO Train loss: 0.449876
2024-04-02 09:15:55,930 P3728162 INFO Evaluation @epoch 6 - batch 898: 
2024-04-02 09:16:09,549 P3728162 INFO ===
2024-04-02 09:16:09,550 P3728162 INFO [Metrics] AUC: 0.719500 - logloss: 0.416351
2024-04-02 09:16:09,555 P3728162 INFO Save best model: monitor(max)=0.303150
2024-04-02 09:16:11,383 P3728162 INFO ************ Epoch=6 end ************
2024-04-02 09:17:04,111 P3728162 INFO Train loss: 0.449354
2024-04-02 09:17:04,112 P3728162 INFO Evaluation @epoch 7 - batch 898: 
2024-04-02 09:17:18,870 P3728162 INFO ===
2024-04-02 09:17:18,870 P3728162 INFO [Metrics] AUC: 0.720607 - logloss: 0.415534
2024-04-02 09:17:18,875 P3728162 INFO Save best model: monitor(max)=0.305073
2024-04-02 09:17:20,773 P3728162 INFO ************ Epoch=7 end ************
2024-04-02 09:18:13,054 P3728162 INFO Train loss: 0.448699
2024-04-02 09:18:13,054 P3728162 INFO Evaluation @epoch 8 - batch 898: 
2024-04-02 09:18:27,924 P3728162 INFO ===
2024-04-02 09:18:27,924 P3728162 INFO [Metrics] AUC: 0.720072 - logloss: 0.414564
2024-04-02 09:18:27,925 P3728162 INFO Save best model: monitor(max)=0.305508
2024-04-02 09:18:29,842 P3728162 INFO ************ Epoch=8 end ************
2024-04-02 09:19:22,090 P3728162 INFO Train loss: 0.448404
2024-04-02 09:19:22,090 P3728162 INFO Evaluation @epoch 9 - batch 898: 
2024-04-02 09:19:35,885 P3728162 INFO ===
2024-04-02 09:19:35,885 P3728162 INFO [Metrics] AUC: 0.720035 - logloss: 0.415926
2024-04-02 09:19:35,886 P3728162 INFO Monitor(max)=0.304109 STOP!
2024-04-02 09:19:35,886 P3728162 INFO Reduce learning rate on plateau: 0.000100
2024-04-02 09:19:35,995 P3728162 INFO ************ Epoch=9 end ************
2024-04-02 09:20:28,512 P3728162 INFO Train loss: 0.431824
2024-04-02 09:20:28,513 P3728162 INFO Evaluation @epoch 10 - batch 898: 
2024-04-02 09:20:43,473 P3728162 INFO ===
2024-04-02 09:20:43,473 P3728162 INFO [Metrics] AUC: 0.732401 - logloss: 0.410547
2024-04-02 09:20:43,475 P3728162 INFO Save best model: monitor(max)=0.321854
2024-04-02 09:20:45,289 P3728162 INFO ************ Epoch=10 end ************
2024-04-02 09:21:36,338 P3728162 INFO Train loss: 0.427705
2024-04-02 09:21:36,338 P3728162 INFO Evaluation @epoch 11 - batch 898: 
2024-04-02 09:21:49,686 P3728162 INFO ===
2024-04-02 09:21:49,687 P3728162 INFO [Metrics] AUC: 0.732987 - logloss: 0.410820
2024-04-02 09:21:49,695 P3728162 INFO Save best model: monitor(max)=0.322167
2024-04-02 09:21:51,652 P3728162 INFO ************ Epoch=11 end ************
2024-04-02 09:22:43,911 P3728162 INFO Train loss: 0.425132
2024-04-02 09:22:43,911 P3728162 INFO Evaluation @epoch 12 - batch 898: 
2024-04-02 09:22:58,613 P3728162 INFO ===
2024-04-02 09:22:58,614 P3728162 INFO [Metrics] AUC: 0.733754 - logloss: 0.410828
2024-04-02 09:22:58,615 P3728162 INFO Save best model: monitor(max)=0.322926
2024-04-02 09:23:00,577 P3728162 INFO ************ Epoch=12 end ************
2024-04-02 09:23:51,760 P3728162 INFO Train loss: 0.422941
2024-04-02 09:23:51,761 P3728162 INFO Evaluation @epoch 13 - batch 898: 
2024-04-02 09:24:05,696 P3728162 INFO ===
2024-04-02 09:24:05,697 P3728162 INFO [Metrics] AUC: 0.733999 - logloss: 0.411101
2024-04-02 09:24:05,698 P3728162 INFO Monitor(max)=0.322897 STOP!
2024-04-02 09:24:05,698 P3728162 INFO Reduce learning rate on plateau: 0.000010
2024-04-02 09:24:05,822 P3728162 INFO ************ Epoch=13 end ************
2024-04-02 09:24:57,962 P3728162 INFO Train loss: 0.405283
2024-04-02 09:24:57,963 P3728162 INFO Evaluation @epoch 14 - batch 898: 
2024-04-02 09:25:12,905 P3728162 INFO ===
2024-04-02 09:25:12,905 P3728162 INFO [Metrics] AUC: 0.730280 - logloss: 0.420871
2024-04-02 09:25:12,912 P3728162 INFO Monitor(max)=0.309409 STOP!
2024-04-02 09:25:12,912 P3728162 INFO Reduce learning rate on plateau: 0.000001
2024-04-02 09:25:12,912 P3728162 INFO ********* Epoch==14 early stop *********
2024-04-02 09:25:13,026 P3728162 INFO Training finished.
2024-04-02 09:25:13,026 P3728162 INFO Load best model: /mnt/data00/lhh/code/model_zoo/SimCEN/SimCEN_torch/checkpoints/microvideo1.7m_x1/SimCEN_MLP_microvideo_058_240f028a.model
2024-04-02 09:25:13,525 P3728162 INFO ****** Validation evaluation ******
2024-04-02 09:25:28,113 P3728162 INFO ===
2024-04-02 09:25:28,114 P3728162 INFO [Metrics] logloss: 0.410828 - AUC: 0.733754
2024-04-02 09:25:28,260 P3728162 INFO ******** Test evaluation ********
2024-04-02 09:25:28,261 P3728162 INFO Loading data...
2024-04-02 09:25:28,261 P3728162 INFO Loading data from h5: ../../../data/MicroVideo1.7M/microvideo1.7m_x1/test.h5
2024-04-02 09:25:32,006 P3728162 INFO Test samples: total/3767308, blocks/1
2024-04-02 09:25:32,006 P3728162 INFO Loading test data done.
2024-04-02 09:25:45,230 P3728162 INFO ===
2024-04-02 09:25:45,231 P3728162 INFO [Metrics] logloss: 0.410828 - AUC: 0.733754
