2023-12-17 08:01:17,398 P95608 INFO Params: {
    "alpha": "0.01",
    "batch_size": "10000",
    "cl_temperature": "0.3",
    "data_format": "h5",
    "data_root": "../../../data/",
    "dataset_id": "Criteo_x4_h5",
    "debug_mode": "False",
    "early_stop_patience": "2",
    "ego_batch_norm": "True",
    "ego_dropout": "0.1",
    "ego_hidden_activations": "relu",
    "embedding_dim": "20",
    "embedding_regularizer": "0.0001",
    "embedding_share": "False",
    "epochs": "100",
    "eval_steps": "None",
    "feature_cols": "[{'active': True, 'dtype': 'float', 'fill_na': 0, 'name': ['I1', 'I2', 'I3', 'I4', 'I5', 'I6', 'I7', 'I8', 'I9', 'I10', 'I11', 'I12', 'I13'], 'preprocess': 'convert_to_bucket', 'type': 'categorical'}, {'active': True, 'dtype': 'str', 'fill_na': '', 'name': ['C1', 'C2', 'C3', 'C4', 'C5', 'C6', 'C7', 'C8', 'C9', 'C10', 'C11', 'C12', 'C13', 'C14', 'C15', 'C16', 'C17', 'C18', 'C19', 'C20', 'C21', 'C22', 'C23', 'C24', 'C25', 'C26'], 'type': 'categorical'}]",
    "feature_config": "None",
    "feature_specs": "None",
    "gpu": "3",
    "group_id": "None",
    "label_col": "{'dtype': 'float', 'name': 'Label'}",
    "learning_rate": "0.0005",
    "loss": "binary_crossentropy",
    "metrics": "['logloss', 'AUC']",
    "min_categr_count": "2",
    "mlep1_hidden_units": "[480, 480, 480]",
    "mlep2_hidden_units": "[960, 480]",
    "model": "SimCEN_SimCEN",
    "model_id": "SimCEN_SimCEN_Criteo_060_ac3ecfb9",
    "model_root": "./checkpoints/",
    "monitor": "{'AUC': 1, 'logloss': -1}",
    "monitor_mode": "max",
    "net_regularizer": "0",
    "num_workers": "4",
    "optimizer": "adam",
    "pickle_feature_encoder": "True",
    "save_best_only": "True",
    "seed": "2023",
    "shuffle": "True",
    "task": "binary_classification",
    "test_data": "../../../data/Criteo_x4_h5/test.h5",
    "through_dropout": "0.2",
    "train_data": "../../../data/Criteo_x4_h5/train.h5",
    "use_features": "None",
    "v1_batch_norm": "True",
    "v1_dropout": "0.1",
    "v1_hidden_activations": "mish",
    "v2_batch_norm": "True",
    "v2_dropout": "0.3",
    "v2_hidden_activations": "gelu",
    "valid_data": "../../../data/Criteo_x4_h5/valid.h5",
    "verbose": "1"
}
2023-12-17 08:01:17,399 P95608 INFO Load feature_map from json: ../../../data/Criteo_x4_h5/feature_map.json
2023-12-17 08:01:17,399 P95608 INFO Set column index...
2023-12-17 08:01:17,399 P95608 INFO Feature specs: {
    "C1": "{'source': '', 'type': 'categorical', 'padding_idx': 0, 'oov_idx': 1461, 'vocab_size': 1462}",
    "C10": "{'source': '', 'type': 'categorical', 'padding_idx': 0, 'oov_idx': 70514, 'vocab_size': 70515}",
    "C11": "{'source': '', 'type': 'categorical', 'padding_idx': 0, 'oov_idx': 5517, 'vocab_size': 5518}",
    "C12": "{'source': '', 'type': 'categorical', 'padding_idx': 0, 'oov_idx': 1224132, 'vocab_size': 1224133}",
    "C13": "{'source': '', 'type': 'categorical', 'padding_idx': 0, 'oov_idx': 3193, 'vocab_size': 3194}",
    "C14": "{'source': '', 'type': 'categorical', 'padding_idx': 0, 'oov_idx': 28, 'vocab_size': 29}",
    "C15": "{'source': '', 'type': 'categorical', 'padding_idx': 0, 'oov_idx': 13600, 'vocab_size': 13601}",
    "C16": "{'source': '', 'type': 'categorical', 'padding_idx': 0, 'oov_idx': 1004793, 'vocab_size': 1004794}",
    "C17": "{'source': '', 'type': 'categorical', 'padding_idx': 0, 'oov_idx': 11, 'vocab_size': 12}",
    "C18": "{'source': '', 'type': 'categorical', 'padding_idx': 0, 'oov_idx': 5230, 'vocab_size': 5231}",
    "C19": "{'source': '', 'type': 'categorical', 'padding_idx': 0, 'oov_idx': 2144, 'vocab_size': 2145}",
    "C2": "{'source': '', 'type': 'categorical', 'padding_idx': 0, 'oov_idx': 563, 'vocab_size': 564}",
    "C20": "{'source': '', 'type': 'categorical', 'padding_idx': 0, 'oov_idx': 4, 'vocab_size': 5}",
    "C21": "{'source': '', 'type': 'categorical', 'padding_idx': 0, 'oov_idx': 1162912, 'vocab_size': 1162913}",
    "C22": "{'source': '', 'type': 'categorical', 'padding_idx': 0, 'oov_idx': 18, 'vocab_size': 19}",
    "C23": "{'source': '', 'type': 'categorical', 'padding_idx': 0, 'oov_idx': 16, 'vocab_size': 17}",
    "C24": "{'source': '', 'type': 'categorical', 'padding_idx': 0, 'oov_idx': 141672, 'vocab_size': 141673}",
    "C25": "{'source': '', 'type': 'categorical', 'padding_idx': 0, 'oov_idx': 101, 'vocab_size': 102}",
    "C26": "{'source': '', 'type': 'categorical', 'padding_idx': 0, 'oov_idx': 92085, 'vocab_size': 92086}",
    "C3": "{'source': '', 'type': 'categorical', 'padding_idx': 0, 'oov_idx': 1244768, 'vocab_size': 1244769}",
    "C4": "{'source': '', 'type': 'categorical', 'padding_idx': 0, 'oov_idx': 562022, 'vocab_size': 562023}",
    "C5": "{'source': '', 'type': 'categorical', 'padding_idx': 0, 'oov_idx': 306, 'vocab_size': 307}",
    "C6": "{'source': '', 'type': 'categorical', 'padding_idx': 0, 'oov_idx': 22, 'vocab_size': 23}",
    "C7": "{'source': '', 'type': 'categorical', 'padding_idx': 0, 'oov_idx': 12368, 'vocab_size': 12369}",
    "C8": "{'source': '', 'type': 'categorical', 'padding_idx': 0, 'oov_idx': 634, 'vocab_size': 635}",
    "C9": "{'source': '', 'type': 'categorical', 'padding_idx': 0, 'oov_idx': 4, 'vocab_size': 5}",
    "I1": "{'source': '', 'type': 'categorical', 'padding_idx': 0, 'oov_idx': 53, 'vocab_size': 54}",
    "I10": "{'source': '', 'type': 'categorical', 'padding_idx': 0, 'oov_idx': 6, 'vocab_size': 7}",
    "I11": "{'source': '', 'type': 'categorical', 'padding_idx': 0, 'oov_idx': 26, 'vocab_size': 27}",
    "I12": "{'source': '', 'type': 'categorical', 'padding_idx': 0, 'oov_idx': 47, 'vocab_size': 48}",
    "I13": "{'source': '', 'type': 'categorical', 'padding_idx': 0, 'oov_idx': 76, 'vocab_size': 77}",
    "I2": "{'source': '', 'type': 'categorical', 'padding_idx': 0, 'oov_idx': 104, 'vocab_size': 105}",
    "I3": "{'source': '', 'type': 'categorical', 'padding_idx': 0, 'oov_idx': 123, 'vocab_size': 124}",
    "I4": "{'source': '', 'type': 'categorical', 'padding_idx': 0, 'oov_idx': 45, 'vocab_size': 46}",
    "I5": "{'source': '', 'type': 'categorical', 'padding_idx': 0, 'oov_idx': 220, 'vocab_size': 221}",
    "I6": "{'source': '', 'type': 'categorical', 'padding_idx': 0, 'oov_idx': 133, 'vocab_size': 134}",
    "I7": "{'source': '', 'type': 'categorical', 'padding_idx': 0, 'oov_idx': 90, 'vocab_size': 91}",
    "I8": "{'source': '', 'type': 'categorical', 'padding_idx': 0, 'oov_idx': 76, 'vocab_size': 77}",
    "I9": "{'source': '', 'type': 'categorical', 'padding_idx': 0, 'oov_idx': 96, 'vocab_size': 97}"
}
2023-12-17 08:01:23,847 P95608 INFO Total number of parameters: 228913921.
2023-12-17 08:01:23,847 P95608 INFO Loading data...
2023-12-17 08:01:23,848 P95608 INFO Loading data from h5: ../../../data/Criteo_x4_h5/train.h5
2023-12-17 08:01:39,832 P95608 INFO Train samples: total/36672493, blocks/1
2023-12-17 08:01:39,832 P95608 INFO Loading data from h5: ../../../data/Criteo_x4_h5/valid.h5
2023-12-17 08:01:41,956 P95608 INFO Validation samples: total/4584062, blocks/1
2023-12-17 08:01:41,957 P95608 INFO Loading train and validation data done.
2023-12-17 08:01:41,957 P95608 INFO Start training: 3668 batches/epoch
2023-12-17 08:01:41,957 P95608 INFO ************ Epoch=1 start ************
2023-12-17 08:07:07,838 P95608 INFO Train loss: 0.599596
2023-12-17 08:07:07,838 P95608 INFO Evaluation @epoch 1 - batch 3668: 
2023-12-17 08:07:20,857 P95608 INFO ===
2023-12-17 08:07:20,857 P95608 INFO [Metrics] AUC: 0.805100 - logloss: 0.446461
2023-12-17 08:07:20,865 P95608 INFO Save best model: monitor(max)=0.358638
2023-12-17 08:07:22,808 P95608 INFO ************ Epoch=1 end ************
2023-12-17 08:12:49,708 P95608 INFO Train loss: 0.583862
2023-12-17 08:12:49,709 P95608 INFO Evaluation @epoch 2 - batch 3668: 
2023-12-17 08:13:02,365 P95608 INFO ===
2023-12-17 08:13:02,366 P95608 INFO [Metrics] AUC: 0.807082 - logloss: 0.444642
2023-12-17 08:13:02,375 P95608 INFO Save best model: monitor(max)=0.362440
2023-12-17 08:13:04,335 P95608 INFO ************ Epoch=2 end ************
2023-12-17 08:18:24,525 P95608 INFO Train loss: 0.581575
2023-12-17 08:18:24,525 P95608 INFO Evaluation @epoch 3 - batch 3668: 
2023-12-17 08:18:36,978 P95608 INFO ===
2023-12-17 08:18:36,978 P95608 INFO [Metrics] AUC: 0.808425 - logloss: 0.443595
2023-12-17 08:18:36,988 P95608 INFO Save best model: monitor(max)=0.364830
2023-12-17 08:18:38,831 P95608 INFO ************ Epoch=3 end ************
2023-12-17 08:23:58,907 P95608 INFO Train loss: 0.580260
2023-12-17 08:23:58,907 P95608 INFO Evaluation @epoch 4 - batch 3668: 
2023-12-17 08:24:11,338 P95608 INFO ===
2023-12-17 08:24:11,338 P95608 INFO [Metrics] AUC: 0.808718 - logloss: 0.443116
2023-12-17 08:24:11,347 P95608 INFO Save best model: monitor(max)=0.365602
2023-12-17 08:24:13,315 P95608 INFO ************ Epoch=4 end ************
2023-12-17 08:29:33,144 P95608 INFO Train loss: 0.579551
2023-12-17 08:29:33,145 P95608 INFO Evaluation @epoch 5 - batch 3668: 
2023-12-17 08:29:45,716 P95608 INFO ===
2023-12-17 08:29:45,716 P95608 INFO [Metrics] AUC: 0.809177 - logloss: 0.442697
2023-12-17 08:29:45,726 P95608 INFO Save best model: monitor(max)=0.366481
2023-12-17 08:29:47,580 P95608 INFO ************ Epoch=5 end ************
2023-12-17 08:35:07,615 P95608 INFO Train loss: 0.579071
2023-12-17 08:35:07,615 P95608 INFO Evaluation @epoch 6 - batch 3668: 
2023-12-17 08:35:19,947 P95608 INFO ===
2023-12-17 08:35:19,947 P95608 INFO [Metrics] AUC: 0.809266 - logloss: 0.442848
2023-12-17 08:35:19,957 P95608 INFO Monitor(max)=0.366418 STOP!
2023-12-17 08:35:19,957 P95608 INFO Reduce learning rate on plateau: 0.000050
2023-12-17 08:35:20,517 P95608 INFO ************ Epoch=6 end ************
2023-12-17 08:40:40,916 P95608 INFO Train loss: 0.560759
2023-12-17 08:40:40,916 P95608 INFO Evaluation @epoch 7 - batch 3668: 
2023-12-17 08:40:53,452 P95608 INFO ===
2023-12-17 08:40:53,452 P95608 INFO [Metrics] AUC: 0.813980 - logloss: 0.438343
2023-12-17 08:40:53,462 P95608 INFO Save best model: monitor(max)=0.375638
2023-12-17 08:40:55,383 P95608 INFO ************ Epoch=7 end ************
2023-12-17 08:46:15,673 P95608 INFO Train loss: 0.555036
2023-12-17 08:46:15,673 P95608 INFO Evaluation @epoch 8 - batch 3668: 
2023-12-17 08:46:28,149 P95608 INFO ===
2023-12-17 08:46:28,149 P95608 INFO [Metrics] AUC: 0.814533 - logloss: 0.437862
2023-12-17 08:46:28,159 P95608 INFO Save best model: monitor(max)=0.376671
2023-12-17 08:46:30,169 P95608 INFO ************ Epoch=8 end ************
2023-12-17 08:51:50,441 P95608 INFO Train loss: 0.552353
2023-12-17 08:51:50,442 P95608 INFO Evaluation @epoch 9 - batch 3668: 
2023-12-17 08:52:02,797 P95608 INFO ===
2023-12-17 08:52:02,798 P95608 INFO [Metrics] AUC: 0.814278 - logloss: 0.438147
2023-12-17 08:52:02,807 P95608 INFO Monitor(max)=0.376132 STOP!
2023-12-17 08:52:02,808 P95608 INFO Reduce learning rate on plateau: 0.000005
2023-12-17 08:52:03,339 P95608 INFO ************ Epoch=9 end ************
2023-12-17 08:57:22,736 P95608 INFO Train loss: 0.539864
2023-12-17 08:57:22,736 P95608 INFO Evaluation @epoch 10 - batch 3668: 
2023-12-17 08:57:34,982 P95608 INFO ===
2023-12-17 08:57:34,983 P95608 INFO [Metrics] AUC: 0.810926 - logloss: 0.442902
2023-12-17 08:57:34,992 P95608 INFO Monitor(max)=0.368024 STOP!
2023-12-17 08:57:34,992 P95608 INFO Reduce learning rate on plateau: 0.000001
2023-12-17 08:57:34,992 P95608 INFO ********* Epoch==10 early stop *********
2023-12-17 08:57:35,530 P95608 INFO Training finished.
2023-12-17 08:57:35,530 P95608 INFO Load best model: /root/autodl-tmp/model_zoo/SimCEN/SimCEN_torch/checkpoints/Criteo_x4_h5/SimCEN_SimCEN_Criteo_060_ac3ecfb9.model
2023-12-17 08:57:36,024 P95608 INFO ****** Validation evaluation ******
2023-12-17 08:57:48,751 P95608 INFO ===
2023-12-17 08:57:48,751 P95608 INFO [Metrics] logloss: 0.437862 - AUC: 0.814533
2023-12-17 08:57:49,442 P95608 INFO ******** Test evaluation ********
2023-12-17 08:57:49,442 P95608 INFO Loading data...
2023-12-17 08:57:49,442 P95608 INFO Loading data from h5: ../../../data/Criteo_x4_h5/test.h5
2023-12-17 08:57:51,540 P95608 INFO Test samples: total/4584062, blocks/1
2023-12-17 08:57:51,540 P95608 INFO Loading test data done.
2023-12-17 08:58:03,527 P95608 INFO ===
2023-12-17 08:58:03,527 P95608 INFO [Metrics] logloss: 0.437596 - AUC: 0.814926
