2023-12-18 03:12:10,729 P913727 INFO Params: {
    "alpha": "0.01",
    "batch_size": "10000",
    "cl_temperature": "0.2",
    "data_format": "h5",
    "data_root": "../../../data/",
    "dataset_id": "Criteo_x4_h5",
    "debug_mode": "False",
    "early_stop_patience": "2",
    "ego_batch_norm": "True",
    "ego_dropout": "0.2",
    "ego_hidden_activations": "relu",
    "embedding_dim": "16",
    "embedding_regularizer": "0.0001",
    "epochs": "100",
    "eval_steps": "None",
    "feature_cols": "[{'active': True, 'dtype': 'float', 'fill_na': 0, 'name': ['I1', 'I2', 'I3', 'I4', 'I5', 'I6', 'I7', 'I8', 'I9', 'I10', 'I11', 'I12', 'I13'], 'preprocess': 'convert_to_bucket', 'type': 'categorical'}, {'active': True, 'dtype': 'str', 'fill_na': '', 'name': ['C1', 'C2', 'C3', 'C4', 'C5', 'C6', 'C7', 'C8', 'C9', 'C10', 'C11', 'C12', 'C13', 'C14', 'C15', 'C16', 'C17', 'C18', 'C19', 'C20', 'C21', 'C22', 'C23', 'C24', 'C25', 'C26'], 'type': 'categorical'}]",
    "feature_config": "None",
    "feature_specs": "None",
    "gpu": "5",
    "group_id": "None",
    "hidden_units": "[480, 480, 480]",
    "label_col": "{'dtype': 'float', 'name': 'Label'}",
    "learning_rate": "0.0005",
    "loss": "binary_crossentropy",
    "metrics": "['logloss', 'AUC']",
    "min_categr_count": "2",
    "model": "SimCEN",
    "model_id": "SimCEN_Criteo_083_9bee6e8c",
    "model_root": "./checkpoints/",
    "monitor": "{'AUC': 1, 'logloss': -1}",
    "monitor_mode": "max",
    "net_regularizer": "0",
    "num_workers": "4",
    "optimizer": "adam",
    "pickle_feature_encoder": "True",
    "save_best_only": "True",
    "seed": "2023",
    "shuffle": "True",
    "task": "binary_classification",
    "test_data": "../../../data/Criteo_x4_h5/test.h5",
    "through_dropout": "0.2",
    "train_data": "../../../data/Criteo_x4_h5/train.h5",
    "use_features": "None",
    "v1_batch_norm": "True",
    "v1_dropout": "0.2",
    "v1_hidden_activations": "mish",
    "v2_batch_norm": "True",
    "v2_dropout": "0.3",
    "v2_hidden_activations": "gelu",
    "valid_data": "../../../data/Criteo_x4_h5/valid.h5",
    "verbose": "1"
}
2023-12-18 03:12:10,729 P913727 INFO Load feature_map from json: ../../../data/Criteo_x4_h5/feature_map.json
2023-12-18 03:12:10,729 P913727 INFO Set column index...
2023-12-18 03:12:10,730 P913727 INFO Feature specs: {
    "C1": "{'source': '', 'type': 'categorical', 'padding_idx': 0, 'oov_idx': 1461, 'vocab_size': 1462}",
    "C10": "{'source': '', 'type': 'categorical', 'padding_idx': 0, 'oov_idx': 70514, 'vocab_size': 70515}",
    "C11": "{'source': '', 'type': 'categorical', 'padding_idx': 0, 'oov_idx': 5517, 'vocab_size': 5518}",
    "C12": "{'source': '', 'type': 'categorical', 'padding_idx': 0, 'oov_idx': 1224132, 'vocab_size': 1224133}",
    "C13": "{'source': '', 'type': 'categorical', 'padding_idx': 0, 'oov_idx': 3193, 'vocab_size': 3194}",
    "C14": "{'source': '', 'type': 'categorical', 'padding_idx': 0, 'oov_idx': 28, 'vocab_size': 29}",
    "C15": "{'source': '', 'type': 'categorical', 'padding_idx': 0, 'oov_idx': 13600, 'vocab_size': 13601}",
    "C16": "{'source': '', 'type': 'categorical', 'padding_idx': 0, 'oov_idx': 1004793, 'vocab_size': 1004794}",
    "C17": "{'source': '', 'type': 'categorical', 'padding_idx': 0, 'oov_idx': 11, 'vocab_size': 12}",
    "C18": "{'source': '', 'type': 'categorical', 'padding_idx': 0, 'oov_idx': 5230, 'vocab_size': 5231}",
    "C19": "{'source': '', 'type': 'categorical', 'padding_idx': 0, 'oov_idx': 2144, 'vocab_size': 2145}",
    "C2": "{'source': '', 'type': 'categorical', 'padding_idx': 0, 'oov_idx': 563, 'vocab_size': 564}",
    "C20": "{'source': '', 'type': 'categorical', 'padding_idx': 0, 'oov_idx': 4, 'vocab_size': 5}",
    "C21": "{'source': '', 'type': 'categorical', 'padding_idx': 0, 'oov_idx': 1162912, 'vocab_size': 1162913}",
    "C22": "{'source': '', 'type': 'categorical', 'padding_idx': 0, 'oov_idx': 18, 'vocab_size': 19}",
    "C23": "{'source': '', 'type': 'categorical', 'padding_idx': 0, 'oov_idx': 16, 'vocab_size': 17}",
    "C24": "{'source': '', 'type': 'categorical', 'padding_idx': 0, 'oov_idx': 141672, 'vocab_size': 141673}",
    "C25": "{'source': '', 'type': 'categorical', 'padding_idx': 0, 'oov_idx': 101, 'vocab_size': 102}",
    "C26": "{'source': '', 'type': 'categorical', 'padding_idx': 0, 'oov_idx': 92085, 'vocab_size': 92086}",
    "C3": "{'source': '', 'type': 'categorical', 'padding_idx': 0, 'oov_idx': 1244768, 'vocab_size': 1244769}",
    "C4": "{'source': '', 'type': 'categorical', 'padding_idx': 0, 'oov_idx': 562022, 'vocab_size': 562023}",
    "C5": "{'source': '', 'type': 'categorical', 'padding_idx': 0, 'oov_idx': 306, 'vocab_size': 307}",
    "C6": "{'source': '', 'type': 'categorical', 'padding_idx': 0, 'oov_idx': 22, 'vocab_size': 23}",
    "C7": "{'source': '', 'type': 'categorical', 'padding_idx': 0, 'oov_idx': 12368, 'vocab_size': 12369}",
    "C8": "{'source': '', 'type': 'categorical', 'padding_idx': 0, 'oov_idx': 634, 'vocab_size': 635}",
    "C9": "{'source': '', 'type': 'categorical', 'padding_idx': 0, 'oov_idx': 4, 'vocab_size': 5}",
    "I1": "{'source': '', 'type': 'categorical', 'padding_idx': 0, 'oov_idx': 53, 'vocab_size': 54}",
    "I10": "{'source': '', 'type': 'categorical', 'padding_idx': 0, 'oov_idx': 6, 'vocab_size': 7}",
    "I11": "{'source': '', 'type': 'categorical', 'padding_idx': 0, 'oov_idx': 26, 'vocab_size': 27}",
    "I12": "{'source': '', 'type': 'categorical', 'padding_idx': 0, 'oov_idx': 47, 'vocab_size': 48}",
    "I13": "{'source': '', 'type': 'categorical', 'padding_idx': 0, 'oov_idx': 76, 'vocab_size': 77}",
    "I2": "{'source': '', 'type': 'categorical', 'padding_idx': 0, 'oov_idx': 104, 'vocab_size': 105}",
    "I3": "{'source': '', 'type': 'categorical', 'padding_idx': 0, 'oov_idx': 123, 'vocab_size': 124}",
    "I4": "{'source': '', 'type': 'categorical', 'padding_idx': 0, 'oov_idx': 45, 'vocab_size': 46}",
    "I5": "{'source': '', 'type': 'categorical', 'padding_idx': 0, 'oov_idx': 220, 'vocab_size': 221}",
    "I6": "{'source': '', 'type': 'categorical', 'padding_idx': 0, 'oov_idx': 133, 'vocab_size': 134}",
    "I7": "{'source': '', 'type': 'categorical', 'padding_idx': 0, 'oov_idx': 90, 'vocab_size': 91}",
    "I8": "{'source': '', 'type': 'categorical', 'padding_idx': 0, 'oov_idx': 76, 'vocab_size': 77}",
    "I9": "{'source': '', 'type': 'categorical', 'padding_idx': 0, 'oov_idx': 96, 'vocab_size': 97}"
}
2023-12-18 03:12:15,511 P913727 INFO Total number of parameters: 91204609.
2023-12-18 03:12:15,511 P913727 INFO Loading data...
2023-12-18 03:12:15,511 P913727 INFO Loading data from h5: ../../../data/Criteo_x4_h5/train.h5
2023-12-18 03:12:31,102 P913727 INFO Train samples: total/36672493, blocks/1
2023-12-18 03:12:31,103 P913727 INFO Loading data from h5: ../../../data/Criteo_x4_h5/valid.h5
2023-12-18 03:12:33,130 P913727 INFO Validation samples: total/4584062, blocks/1
2023-12-18 03:12:33,130 P913727 INFO Loading train and validation data done.
2023-12-18 03:12:33,130 P913727 INFO Start training: 3668 batches/epoch
2023-12-18 03:12:33,130 P913727 INFO ************ Epoch=1 start ************
2023-12-18 03:15:12,082 P913727 INFO Train loss: 0.520264
2023-12-18 03:15:12,082 P913727 INFO Evaluation @epoch 1 - batch 3668: 
2023-12-18 03:15:22,626 P913727 INFO ===
2023-12-18 03:15:22,626 P913727 INFO [Metrics] AUC: 0.804901 - logloss: 0.446945
2023-12-18 03:15:22,638 P913727 INFO Save best model: monitor(max)=0.357957
2023-12-18 03:15:23,695 P913727 INFO ************ Epoch=1 end ************
2023-12-18 03:18:02,248 P913727 INFO Train loss: 0.511391
2023-12-18 03:18:02,248 P913727 INFO Evaluation @epoch 2 - batch 3668: 
2023-12-18 03:18:13,086 P913727 INFO ===
2023-12-18 03:18:13,086 P913727 INFO [Metrics] AUC: 0.806188 - logloss: 0.446209
2023-12-18 03:18:13,095 P913727 INFO Save best model: monitor(max)=0.359978
2023-12-18 03:18:14,104 P913727 INFO ************ Epoch=2 end ************
2023-12-18 03:20:53,033 P913727 INFO Train loss: 0.509797
2023-12-18 03:20:53,033 P913727 INFO Evaluation @epoch 3 - batch 3668: 
2023-12-18 03:21:03,929 P913727 INFO ===
2023-12-18 03:21:03,929 P913727 INFO [Metrics] AUC: 0.807310 - logloss: 0.444515
2023-12-18 03:21:03,939 P913727 INFO Save best model: monitor(max)=0.362795
2023-12-18 03:21:05,038 P913727 INFO ************ Epoch=3 end ************
2023-12-18 03:23:43,796 P913727 INFO Train loss: 0.508534
2023-12-18 03:23:43,796 P913727 INFO Evaluation @epoch 4 - batch 3668: 
2023-12-18 03:23:54,689 P913727 INFO ===
2023-12-18 03:23:54,689 P913727 INFO [Metrics] AUC: 0.808029 - logloss: 0.443918
2023-12-18 03:23:54,698 P913727 INFO Save best model: monitor(max)=0.364111
2023-12-18 03:23:55,800 P913727 INFO ************ Epoch=4 end ************
2023-12-18 03:26:34,567 P913727 INFO Train loss: 0.507744
2023-12-18 03:26:34,567 P913727 INFO Evaluation @epoch 5 - batch 3668: 
2023-12-18 03:26:45,272 P913727 INFO ===
2023-12-18 03:26:45,272 P913727 INFO [Metrics] AUC: 0.808295 - logloss: 0.443764
2023-12-18 03:26:45,282 P913727 INFO Save best model: monitor(max)=0.364531
2023-12-18 03:26:46,385 P913727 INFO ************ Epoch=5 end ************
2023-12-18 03:29:25,437 P913727 INFO Train loss: 0.507114
2023-12-18 03:29:25,437 P913727 INFO Evaluation @epoch 6 - batch 3668: 
2023-12-18 03:29:36,379 P913727 INFO ===
2023-12-18 03:29:36,379 P913727 INFO [Metrics] AUC: 0.808459 - logloss: 0.443301
2023-12-18 03:29:36,389 P913727 INFO Save best model: monitor(max)=0.365158
2023-12-18 03:29:37,524 P913727 INFO ************ Epoch=6 end ************
2023-12-18 03:32:16,606 P913727 INFO Train loss: 0.506701
2023-12-18 03:32:16,606 P913727 INFO Evaluation @epoch 7 - batch 3668: 
2023-12-18 03:32:27,552 P913727 INFO ===
2023-12-18 03:32:27,552 P913727 INFO [Metrics] AUC: 0.808875 - logloss: 0.443059
2023-12-18 03:32:27,561 P913727 INFO Save best model: monitor(max)=0.365816
2023-12-18 03:32:28,594 P913727 INFO ************ Epoch=7 end ************
2023-12-18 03:35:07,138 P913727 INFO Train loss: 0.506406
2023-12-18 03:35:07,138 P913727 INFO Evaluation @epoch 8 - batch 3668: 
2023-12-18 03:35:17,786 P913727 INFO ===
2023-12-18 03:35:17,786 P913727 INFO [Metrics] AUC: 0.809192 - logloss: 0.442782
2023-12-18 03:35:17,796 P913727 INFO Save best model: monitor(max)=0.366410
2023-12-18 03:35:18,852 P913727 INFO ************ Epoch=8 end ************
2023-12-18 03:37:57,654 P913727 INFO Train loss: 0.506201
2023-12-18 03:37:57,655 P913727 INFO Evaluation @epoch 9 - batch 3668: 
2023-12-18 03:38:08,480 P913727 INFO ===
2023-12-18 03:38:08,480 P913727 INFO [Metrics] AUC: 0.809283 - logloss: 0.442711
2023-12-18 03:38:08,490 P913727 INFO Save best model: monitor(max)=0.366573
2023-12-18 03:38:09,642 P913727 INFO ************ Epoch=9 end ************
2023-12-18 03:40:48,522 P913727 INFO Train loss: 0.506051
2023-12-18 03:40:48,522 P913727 INFO Evaluation @epoch 10 - batch 3668: 
2023-12-18 03:40:59,404 P913727 INFO ===
2023-12-18 03:40:59,404 P913727 INFO [Metrics] AUC: 0.809455 - logloss: 0.442592
2023-12-18 03:40:59,414 P913727 INFO Save best model: monitor(max)=0.366863
2023-12-18 03:41:00,529 P913727 INFO ************ Epoch=10 end ************
2023-12-18 03:43:39,271 P913727 INFO Train loss: 0.505923
2023-12-18 03:43:39,272 P913727 INFO Evaluation @epoch 11 - batch 3668: 
2023-12-18 03:43:50,086 P913727 INFO ===
2023-12-18 03:43:50,086 P913727 INFO [Metrics] AUC: 0.809603 - logloss: 0.442343
2023-12-18 03:43:50,096 P913727 INFO Save best model: monitor(max)=0.367259
2023-12-18 03:43:51,151 P913727 INFO ************ Epoch=11 end ************
2023-12-18 03:46:29,803 P913727 INFO Train loss: 0.505913
2023-12-18 03:46:29,804 P913727 INFO Evaluation @epoch 12 - batch 3668: 
2023-12-18 03:46:40,776 P913727 INFO ===
2023-12-18 03:46:40,776 P913727 INFO [Metrics] AUC: 0.809482 - logloss: 0.442746
2023-12-18 03:46:40,787 P913727 INFO Monitor(max)=0.366736 STOP!
2023-12-18 03:46:40,787 P913727 INFO Reduce learning rate on plateau: 0.000050
2023-12-18 03:46:41,257 P913727 INFO ************ Epoch=12 end ************
2023-12-18 03:49:19,630 P913727 INFO Train loss: 0.488849
2023-12-18 03:49:19,631 P913727 INFO Evaluation @epoch 13 - batch 3668: 
2023-12-18 03:49:30,430 P913727 INFO ===
2023-12-18 03:49:30,431 P913727 INFO [Metrics] AUC: 0.813635 - logloss: 0.438587
2023-12-18 03:49:30,441 P913727 INFO Save best model: monitor(max)=0.375048
2023-12-18 03:49:31,591 P913727 INFO ************ Epoch=13 end ************
2023-12-18 03:52:10,036 P913727 INFO Train loss: 0.483466
2023-12-18 03:52:10,036 P913727 INFO Evaluation @epoch 14 - batch 3668: 
2023-12-18 03:52:20,872 P913727 INFO ===
2023-12-18 03:52:20,873 P913727 INFO [Metrics] AUC: 0.814270 - logloss: 0.438011
2023-12-18 03:52:20,883 P913727 INFO Save best model: monitor(max)=0.376259
2023-12-18 03:52:22,004 P913727 INFO ************ Epoch=14 end ************
2023-12-18 03:55:00,613 P913727 INFO Train loss: 0.481085
2023-12-18 03:55:00,613 P913727 INFO Evaluation @epoch 15 - batch 3668: 
2023-12-18 03:55:11,711 P913727 INFO ===
2023-12-18 03:55:11,711 P913727 INFO [Metrics] AUC: 0.814191 - logloss: 0.438101
2023-12-18 03:55:11,721 P913727 INFO Monitor(max)=0.376090 STOP!
2023-12-18 03:55:11,721 P913727 INFO Reduce learning rate on plateau: 0.000005
2023-12-18 03:55:12,276 P913727 INFO ************ Epoch=15 end ************
2023-12-18 03:57:51,207 P913727 INFO Train loss: 0.472147
2023-12-18 03:57:51,207 P913727 INFO Evaluation @epoch 16 - batch 3668: 
2023-12-18 03:58:02,146 P913727 INFO ===
2023-12-18 03:58:02,146 P913727 INFO [Metrics] AUC: 0.812590 - logloss: 0.440099
2023-12-18 03:58:02,156 P913727 INFO Monitor(max)=0.372491 STOP!
2023-12-18 03:58:02,156 P913727 INFO Reduce learning rate on plateau: 0.000001
2023-12-18 03:58:02,156 P913727 INFO ********* Epoch==16 early stop *********
2023-12-18 03:58:02,698 P913727 INFO Training finished.
2023-12-18 03:58:02,698 P913727 INFO Load best model: /root/autodl-tmp/model_zoo/SimCEN/SimCEN_torch/checkpoints/Criteo_x4_h5/SimCEN_Criteo_083_9bee6e8c.model
2023-12-18 03:58:02,907 P913727 INFO ****** Validation evaluation ******
2023-12-18 03:58:14,000 P913727 INFO ===
2023-12-18 03:58:14,000 P913727 INFO [Metrics] logloss: 0.438011 - AUC: 0.814270
2023-12-18 03:58:14,706 P913727 INFO ******** Test evaluation ********
2023-12-18 03:58:14,706 P913727 INFO Loading data...
2023-12-18 03:58:14,706 P913727 INFO Loading data from h5: ../../../data/Criteo_x4_h5/test.h5
2023-12-18 03:58:16,777 P913727 INFO Test samples: total/4584062, blocks/1
2023-12-18 03:58:16,777 P913727 INFO Loading test data done.
2023-12-18 03:58:26,936 P913727 INFO ===
2023-12-18 03:58:26,936 P913727 INFO [Metrics] logloss: 0.437705 - AUC: 0.814704
