2023-12-19 13:31:08,987 P705275 INFO Params: {
    "alpha": "0.01",
    "batch_size": "10000",
    "cl_temperature": "0.1",
    "data_format": "h5",
    "data_root": "../../../data/",
    "dataset_id": "Criteo_x4_h5",
    "debug_mode": "False",
    "early_stop_patience": "2",
    "ego_batch_norm": "True",
    "ego_dropout": "0.3",
    "ego_hidden_activations": "relu",
    "embedding_dim": "16",
    "embedding_regularizer": "0.0001",
    "embedding_share": "True",
    "epochs": "100",
    "eval_steps": "None",
    "feature_cols": "[{'active': True, 'dtype': 'float', 'fill_na': 0, 'name': ['I1', 'I2', 'I3', 'I4', 'I5', 'I6', 'I7', 'I8', 'I9', 'I10', 'I11', 'I12', 'I13'], 'preprocess': 'convert_to_bucket', 'type': 'categorical'}, {'active': True, 'dtype': 'str', 'fill_na': '', 'name': ['C1', 'C2', 'C3', 'C4', 'C5', 'C6', 'C7', 'C8', 'C9', 'C10', 'C11', 'C12', 'C13', 'C14', 'C15', 'C16', 'C17', 'C18', 'C19', 'C20', 'C21', 'C22', 'C23', 'C24', 'C25', 'C26'], 'type': 'categorical'}]",
    "feature_config": "None",
    "feature_specs": "None",
    "gpu": "7",
    "group_id": "None",
    "label_col": "{'dtype': 'float', 'name': 'Label'}",
    "learning_rate": "0.0005",
    "loss": "binary_crossentropy",
    "metrics": "['logloss', 'AUC']",
    "min_categr_count": "2",
    "mlep1_hidden_units": "[480, 480, 480]",
    "mlep2_hidden_units": "[960, 480]",
    "model": "SimCEN_SimCEN",
    "model_id": "SimCEN_SimCEN_Criteo_131_c494a954",
    "model_root": "./checkpoints/",
    "monitor": "{'AUC': 1, 'logloss': -1}",
    "monitor_mode": "max",
    "net_regularizer": "0",
    "num_workers": "4",
    "optimizer": "adam",
    "pickle_feature_encoder": "True",
    "save_best_only": "True",
    "seed": "2023",
    "shuffle": "True",
    "task": "binary_classification",
    "test_data": "../../../data/Criteo_x4_h5/test.h5",
    "through_dropout": "0.1",
    "train_data": "../../../data/Criteo_x4_h5/train.h5",
    "use_features": "None",
    "v1_batch_norm": "True",
    "v1_dropout": "0.3",
    "v1_hidden_activations": "mish",
    "v2_batch_norm": "True",
    "v2_dropout": "0.3",
    "v2_hidden_activations": "gelu",
    "valid_data": "../../../data/Criteo_x4_h5/valid.h5",
    "verbose": "1"
}
2023-12-19 13:31:08,987 P705275 INFO Load feature_map from json: ../../../data/Criteo_x4_h5/feature_map.json
2023-12-19 13:31:08,987 P705275 INFO Set column index...
2023-12-19 13:31:08,988 P705275 INFO Feature specs: {
    "C1": "{'source': '', 'type': 'categorical', 'padding_idx': 0, 'oov_idx': 1461, 'vocab_size': 1462}",
    "C10": "{'source': '', 'type': 'categorical', 'padding_idx': 0, 'oov_idx': 70514, 'vocab_size': 70515}",
    "C11": "{'source': '', 'type': 'categorical', 'padding_idx': 0, 'oov_idx': 5517, 'vocab_size': 5518}",
    "C12": "{'source': '', 'type': 'categorical', 'padding_idx': 0, 'oov_idx': 1224132, 'vocab_size': 1224133}",
    "C13": "{'source': '', 'type': 'categorical', 'padding_idx': 0, 'oov_idx': 3193, 'vocab_size': 3194}",
    "C14": "{'source': '', 'type': 'categorical', 'padding_idx': 0, 'oov_idx': 28, 'vocab_size': 29}",
    "C15": "{'source': '', 'type': 'categorical', 'padding_idx': 0, 'oov_idx': 13600, 'vocab_size': 13601}",
    "C16": "{'source': '', 'type': 'categorical', 'padding_idx': 0, 'oov_idx': 1004793, 'vocab_size': 1004794}",
    "C17": "{'source': '', 'type': 'categorical', 'padding_idx': 0, 'oov_idx': 11, 'vocab_size': 12}",
    "C18": "{'source': '', 'type': 'categorical', 'padding_idx': 0, 'oov_idx': 5230, 'vocab_size': 5231}",
    "C19": "{'source': '', 'type': 'categorical', 'padding_idx': 0, 'oov_idx': 2144, 'vocab_size': 2145}",
    "C2": "{'source': '', 'type': 'categorical', 'padding_idx': 0, 'oov_idx': 563, 'vocab_size': 564}",
    "C20": "{'source': '', 'type': 'categorical', 'padding_idx': 0, 'oov_idx': 4, 'vocab_size': 5}",
    "C21": "{'source': '', 'type': 'categorical', 'padding_idx': 0, 'oov_idx': 1162912, 'vocab_size': 1162913}",
    "C22": "{'source': '', 'type': 'categorical', 'padding_idx': 0, 'oov_idx': 18, 'vocab_size': 19}",
    "C23": "{'source': '', 'type': 'categorical', 'padding_idx': 0, 'oov_idx': 16, 'vocab_size': 17}",
    "C24": "{'source': '', 'type': 'categorical', 'padding_idx': 0, 'oov_idx': 141672, 'vocab_size': 141673}",
    "C25": "{'source': '', 'type': 'categorical', 'padding_idx': 0, 'oov_idx': 101, 'vocab_size': 102}",
    "C26": "{'source': '', 'type': 'categorical', 'padding_idx': 0, 'oov_idx': 92085, 'vocab_size': 92086}",
    "C3": "{'source': '', 'type': 'categorical', 'padding_idx': 0, 'oov_idx': 1244768, 'vocab_size': 1244769}",
    "C4": "{'source': '', 'type': 'categorical', 'padding_idx': 0, 'oov_idx': 562022, 'vocab_size': 562023}",
    "C5": "{'source': '', 'type': 'categorical', 'padding_idx': 0, 'oov_idx': 306, 'vocab_size': 307}",
    "C6": "{'source': '', 'type': 'categorical', 'padding_idx': 0, 'oov_idx': 22, 'vocab_size': 23}",
    "C7": "{'source': '', 'type': 'categorical', 'padding_idx': 0, 'oov_idx': 12368, 'vocab_size': 12369}",
    "C8": "{'source': '', 'type': 'categorical', 'padding_idx': 0, 'oov_idx': 634, 'vocab_size': 635}",
    "C9": "{'source': '', 'type': 'categorical', 'padding_idx': 0, 'oov_idx': 4, 'vocab_size': 5}",
    "I1": "{'source': '', 'type': 'categorical', 'padding_idx': 0, 'oov_idx': 53, 'vocab_size': 54}",
    "I10": "{'source': '', 'type': 'categorical', 'padding_idx': 0, 'oov_idx': 6, 'vocab_size': 7}",
    "I11": "{'source': '', 'type': 'categorical', 'padding_idx': 0, 'oov_idx': 26, 'vocab_size': 27}",
    "I12": "{'source': '', 'type': 'categorical', 'padding_idx': 0, 'oov_idx': 47, 'vocab_size': 48}",
    "I13": "{'source': '', 'type': 'categorical', 'padding_idx': 0, 'oov_idx': 76, 'vocab_size': 77}",
    "I2": "{'source': '', 'type': 'categorical', 'padding_idx': 0, 'oov_idx': 104, 'vocab_size': 105}",
    "I3": "{'source': '', 'type': 'categorical', 'padding_idx': 0, 'oov_idx': 123, 'vocab_size': 124}",
    "I4": "{'source': '', 'type': 'categorical', 'padding_idx': 0, 'oov_idx': 45, 'vocab_size': 46}",
    "I5": "{'source': '', 'type': 'categorical', 'padding_idx': 0, 'oov_idx': 220, 'vocab_size': 221}",
    "I6": "{'source': '', 'type': 'categorical', 'padding_idx': 0, 'oov_idx': 133, 'vocab_size': 134}",
    "I7": "{'source': '', 'type': 'categorical', 'padding_idx': 0, 'oov_idx': 90, 'vocab_size': 91}",
    "I8": "{'source': '', 'type': 'categorical', 'padding_idx': 0, 'oov_idx': 76, 'vocab_size': 77}",
    "I9": "{'source': '', 'type': 'categorical', 'padding_idx': 0, 'oov_idx': 96, 'vocab_size': 97}"
}
2023-12-19 13:31:13,740 P705275 INFO Total number of parameters: 94570945.
2023-12-19 13:31:13,740 P705275 INFO Loading data...
2023-12-19 13:31:13,740 P705275 INFO Loading data from h5: ../../../data/Criteo_x4_h5/train.h5
2023-12-19 13:31:28,645 P705275 INFO Train samples: total/36672493, blocks/1
2023-12-19 13:31:28,646 P705275 INFO Loading data from h5: ../../../data/Criteo_x4_h5/valid.h5
2023-12-19 13:31:30,601 P705275 INFO Validation samples: total/4584062, blocks/1
2023-12-19 13:31:30,601 P705275 INFO Loading train and validation data done.
2023-12-19 13:31:30,601 P705275 INFO Start training: 3668 batches/epoch
2023-12-19 13:31:30,601 P705275 INFO ************ Epoch=1 start ************
2023-12-19 13:35:12,132 P705275 INFO Train loss: 0.475422
2023-12-19 13:35:12,132 P705275 INFO Evaluation @epoch 1 - batch 3668: 
2023-12-19 13:35:24,392 P705275 INFO ===
2023-12-19 13:35:24,392 P705275 INFO [Metrics] AUC: 0.804962 - logloss: 0.446978
2023-12-19 13:35:24,397 P705275 INFO Save best model: monitor(max)=0.357984
2023-12-19 13:35:25,406 P705275 INFO ************ Epoch=1 end ************
2023-12-19 13:39:06,658 P705275 INFO Train loss: 0.458821
2023-12-19 13:39:06,658 P705275 INFO Evaluation @epoch 2 - batch 3668: 
2023-12-19 13:39:18,348 P705275 INFO ===
2023-12-19 13:39:18,348 P705275 INFO [Metrics] AUC: 0.806395 - logloss: 0.445393
2023-12-19 13:39:18,356 P705275 INFO Save best model: monitor(max)=0.361003
2023-12-19 13:39:19,484 P705275 INFO ************ Epoch=2 end ************
2023-12-19 13:43:00,850 P705275 INFO Train loss: 0.456318
2023-12-19 13:43:00,851 P705275 INFO Evaluation @epoch 3 - batch 3668: 
2023-12-19 13:43:12,754 P705275 INFO ===
2023-12-19 13:43:12,754 P705275 INFO [Metrics] AUC: 0.807466 - logloss: 0.444394
2023-12-19 13:43:12,764 P705275 INFO Save best model: monitor(max)=0.363072
2023-12-19 13:43:13,882 P705275 INFO ************ Epoch=3 end ************
2023-12-19 13:46:55,121 P705275 INFO Train loss: 0.454710
2023-12-19 13:46:55,121 P705275 INFO Evaluation @epoch 4 - batch 3668: 
2023-12-19 13:47:07,015 P705275 INFO ===
2023-12-19 13:47:07,016 P705275 INFO [Metrics] AUC: 0.807902 - logloss: 0.444260
2023-12-19 13:47:07,025 P705275 INFO Save best model: monitor(max)=0.363642
2023-12-19 13:47:08,074 P705275 INFO ************ Epoch=4 end ************
2023-12-19 13:50:50,170 P705275 INFO Train loss: 0.453688
2023-12-19 13:50:50,171 P705275 INFO Evaluation @epoch 5 - batch 3668: 
2023-12-19 13:51:02,038 P705275 INFO ===
2023-12-19 13:51:02,039 P705275 INFO [Metrics] AUC: 0.808406 - logloss: 0.443634
2023-12-19 13:51:02,048 P705275 INFO Save best model: monitor(max)=0.364772
2023-12-19 13:51:03,143 P705275 INFO ************ Epoch=5 end ************
2023-12-19 13:54:44,456 P705275 INFO Train loss: 0.453080
2023-12-19 13:54:44,456 P705275 INFO Evaluation @epoch 6 - batch 3668: 
2023-12-19 13:54:56,506 P705275 INFO ===
2023-12-19 13:54:56,506 P705275 INFO [Metrics] AUC: 0.808855 - logloss: 0.443271
2023-12-19 13:54:56,516 P705275 INFO Save best model: monitor(max)=0.365585
2023-12-19 13:54:57,641 P705275 INFO ************ Epoch=6 end ************
2023-12-19 13:58:39,143 P705275 INFO Train loss: 0.452621
2023-12-19 13:58:39,143 P705275 INFO Evaluation @epoch 7 - batch 3668: 
2023-12-19 13:58:51,204 P705275 INFO ===
2023-12-19 13:58:51,204 P705275 INFO [Metrics] AUC: 0.809074 - logloss: 0.443376
2023-12-19 13:58:51,214 P705275 INFO Save best model: monitor(max)=0.365698
2023-12-19 13:58:52,343 P705275 INFO ************ Epoch=7 end ************
2023-12-19 14:02:34,177 P705275 INFO Train loss: 0.452290
2023-12-19 14:02:34,177 P705275 INFO Evaluation @epoch 8 - batch 3668: 
2023-12-19 14:02:46,185 P705275 INFO ===
2023-12-19 14:02:46,185 P705275 INFO [Metrics] AUC: 0.809089 - logloss: 0.443065
2023-12-19 14:02:46,195 P705275 INFO Save best model: monitor(max)=0.366024
2023-12-19 14:02:47,290 P705275 INFO ************ Epoch=8 end ************
2023-12-19 14:06:29,288 P705275 INFO Train loss: 0.451998
2023-12-19 14:06:29,289 P705275 INFO Evaluation @epoch 9 - batch 3668: 
2023-12-19 14:06:41,286 P705275 INFO ===
2023-12-19 14:06:41,286 P705275 INFO [Metrics] AUC: 0.809426 - logloss: 0.442531
2023-12-19 14:06:41,296 P705275 INFO Save best model: monitor(max)=0.366895
2023-12-19 14:06:42,453 P705275 INFO ************ Epoch=9 end ************
2023-12-19 14:10:24,548 P705275 INFO Train loss: 0.451909
2023-12-19 14:10:24,548 P705275 INFO Evaluation @epoch 10 - batch 3668: 
2023-12-19 14:10:36,655 P705275 INFO ===
2023-12-19 14:10:36,655 P705275 INFO [Metrics] AUC: 0.809379 - logloss: 0.442634
2023-12-19 14:10:36,664 P705275 INFO Monitor(max)=0.366744 STOP!
2023-12-19 14:10:36,664 P705275 INFO Reduce learning rate on plateau: 0.000050
2023-12-19 14:10:37,205 P705275 INFO ************ Epoch=10 end ************
2023-12-19 14:14:18,407 P705275 INFO Train loss: 0.434904
2023-12-19 14:14:18,407 P705275 INFO Evaluation @epoch 11 - batch 3668: 
2023-12-19 14:14:30,408 P705275 INFO ===
2023-12-19 14:14:30,409 P705275 INFO [Metrics] AUC: 0.813638 - logloss: 0.438611
2023-12-19 14:14:30,416 P705275 INFO Save best model: monitor(max)=0.375027
2023-12-19 14:14:31,441 P705275 INFO ************ Epoch=11 end ************
2023-12-19 14:18:12,950 P705275 INFO Train loss: 0.429562
2023-12-19 14:18:12,950 P705275 INFO Evaluation @epoch 12 - batch 3668: 
2023-12-19 14:18:25,061 P705275 INFO ===
2023-12-19 14:18:25,062 P705275 INFO [Metrics] AUC: 0.814202 - logloss: 0.438068
2023-12-19 14:18:25,071 P705275 INFO Save best model: monitor(max)=0.376134
2023-12-19 14:18:26,153 P705275 INFO ************ Epoch=12 end ************
2023-12-19 14:22:07,493 P705275 INFO Train loss: 0.427125
2023-12-19 14:22:07,493 P705275 INFO Evaluation @epoch 13 - batch 3668: 
2023-12-19 14:22:19,641 P705275 INFO ===
2023-12-19 14:22:19,641 P705275 INFO [Metrics] AUC: 0.814080 - logloss: 0.438159
2023-12-19 14:22:19,652 P705275 INFO Monitor(max)=0.375922 STOP!
2023-12-19 14:22:19,652 P705275 INFO Reduce learning rate on plateau: 0.000005
2023-12-19 14:22:20,205 P705275 INFO ************ Epoch=13 end ************
2023-12-19 14:26:01,256 P705275 INFO Train loss: 0.417059
2023-12-19 14:26:01,256 P705275 INFO Evaluation @epoch 14 - batch 3668: 
2023-12-19 14:26:13,208 P705275 INFO ===
2023-12-19 14:26:13,208 P705275 INFO [Metrics] AUC: 0.811718 - logloss: 0.441050
2023-12-19 14:26:13,218 P705275 INFO Monitor(max)=0.370668 STOP!
2023-12-19 14:26:13,218 P705275 INFO Reduce learning rate on plateau: 0.000001
2023-12-19 14:26:13,218 P705275 INFO ********* Epoch==14 early stop *********
2023-12-19 14:26:13,740 P705275 INFO Training finished.
2023-12-19 14:26:13,740 P705275 INFO Load best model: /root/autodl-tmp/model_zoo/SimCEN/SimCEN_torch/checkpoints/Criteo_x4_h5/SimCEN_SimCEN_Criteo_131_c494a954.model
2023-12-19 14:26:13,934 P705275 INFO ****** Validation evaluation ******
2023-12-19 14:26:26,126 P705275 INFO ===
2023-12-19 14:26:26,126 P705275 INFO [Metrics] logloss: 0.438068 - AUC: 0.814202
2023-12-19 14:26:26,787 P705275 INFO ******** Test evaluation ********
2023-12-19 14:26:26,787 P705275 INFO Loading data...
2023-12-19 14:26:26,787 P705275 INFO Loading data from h5: ../../../data/Criteo_x4_h5/test.h5
2023-12-19 14:26:28,808 P705275 INFO Test samples: total/4584062, blocks/1
2023-12-19 14:26:28,808 P705275 INFO Loading test data done.
2023-12-19 14:26:40,247 P705275 INFO ===
2023-12-19 14:26:40,247 P705275 INFO [Metrics] logloss: 0.437658 - AUC: 0.814760
