2023-12-18 10:17:05,266 P892343 INFO Params: {
    "alpha": "0.01",
    "batch_size": "10000",
    "cl_temperature": "0.2",
    "data_format": "h5",
    "data_root": "../../../data/",
    "dataset_id": "Criteo_x4_h5",
    "debug_mode": "False",
    "early_stop_patience": "2",
    "ego_batch_norm": "True",
    "ego_dropout": "0.3",
    "ego_hidden_activations": "relu",
    "embedding_dim": "16",
    "embedding_regularizer": "0.0001",
    "epochs": "100",
    "eval_steps": "None",
    "feature_cols": "[{'active': True, 'dtype': 'float', 'fill_na': 0, 'name': ['I1', 'I2', 'I3', 'I4', 'I5', 'I6', 'I7', 'I8', 'I9', 'I10', 'I11', 'I12', 'I13'], 'preprocess': 'convert_to_bucket', 'type': 'categorical'}, {'active': True, 'dtype': 'str', 'fill_na': '', 'name': ['C1', 'C2', 'C3', 'C4', 'C5', 'C6', 'C7', 'C8', 'C9', 'C10', 'C11', 'C12', 'C13', 'C14', 'C15', 'C16', 'C17', 'C18', 'C19', 'C20', 'C21', 'C22', 'C23', 'C24', 'C25', 'C26'], 'type': 'categorical'}]",
    "feature_config": "None",
    "feature_specs": "None",
    "gpu": "5",
    "group_id": "None",
    "hidden_units": "[480, 480, 480]",
    "label_col": "{'dtype': 'float', 'name': 'Label'}",
    "learning_rate": "0.0005",
    "loss": "binary_crossentropy",
    "metrics": "['logloss', 'AUC']",
    "min_categr_count": "2",
    "model": "SimCEN",
    "model_id": "SimCEN_Criteo_159_4c26d41d",
    "model_root": "./checkpoints/",
    "monitor": "{'AUC': 1, 'logloss': -1}",
    "monitor_mode": "max",
    "net_regularizer": "0",
    "num_workers": "4",
    "optimizer": "adam",
    "pickle_feature_encoder": "True",
    "save_best_only": "True",
    "seed": "2023",
    "shuffle": "True",
    "task": "binary_classification",
    "test_data": "../../../data/Criteo_x4_h5/test.h5",
    "through_dropout": "0.3",
    "train_data": "../../../data/Criteo_x4_h5/train.h5",
    "use_features": "None",
    "v1_batch_norm": "True",
    "v1_dropout": "0.3",
    "v1_hidden_activations": "mish",
    "v2_batch_norm": "True",
    "v2_dropout": "0.2",
    "v2_hidden_activations": "gelu",
    "valid_data": "../../../data/Criteo_x4_h5/valid.h5",
    "verbose": "1"
}
2023-12-18 10:17:05,267 P892343 INFO Load feature_map from json: ../../../data/Criteo_x4_h5/feature_map.json
2023-12-18 10:17:05,267 P892343 INFO Set column index...
2023-12-18 10:17:05,267 P892343 INFO Feature specs: {
    "C1": "{'source': '', 'type': 'categorical', 'padding_idx': 0, 'oov_idx': 1461, 'vocab_size': 1462}",
    "C10": "{'source': '', 'type': 'categorical', 'padding_idx': 0, 'oov_idx': 70514, 'vocab_size': 70515}",
    "C11": "{'source': '', 'type': 'categorical', 'padding_idx': 0, 'oov_idx': 5517, 'vocab_size': 5518}",
    "C12": "{'source': '', 'type': 'categorical', 'padding_idx': 0, 'oov_idx': 1224132, 'vocab_size': 1224133}",
    "C13": "{'source': '', 'type': 'categorical', 'padding_idx': 0, 'oov_idx': 3193, 'vocab_size': 3194}",
    "C14": "{'source': '', 'type': 'categorical', 'padding_idx': 0, 'oov_idx': 28, 'vocab_size': 29}",
    "C15": "{'source': '', 'type': 'categorical', 'padding_idx': 0, 'oov_idx': 13600, 'vocab_size': 13601}",
    "C16": "{'source': '', 'type': 'categorical', 'padding_idx': 0, 'oov_idx': 1004793, 'vocab_size': 1004794}",
    "C17": "{'source': '', 'type': 'categorical', 'padding_idx': 0, 'oov_idx': 11, 'vocab_size': 12}",
    "C18": "{'source': '', 'type': 'categorical', 'padding_idx': 0, 'oov_idx': 5230, 'vocab_size': 5231}",
    "C19": "{'source': '', 'type': 'categorical', 'padding_idx': 0, 'oov_idx': 2144, 'vocab_size': 2145}",
    "C2": "{'source': '', 'type': 'categorical', 'padding_idx': 0, 'oov_idx': 563, 'vocab_size': 564}",
    "C20": "{'source': '', 'type': 'categorical', 'padding_idx': 0, 'oov_idx': 4, 'vocab_size': 5}",
    "C21": "{'source': '', 'type': 'categorical', 'padding_idx': 0, 'oov_idx': 1162912, 'vocab_size': 1162913}",
    "C22": "{'source': '', 'type': 'categorical', 'padding_idx': 0, 'oov_idx': 18, 'vocab_size': 19}",
    "C23": "{'source': '', 'type': 'categorical', 'padding_idx': 0, 'oov_idx': 16, 'vocab_size': 17}",
    "C24": "{'source': '', 'type': 'categorical', 'padding_idx': 0, 'oov_idx': 141672, 'vocab_size': 141673}",
    "C25": "{'source': '', 'type': 'categorical', 'padding_idx': 0, 'oov_idx': 101, 'vocab_size': 102}",
    "C26": "{'source': '', 'type': 'categorical', 'padding_idx': 0, 'oov_idx': 92085, 'vocab_size': 92086}",
    "C3": "{'source': '', 'type': 'categorical', 'padding_idx': 0, 'oov_idx': 1244768, 'vocab_size': 1244769}",
    "C4": "{'source': '', 'type': 'categorical', 'padding_idx': 0, 'oov_idx': 562022, 'vocab_size': 562023}",
    "C5": "{'source': '', 'type': 'categorical', 'padding_idx': 0, 'oov_idx': 306, 'vocab_size': 307}",
    "C6": "{'source': '', 'type': 'categorical', 'padding_idx': 0, 'oov_idx': 22, 'vocab_size': 23}",
    "C7": "{'source': '', 'type': 'categorical', 'padding_idx': 0, 'oov_idx': 12368, 'vocab_size': 12369}",
    "C8": "{'source': '', 'type': 'categorical', 'padding_idx': 0, 'oov_idx': 634, 'vocab_size': 635}",
    "C9": "{'source': '', 'type': 'categorical', 'padding_idx': 0, 'oov_idx': 4, 'vocab_size': 5}",
    "I1": "{'source': '', 'type': 'categorical', 'padding_idx': 0, 'oov_idx': 53, 'vocab_size': 54}",
    "I10": "{'source': '', 'type': 'categorical', 'padding_idx': 0, 'oov_idx': 6, 'vocab_size': 7}",
    "I11": "{'source': '', 'type': 'categorical', 'padding_idx': 0, 'oov_idx': 26, 'vocab_size': 27}",
    "I12": "{'source': '', 'type': 'categorical', 'padding_idx': 0, 'oov_idx': 47, 'vocab_size': 48}",
    "I13": "{'source': '', 'type': 'categorical', 'padding_idx': 0, 'oov_idx': 76, 'vocab_size': 77}",
    "I2": "{'source': '', 'type': 'categorical', 'padding_idx': 0, 'oov_idx': 104, 'vocab_size': 105}",
    "I3": "{'source': '', 'type': 'categorical', 'padding_idx': 0, 'oov_idx': 123, 'vocab_size': 124}",
    "I4": "{'source': '', 'type': 'categorical', 'padding_idx': 0, 'oov_idx': 45, 'vocab_size': 46}",
    "I5": "{'source': '', 'type': 'categorical', 'padding_idx': 0, 'oov_idx': 220, 'vocab_size': 221}",
    "I6": "{'source': '', 'type': 'categorical', 'padding_idx': 0, 'oov_idx': 133, 'vocab_size': 134}",
    "I7": "{'source': '', 'type': 'categorical', 'padding_idx': 0, 'oov_idx': 90, 'vocab_size': 91}",
    "I8": "{'source': '', 'type': 'categorical', 'padding_idx': 0, 'oov_idx': 76, 'vocab_size': 77}",
    "I9": "{'source': '', 'type': 'categorical', 'padding_idx': 0, 'oov_idx': 96, 'vocab_size': 97}"
}
2023-12-18 10:17:10,082 P892343 INFO Total number of parameters: 91204609.
2023-12-18 10:17:10,082 P892343 INFO Loading data...
2023-12-18 10:17:10,082 P892343 INFO Loading data from h5: ../../../data/Criteo_x4_h5/train.h5
2023-12-18 10:17:25,720 P892343 INFO Train samples: total/36672493, blocks/1
2023-12-18 10:17:25,720 P892343 INFO Loading data from h5: ../../../data/Criteo_x4_h5/valid.h5
2023-12-18 10:17:27,760 P892343 INFO Validation samples: total/4584062, blocks/1
2023-12-18 10:17:27,760 P892343 INFO Loading train and validation data done.
2023-12-18 10:17:27,760 P892343 INFO Start training: 3668 batches/epoch
2023-12-18 10:17:27,760 P892343 INFO ************ Epoch=1 start ************
2023-12-18 10:20:07,573 P892343 INFO Train loss: 0.523268
2023-12-18 10:20:07,573 P892343 INFO Evaluation @epoch 1 - batch 3668: 
2023-12-18 10:20:18,653 P892343 INFO ===
2023-12-18 10:20:18,653 P892343 INFO [Metrics] AUC: 0.804771 - logloss: 0.447404
2023-12-18 10:20:18,659 P892343 INFO Save best model: monitor(max)=0.357367
2023-12-18 10:20:19,682 P892343 INFO ************ Epoch=1 end ************
2023-12-18 10:22:58,490 P892343 INFO Train loss: 0.513372
2023-12-18 10:22:58,490 P892343 INFO Evaluation @epoch 2 - batch 3668: 
2023-12-18 10:23:09,332 P892343 INFO ===
2023-12-18 10:23:09,332 P892343 INFO [Metrics] AUC: 0.806014 - logloss: 0.446446
2023-12-18 10:23:09,341 P892343 INFO Save best model: monitor(max)=0.359568
2023-12-18 10:23:10,449 P892343 INFO ************ Epoch=2 end ************
2023-12-18 10:25:48,722 P892343 INFO Train loss: 0.511562
2023-12-18 10:25:48,722 P892343 INFO Evaluation @epoch 3 - batch 3668: 
2023-12-18 10:25:59,469 P892343 INFO ===
2023-12-18 10:25:59,469 P892343 INFO [Metrics] AUC: 0.807169 - logloss: 0.444664
2023-12-18 10:25:59,478 P892343 INFO Save best model: monitor(max)=0.362505
2023-12-18 10:26:00,562 P892343 INFO ************ Epoch=3 end ************
2023-12-18 10:28:39,147 P892343 INFO Train loss: 0.510262
2023-12-18 10:28:39,148 P892343 INFO Evaluation @epoch 4 - batch 3668: 
2023-12-18 10:28:49,897 P892343 INFO ===
2023-12-18 10:28:49,897 P892343 INFO [Metrics] AUC: 0.807889 - logloss: 0.444084
2023-12-18 10:28:49,907 P892343 INFO Save best model: monitor(max)=0.363804
2023-12-18 10:28:50,945 P892343 INFO ************ Epoch=4 end ************
2023-12-18 10:31:30,096 P892343 INFO Train loss: 0.509420
2023-12-18 10:31:30,096 P892343 INFO Evaluation @epoch 5 - batch 3668: 
2023-12-18 10:31:40,991 P892343 INFO ===
2023-12-18 10:31:40,991 P892343 INFO [Metrics] AUC: 0.808165 - logloss: 0.443916
2023-12-18 10:31:41,001 P892343 INFO Save best model: monitor(max)=0.364249
2023-12-18 10:31:42,031 P892343 INFO ************ Epoch=5 end ************
2023-12-18 10:34:20,681 P892343 INFO Train loss: 0.508852
2023-12-18 10:34:20,682 P892343 INFO Evaluation @epoch 6 - batch 3668: 
2023-12-18 10:34:31,735 P892343 INFO ===
2023-12-18 10:34:31,735 P892343 INFO [Metrics] AUC: 0.808414 - logloss: 0.443411
2023-12-18 10:34:31,745 P892343 INFO Save best model: monitor(max)=0.365003
2023-12-18 10:34:32,857 P892343 INFO ************ Epoch=6 end ************
2023-12-18 10:37:12,215 P892343 INFO Train loss: 0.508448
2023-12-18 10:37:12,216 P892343 INFO Evaluation @epoch 7 - batch 3668: 
2023-12-18 10:37:23,377 P892343 INFO ===
2023-12-18 10:37:23,377 P892343 INFO [Metrics] AUC: 0.808823 - logloss: 0.443258
2023-12-18 10:37:23,387 P892343 INFO Save best model: monitor(max)=0.365566
2023-12-18 10:37:24,549 P892343 INFO ************ Epoch=7 end ************
2023-12-18 10:40:03,443 P892343 INFO Train loss: 0.508120
2023-12-18 10:40:03,443 P892343 INFO Evaluation @epoch 8 - batch 3668: 
2023-12-18 10:40:14,486 P892343 INFO ===
2023-12-18 10:40:14,487 P892343 INFO [Metrics] AUC: 0.809038 - logloss: 0.442942
2023-12-18 10:40:14,497 P892343 INFO Save best model: monitor(max)=0.366096
2023-12-18 10:40:15,625 P892343 INFO ************ Epoch=8 end ************
2023-12-18 10:42:53,775 P892343 INFO Train loss: 0.507906
2023-12-18 10:42:53,775 P892343 INFO Evaluation @epoch 9 - batch 3668: 
2023-12-18 10:43:04,889 P892343 INFO ===
2023-12-18 10:43:04,889 P892343 INFO [Metrics] AUC: 0.809229 - logloss: 0.442784
2023-12-18 10:43:04,899 P892343 INFO Save best model: monitor(max)=0.366445
2023-12-18 10:43:05,999 P892343 INFO ************ Epoch=9 end ************
2023-12-18 10:45:44,972 P892343 INFO Train loss: 0.507714
2023-12-18 10:45:44,972 P892343 INFO Evaluation @epoch 10 - batch 3668: 
2023-12-18 10:45:55,874 P892343 INFO ===
2023-12-18 10:45:55,874 P892343 INFO [Metrics] AUC: 0.809380 - logloss: 0.442845
2023-12-18 10:45:55,884 P892343 INFO Save best model: monitor(max)=0.366535
2023-12-18 10:45:56,991 P892343 INFO ************ Epoch=10 end ************
2023-12-18 10:48:35,655 P892343 INFO Train loss: 0.507597
2023-12-18 10:48:35,655 P892343 INFO Evaluation @epoch 11 - batch 3668: 
2023-12-18 10:48:46,629 P892343 INFO ===
2023-12-18 10:48:46,629 P892343 INFO [Metrics] AUC: 0.809385 - logloss: 0.442540
2023-12-18 10:48:46,639 P892343 INFO Save best model: monitor(max)=0.366844
2023-12-18 10:48:47,760 P892343 INFO ************ Epoch=11 end ************
2023-12-18 10:51:25,985 P892343 INFO Train loss: 0.507631
2023-12-18 10:51:25,986 P892343 INFO Evaluation @epoch 12 - batch 3668: 
2023-12-18 10:51:36,878 P892343 INFO ===
2023-12-18 10:51:36,878 P892343 INFO [Metrics] AUC: 0.809431 - logloss: 0.443516
2023-12-18 10:51:36,888 P892343 INFO Monitor(max)=0.365915 STOP!
2023-12-18 10:51:36,888 P892343 INFO Reduce learning rate on plateau: 0.000050
2023-12-18 10:51:37,329 P892343 INFO ************ Epoch=12 end ************
2023-12-18 10:54:16,013 P892343 INFO Train loss: 0.490636
2023-12-18 10:54:16,013 P892343 INFO Evaluation @epoch 13 - batch 3668: 
2023-12-18 10:54:26,880 P892343 INFO ===
2023-12-18 10:54:26,880 P892343 INFO [Metrics] AUC: 0.813570 - logloss: 0.438670
2023-12-18 10:54:26,890 P892343 INFO Save best model: monitor(max)=0.374901
2023-12-18 10:54:28,017 P892343 INFO ************ Epoch=13 end ************
2023-12-18 10:57:06,457 P892343 INFO Train loss: 0.485037
2023-12-18 10:57:06,457 P892343 INFO Evaluation @epoch 14 - batch 3668: 
2023-12-18 10:57:17,446 P892343 INFO ===
2023-12-18 10:57:17,446 P892343 INFO [Metrics] AUC: 0.814123 - logloss: 0.438153
2023-12-18 10:57:17,456 P892343 INFO Save best model: monitor(max)=0.375971
2023-12-18 10:57:18,522 P892343 INFO ************ Epoch=14 end ************
2023-12-18 10:59:57,811 P892343 INFO Train loss: 0.482506
2023-12-18 10:59:57,811 P892343 INFO Evaluation @epoch 15 - batch 3668: 
2023-12-18 11:00:08,477 P892343 INFO ===
2023-12-18 11:00:08,477 P892343 INFO [Metrics] AUC: 0.813982 - logloss: 0.438259
2023-12-18 11:00:08,487 P892343 INFO Monitor(max)=0.375723 STOP!
2023-12-18 11:00:08,487 P892343 INFO Reduce learning rate on plateau: 0.000005
2023-12-18 11:00:08,911 P892343 INFO ************ Epoch=15 end ************
2023-12-18 11:02:47,238 P892343 INFO Train loss: 0.473454
2023-12-18 11:02:47,238 P892343 INFO Evaluation @epoch 16 - batch 3668: 
2023-12-18 11:02:58,093 P892343 INFO ===
2023-12-18 11:02:58,094 P892343 INFO [Metrics] AUC: 0.812003 - logloss: 0.440435
2023-12-18 11:02:58,103 P892343 INFO Monitor(max)=0.371568 STOP!
2023-12-18 11:02:58,103 P892343 INFO Reduce learning rate on plateau: 0.000001
2023-12-18 11:02:58,103 P892343 INFO ********* Epoch==16 early stop *********
2023-12-18 11:02:58,536 P892343 INFO Training finished.
2023-12-18 11:02:58,536 P892343 INFO Load best model: /root/autodl-tmp/model_zoo/SimCEN/SimCEN_torch/checkpoints/Criteo_x4_h5/SimCEN_Criteo_159_4c26d41d.model
2023-12-18 11:02:58,734 P892343 INFO ****** Validation evaluation ******
2023-12-18 11:03:09,474 P892343 INFO ===
2023-12-18 11:03:09,474 P892343 INFO [Metrics] logloss: 0.438153 - AUC: 0.814123
2023-12-18 11:03:10,164 P892343 INFO ******** Test evaluation ********
2023-12-18 11:03:10,164 P892343 INFO Loading data...
2023-12-18 11:03:10,164 P892343 INFO Loading data from h5: ../../../data/Criteo_x4_h5/test.h5
2023-12-18 11:03:12,175 P892343 INFO Test samples: total/4584062, blocks/1
2023-12-18 11:03:12,175 P892343 INFO Loading test data done.
2023-12-18 11:03:22,277 P892343 INFO ===
2023-12-18 11:03:22,277 P892343 INFO [Metrics] logloss: 0.437783 - AUC: 0.814637
