2023-12-18 03:23:26,582 P967062 INFO Params: {
    "alpha": "0.01",
    "batch_size": "10000",
    "cl_temperature": "0.2",
    "data_format": "h5",
    "data_root": "../../../data/",
    "dataset_id": "Criteo_x4_h5",
    "debug_mode": "False",
    "early_stop_patience": "2",
    "ego_batch_norm": "True",
    "ego_dropout": "0.2",
    "ego_hidden_activations": "relu",
    "embedding_dim": "16",
    "embedding_regularizer": "0.0001",
    "epochs": "100",
    "eval_steps": "None",
    "feature_cols": "[{'active': True, 'dtype': 'float', 'fill_na': 0, 'name': ['I1', 'I2', 'I3', 'I4', 'I5', 'I6', 'I7', 'I8', 'I9', 'I10', 'I11', 'I12', 'I13'], 'preprocess': 'convert_to_bucket', 'type': 'categorical'}, {'active': True, 'dtype': 'str', 'fill_na': '', 'name': ['C1', 'C2', 'C3', 'C4', 'C5', 'C6', 'C7', 'C8', 'C9', 'C10', 'C11', 'C12', 'C13', 'C14', 'C15', 'C16', 'C17', 'C18', 'C19', 'C20', 'C21', 'C22', 'C23', 'C24', 'C25', 'C26'], 'type': 'categorical'}]",
    "feature_config": "None",
    "feature_specs": "None",
    "gpu": "6",
    "group_id": "None",
    "hidden_units": "[480, 480, 480]",
    "label_col": "{'dtype': 'float', 'name': 'Label'}",
    "learning_rate": "0.0005",
    "loss": "binary_crossentropy",
    "metrics": "['logloss', 'AUC']",
    "min_categr_count": "2",
    "model": "SimCEN",
    "model_id": "SimCEN_Criteo_087_9bee6e8c",
    "model_root": "./checkpoints/",
    "monitor": "{'AUC': 1, 'logloss': -1}",
    "monitor_mode": "max",
    "net_regularizer": "0",
    "num_workers": "4",
    "optimizer": "adam",
    "pickle_feature_encoder": "True",
    "save_best_only": "True",
    "seed": "2023",
    "shuffle": "True",
    "task": "binary_classification",
    "test_data": "../../../data/Criteo_x4_h5/test.h5",
    "through_dropout": "0.2",
    "train_data": "../../../data/Criteo_x4_h5/train.h5",
    "use_features": "None",
    "v1_batch_norm": "True",
    "v1_dropout": "0.3",
    "v1_hidden_activations": "mish",
    "v2_batch_norm": "True",
    "v2_dropout": "0.2",
    "v2_hidden_activations": "gelu",
    "valid_data": "../../../data/Criteo_x4_h5/valid.h5",
    "verbose": "1"
}
2023-12-18 03:23:26,583 P967062 INFO Load feature_map from json: ../../../data/Criteo_x4_h5/feature_map.json
2023-12-18 03:23:26,583 P967062 INFO Set column index...
2023-12-18 03:23:26,583 P967062 INFO Feature specs: {
    "C1": "{'source': '', 'type': 'categorical', 'padding_idx': 0, 'oov_idx': 1461, 'vocab_size': 1462}",
    "C10": "{'source': '', 'type': 'categorical', 'padding_idx': 0, 'oov_idx': 70514, 'vocab_size': 70515}",
    "C11": "{'source': '', 'type': 'categorical', 'padding_idx': 0, 'oov_idx': 5517, 'vocab_size': 5518}",
    "C12": "{'source': '', 'type': 'categorical', 'padding_idx': 0, 'oov_idx': 1224132, 'vocab_size': 1224133}",
    "C13": "{'source': '', 'type': 'categorical', 'padding_idx': 0, 'oov_idx': 3193, 'vocab_size': 3194}",
    "C14": "{'source': '', 'type': 'categorical', 'padding_idx': 0, 'oov_idx': 28, 'vocab_size': 29}",
    "C15": "{'source': '', 'type': 'categorical', 'padding_idx': 0, 'oov_idx': 13600, 'vocab_size': 13601}",
    "C16": "{'source': '', 'type': 'categorical', 'padding_idx': 0, 'oov_idx': 1004793, 'vocab_size': 1004794}",
    "C17": "{'source': '', 'type': 'categorical', 'padding_idx': 0, 'oov_idx': 11, 'vocab_size': 12}",
    "C18": "{'source': '', 'type': 'categorical', 'padding_idx': 0, 'oov_idx': 5230, 'vocab_size': 5231}",
    "C19": "{'source': '', 'type': 'categorical', 'padding_idx': 0, 'oov_idx': 2144, 'vocab_size': 2145}",
    "C2": "{'source': '', 'type': 'categorical', 'padding_idx': 0, 'oov_idx': 563, 'vocab_size': 564}",
    "C20": "{'source': '', 'type': 'categorical', 'padding_idx': 0, 'oov_idx': 4, 'vocab_size': 5}",
    "C21": "{'source': '', 'type': 'categorical', 'padding_idx': 0, 'oov_idx': 1162912, 'vocab_size': 1162913}",
    "C22": "{'source': '', 'type': 'categorical', 'padding_idx': 0, 'oov_idx': 18, 'vocab_size': 19}",
    "C23": "{'source': '', 'type': 'categorical', 'padding_idx': 0, 'oov_idx': 16, 'vocab_size': 17}",
    "C24": "{'source': '', 'type': 'categorical', 'padding_idx': 0, 'oov_idx': 141672, 'vocab_size': 141673}",
    "C25": "{'source': '', 'type': 'categorical', 'padding_idx': 0, 'oov_idx': 101, 'vocab_size': 102}",
    "C26": "{'source': '', 'type': 'categorical', 'padding_idx': 0, 'oov_idx': 92085, 'vocab_size': 92086}",
    "C3": "{'source': '', 'type': 'categorical', 'padding_idx': 0, 'oov_idx': 1244768, 'vocab_size': 1244769}",
    "C4": "{'source': '', 'type': 'categorical', 'padding_idx': 0, 'oov_idx': 562022, 'vocab_size': 562023}",
    "C5": "{'source': '', 'type': 'categorical', 'padding_idx': 0, 'oov_idx': 306, 'vocab_size': 307}",
    "C6": "{'source': '', 'type': 'categorical', 'padding_idx': 0, 'oov_idx': 22, 'vocab_size': 23}",
    "C7": "{'source': '', 'type': 'categorical', 'padding_idx': 0, 'oov_idx': 12368, 'vocab_size': 12369}",
    "C8": "{'source': '', 'type': 'categorical', 'padding_idx': 0, 'oov_idx': 634, 'vocab_size': 635}",
    "C9": "{'source': '', 'type': 'categorical', 'padding_idx': 0, 'oov_idx': 4, 'vocab_size': 5}",
    "I1": "{'source': '', 'type': 'categorical', 'padding_idx': 0, 'oov_idx': 53, 'vocab_size': 54}",
    "I10": "{'source': '', 'type': 'categorical', 'padding_idx': 0, 'oov_idx': 6, 'vocab_size': 7}",
    "I11": "{'source': '', 'type': 'categorical', 'padding_idx': 0, 'oov_idx': 26, 'vocab_size': 27}",
    "I12": "{'source': '', 'type': 'categorical', 'padding_idx': 0, 'oov_idx': 47, 'vocab_size': 48}",
    "I13": "{'source': '', 'type': 'categorical', 'padding_idx': 0, 'oov_idx': 76, 'vocab_size': 77}",
    "I2": "{'source': '', 'type': 'categorical', 'padding_idx': 0, 'oov_idx': 104, 'vocab_size': 105}",
    "I3": "{'source': '', 'type': 'categorical', 'padding_idx': 0, 'oov_idx': 123, 'vocab_size': 124}",
    "I4": "{'source': '', 'type': 'categorical', 'padding_idx': 0, 'oov_idx': 45, 'vocab_size': 46}",
    "I5": "{'source': '', 'type': 'categorical', 'padding_idx': 0, 'oov_idx': 220, 'vocab_size': 221}",
    "I6": "{'source': '', 'type': 'categorical', 'padding_idx': 0, 'oov_idx': 133, 'vocab_size': 134}",
    "I7": "{'source': '', 'type': 'categorical', 'padding_idx': 0, 'oov_idx': 90, 'vocab_size': 91}",
    "I8": "{'source': '', 'type': 'categorical', 'padding_idx': 0, 'oov_idx': 76, 'vocab_size': 77}",
    "I9": "{'source': '', 'type': 'categorical', 'padding_idx': 0, 'oov_idx': 96, 'vocab_size': 97}"
}
2023-12-18 03:23:31,371 P967062 INFO Total number of parameters: 91204609.
2023-12-18 03:23:31,371 P967062 INFO Loading data...
2023-12-18 03:23:31,371 P967062 INFO Loading data from h5: ../../../data/Criteo_x4_h5/train.h5
2023-12-18 03:23:47,070 P967062 INFO Train samples: total/36672493, blocks/1
2023-12-18 03:23:47,070 P967062 INFO Loading data from h5: ../../../data/Criteo_x4_h5/valid.h5
2023-12-18 03:23:49,203 P967062 INFO Validation samples: total/4584062, blocks/1
2023-12-18 03:23:49,203 P967062 INFO Loading train and validation data done.
2023-12-18 03:23:49,203 P967062 INFO Start training: 3668 batches/epoch
2023-12-18 03:23:49,203 P967062 INFO ************ Epoch=1 start ************
2023-12-18 03:26:28,349 P967062 INFO Train loss: 0.520843
2023-12-18 03:26:28,349 P967062 INFO Evaluation @epoch 1 - batch 3668: 
2023-12-18 03:26:39,605 P967062 INFO ===
2023-12-18 03:26:39,606 P967062 INFO [Metrics] AUC: 0.804961 - logloss: 0.447106
2023-12-18 03:26:39,612 P967062 INFO Save best model: monitor(max)=0.357856
2023-12-18 03:26:40,622 P967062 INFO ************ Epoch=1 end ************
2023-12-18 03:29:19,863 P967062 INFO Train loss: 0.511754
2023-12-18 03:29:19,864 P967062 INFO Evaluation @epoch 2 - batch 3668: 
2023-12-18 03:29:31,019 P967062 INFO ===
2023-12-18 03:29:31,019 P967062 INFO [Metrics] AUC: 0.806265 - logloss: 0.445855
2023-12-18 03:29:31,030 P967062 INFO Save best model: monitor(max)=0.360410
2023-12-18 03:29:32,141 P967062 INFO ************ Epoch=2 end ************
2023-12-18 03:32:10,775 P967062 INFO Train loss: 0.510109
2023-12-18 03:32:10,776 P967062 INFO Evaluation @epoch 3 - batch 3668: 
2023-12-18 03:32:21,959 P967062 INFO ===
2023-12-18 03:32:21,960 P967062 INFO [Metrics] AUC: 0.807335 - logloss: 0.444510
2023-12-18 03:32:21,970 P967062 INFO Save best model: monitor(max)=0.362824
2023-12-18 03:32:23,083 P967062 INFO ************ Epoch=3 end ************
2023-12-18 03:35:02,180 P967062 INFO Train loss: 0.508855
2023-12-18 03:35:02,180 P967062 INFO Evaluation @epoch 4 - batch 3668: 
2023-12-18 03:35:13,287 P967062 INFO ===
2023-12-18 03:35:13,287 P967062 INFO [Metrics] AUC: 0.808087 - logloss: 0.444006
2023-12-18 03:35:13,298 P967062 INFO Save best model: monitor(max)=0.364081
2023-12-18 03:35:14,493 P967062 INFO ************ Epoch=4 end ************
2023-12-18 03:37:52,711 P967062 INFO Train loss: 0.508059
2023-12-18 03:37:52,711 P967062 INFO Evaluation @epoch 5 - batch 3668: 
2023-12-18 03:38:03,849 P967062 INFO ===
2023-12-18 03:38:03,849 P967062 INFO [Metrics] AUC: 0.808349 - logloss: 0.443844
2023-12-18 03:38:03,860 P967062 INFO Save best model: monitor(max)=0.364505
2023-12-18 03:38:05,006 P967062 INFO ************ Epoch=5 end ************
2023-12-18 03:40:43,988 P967062 INFO Train loss: 0.507459
2023-12-18 03:40:43,988 P967062 INFO Evaluation @epoch 6 - batch 3668: 
2023-12-18 03:40:55,311 P967062 INFO ===
2023-12-18 03:40:55,311 P967062 INFO [Metrics] AUC: 0.808573 - logloss: 0.443202
2023-12-18 03:40:55,321 P967062 INFO Save best model: monitor(max)=0.365371
2023-12-18 03:40:56,492 P967062 INFO ************ Epoch=6 end ************
2023-12-18 03:43:35,869 P967062 INFO Train loss: 0.507063
2023-12-18 03:43:35,869 P967062 INFO Evaluation @epoch 7 - batch 3668: 
2023-12-18 03:43:47,104 P967062 INFO ===
2023-12-18 03:43:47,104 P967062 INFO [Metrics] AUC: 0.808982 - logloss: 0.443056
2023-12-18 03:43:47,114 P967062 INFO Save best model: monitor(max)=0.365926
2023-12-18 03:43:48,241 P967062 INFO ************ Epoch=7 end ************
2023-12-18 03:46:27,356 P967062 INFO Train loss: 0.506793
2023-12-18 03:46:27,356 P967062 INFO Evaluation @epoch 8 - batch 3668: 
2023-12-18 03:46:38,528 P967062 INFO ===
2023-12-18 03:46:38,528 P967062 INFO [Metrics] AUC: 0.809283 - logloss: 0.442696
2023-12-18 03:46:38,538 P967062 INFO Save best model: monitor(max)=0.366587
2023-12-18 03:46:39,667 P967062 INFO ************ Epoch=8 end ************
2023-12-18 03:49:18,166 P967062 INFO Train loss: 0.506577
2023-12-18 03:49:18,166 P967062 INFO Evaluation @epoch 9 - batch 3668: 
2023-12-18 03:49:29,285 P967062 INFO ===
2023-12-18 03:49:29,285 P967062 INFO [Metrics] AUC: 0.809387 - logloss: 0.442671
2023-12-18 03:49:29,296 P967062 INFO Save best model: monitor(max)=0.366716
2023-12-18 03:49:30,433 P967062 INFO ************ Epoch=9 end ************
2023-12-18 03:52:09,118 P967062 INFO Train loss: 0.506373
2023-12-18 03:52:09,118 P967062 INFO Evaluation @epoch 10 - batch 3668: 
2023-12-18 03:52:20,072 P967062 INFO ===
2023-12-18 03:52:20,073 P967062 INFO [Metrics] AUC: 0.809433 - logloss: 0.442663
2023-12-18 03:52:20,083 P967062 INFO Save best model: monitor(max)=0.366769
2023-12-18 03:52:21,304 P967062 INFO ************ Epoch=10 end ************
2023-12-18 03:55:00,691 P967062 INFO Train loss: 0.506230
2023-12-18 03:55:00,691 P967062 INFO Evaluation @epoch 11 - batch 3668: 
2023-12-18 03:55:11,865 P967062 INFO ===
2023-12-18 03:55:11,865 P967062 INFO [Metrics] AUC: 0.809536 - logloss: 0.442510
2023-12-18 03:55:11,876 P967062 INFO Save best model: monitor(max)=0.367027
2023-12-18 03:55:13,047 P967062 INFO ************ Epoch=11 end ************
2023-12-18 03:57:52,255 P967062 INFO Train loss: 0.506252
2023-12-18 03:57:52,255 P967062 INFO Evaluation @epoch 12 - batch 3668: 
2023-12-18 03:58:03,229 P967062 INFO ===
2023-12-18 03:58:03,230 P967062 INFO [Metrics] AUC: 0.809529 - logloss: 0.442926
2023-12-18 03:58:03,239 P967062 INFO Monitor(max)=0.366603 STOP!
2023-12-18 03:58:03,240 P967062 INFO Reduce learning rate on plateau: 0.000050
2023-12-18 03:58:03,829 P967062 INFO ************ Epoch=12 end ************
2023-12-18 04:00:42,708 P967062 INFO Train loss: 0.489018
2023-12-18 04:00:42,708 P967062 INFO Evaluation @epoch 13 - batch 3668: 
2023-12-18 04:00:53,671 P967062 INFO ===
2023-12-18 04:00:53,671 P967062 INFO [Metrics] AUC: 0.813562 - logloss: 0.438694
2023-12-18 04:00:53,681 P967062 INFO Save best model: monitor(max)=0.374868
2023-12-18 04:00:54,820 P967062 INFO ************ Epoch=13 end ************
2023-12-18 04:03:33,295 P967062 INFO Train loss: 0.483482
2023-12-18 04:03:33,295 P967062 INFO Evaluation @epoch 14 - batch 3668: 
2023-12-18 04:03:44,193 P967062 INFO ===
2023-12-18 04:03:44,194 P967062 INFO [Metrics] AUC: 0.814118 - logloss: 0.438197
2023-12-18 04:03:44,204 P967062 INFO Save best model: monitor(max)=0.375921
2023-12-18 04:03:45,323 P967062 INFO ************ Epoch=14 end ************
2023-12-18 04:06:24,944 P967062 INFO Train loss: 0.481028
2023-12-18 04:06:24,944 P967062 INFO Evaluation @epoch 15 - batch 3668: 
2023-12-18 04:06:35,972 P967062 INFO ===
2023-12-18 04:06:35,972 P967062 INFO [Metrics] AUC: 0.814033 - logloss: 0.438385
2023-12-18 04:06:35,982 P967062 INFO Monitor(max)=0.375648 STOP!
2023-12-18 04:06:35,982 P967062 INFO Reduce learning rate on plateau: 0.000005
2023-12-18 04:06:36,507 P967062 INFO ************ Epoch=15 end ************
2023-12-18 04:09:16,008 P967062 INFO Train loss: 0.472303
2023-12-18 04:09:16,009 P967062 INFO Evaluation @epoch 16 - batch 3668: 
2023-12-18 04:09:27,003 P967062 INFO ===
2023-12-18 04:09:27,003 P967062 INFO [Metrics] AUC: 0.812504 - logloss: 0.440147
2023-12-18 04:09:27,013 P967062 INFO Monitor(max)=0.372357 STOP!
2023-12-18 04:09:27,013 P967062 INFO Reduce learning rate on plateau: 0.000001
2023-12-18 04:09:27,013 P967062 INFO ********* Epoch==16 early stop *********
2023-12-18 04:09:27,570 P967062 INFO Training finished.
2023-12-18 04:09:27,571 P967062 INFO Load best model: /root/autodl-tmp/model_zoo/SimCEN/SimCEN_torch/checkpoints/Criteo_x4_h5/SimCEN_Criteo_087_9bee6e8c.model
2023-12-18 04:09:27,769 P967062 INFO ****** Validation evaluation ******
2023-12-18 04:09:38,876 P967062 INFO ===
2023-12-18 04:09:38,877 P967062 INFO [Metrics] logloss: 0.438197 - AUC: 0.814118
2023-12-18 04:09:39,614 P967062 INFO ******** Test evaluation ********
2023-12-18 04:09:39,614 P967062 INFO Loading data...
2023-12-18 04:09:39,615 P967062 INFO Loading data from h5: ../../../data/Criteo_x4_h5/test.h5
2023-12-18 04:09:41,735 P967062 INFO Test samples: total/4584062, blocks/1
2023-12-18 04:09:41,735 P967062 INFO Loading test data done.
2023-12-18 04:09:52,071 P967062 INFO ===
2023-12-18 04:09:52,071 P967062 INFO [Metrics] logloss: 0.437707 - AUC: 0.814697
