2023-12-17 18:29:24,740 P751017 INFO Params: {
    "alpha": "0.01",
    "batch_size": "10000",
    "cl_temperature": "0.2",
    "data_format": "h5",
    "data_root": "../../../data/",
    "dataset_id": "Criteo_x4_h5",
    "debug_mode": "False",
    "early_stop_patience": "2",
    "ego_batch_norm": "True",
    "ego_dropout": "0.2",
    "ego_hidden_activations": "relu",
    "embedding_dim": "16",
    "embedding_regularizer": "0.0001",
    "epochs": "100",
    "eval_steps": "None",
    "feature_cols": "[{'active': True, 'dtype': 'float', 'fill_na': 0, 'name': ['I1', 'I2', 'I3', 'I4', 'I5', 'I6', 'I7', 'I8', 'I9', 'I10', 'I11', 'I12', 'I13'], 'preprocess': 'convert_to_bucket', 'type': 'categorical'}, {'active': True, 'dtype': 'str', 'fill_na': '', 'name': ['C1', 'C2', 'C3', 'C4', 'C5', 'C6', 'C7', 'C8', 'C9', 'C10', 'C11', 'C12', 'C13', 'C14', 'C15', 'C16', 'C17', 'C18', 'C19', 'C20', 'C21', 'C22', 'C23', 'C24', 'C25', 'C26'], 'type': 'categorical'}]",
    "feature_config": "None",
    "feature_specs": "None",
    "gpu": "0",
    "group_id": "None",
    "hidden_units": "[480, 480, 480]",
    "label_col": "{'dtype': 'float', 'name': 'Label'}",
    "learning_rate": "0.0005",
    "loss": "binary_crossentropy",
    "metrics": "['logloss', 'AUC']",
    "min_categr_count": "2",
    "model": "SimCEN_DeepFM",
    "model_id": "SimCEN_DeepFM_Criteo_001_8f20cd6b",
    "model_root": "./checkpoints/",
    "monitor": "{'AUC': 1, 'logloss': -1}",
    "monitor_mode": "max",
    "net_regularizer": "0",
    "num_workers": "4",
    "optimizer": "adam",
    "pickle_feature_encoder": "True",
    "save_best_only": "True",
    "seed": "2023",
    "shuffle": "True",
    "task": "binary_classification",
    "test_data": "../../../data/Criteo_x4_h5/test.h5",
    "through_dropout": "0.1",
    "train_data": "../../../data/Criteo_x4_h5/train.h5",
    "use_features": "None",
    "v1_batch_norm": "True",
    "v1_dropout": "0.2",
    "v1_hidden_activations": "mish",
    "v2_batch_norm": "True",
    "v2_dropout": "0.2",
    "v2_hidden_activations": "gelu",
    "valid_data": "../../../data/Criteo_x4_h5/valid.h5",
    "verbose": "1"
}
2023-12-17 18:29:24,740 P751017 INFO Load feature_map from json: ../../../data/Criteo_x4_h5/feature_map.json
2023-12-17 18:29:24,740 P751017 INFO Set column index...
2023-12-17 18:29:24,740 P751017 INFO Feature specs: {
    "C1": "{'source': '', 'type': 'categorical', 'padding_idx': 0, 'oov_idx': 1461, 'vocab_size': 1462}",
    "C10": "{'source': '', 'type': 'categorical', 'padding_idx': 0, 'oov_idx': 70514, 'vocab_size': 70515}",
    "C11": "{'source': '', 'type': 'categorical', 'padding_idx': 0, 'oov_idx': 5517, 'vocab_size': 5518}",
    "C12": "{'source': '', 'type': 'categorical', 'padding_idx': 0, 'oov_idx': 1224132, 'vocab_size': 1224133}",
    "C13": "{'source': '', 'type': 'categorical', 'padding_idx': 0, 'oov_idx': 3193, 'vocab_size': 3194}",
    "C14": "{'source': '', 'type': 'categorical', 'padding_idx': 0, 'oov_idx': 28, 'vocab_size': 29}",
    "C15": "{'source': '', 'type': 'categorical', 'padding_idx': 0, 'oov_idx': 13600, 'vocab_size': 13601}",
    "C16": "{'source': '', 'type': 'categorical', 'padding_idx': 0, 'oov_idx': 1004793, 'vocab_size': 1004794}",
    "C17": "{'source': '', 'type': 'categorical', 'padding_idx': 0, 'oov_idx': 11, 'vocab_size': 12}",
    "C18": "{'source': '', 'type': 'categorical', 'padding_idx': 0, 'oov_idx': 5230, 'vocab_size': 5231}",
    "C19": "{'source': '', 'type': 'categorical', 'padding_idx': 0, 'oov_idx': 2144, 'vocab_size': 2145}",
    "C2": "{'source': '', 'type': 'categorical', 'padding_idx': 0, 'oov_idx': 563, 'vocab_size': 564}",
    "C20": "{'source': '', 'type': 'categorical', 'padding_idx': 0, 'oov_idx': 4, 'vocab_size': 5}",
    "C21": "{'source': '', 'type': 'categorical', 'padding_idx': 0, 'oov_idx': 1162912, 'vocab_size': 1162913}",
    "C22": "{'source': '', 'type': 'categorical', 'padding_idx': 0, 'oov_idx': 18, 'vocab_size': 19}",
    "C23": "{'source': '', 'type': 'categorical', 'padding_idx': 0, 'oov_idx': 16, 'vocab_size': 17}",
    "C24": "{'source': '', 'type': 'categorical', 'padding_idx': 0, 'oov_idx': 141672, 'vocab_size': 141673}",
    "C25": "{'source': '', 'type': 'categorical', 'padding_idx': 0, 'oov_idx': 101, 'vocab_size': 102}",
    "C26": "{'source': '', 'type': 'categorical', 'padding_idx': 0, 'oov_idx': 92085, 'vocab_size': 92086}",
    "C3": "{'source': '', 'type': 'categorical', 'padding_idx': 0, 'oov_idx': 1244768, 'vocab_size': 1244769}",
    "C4": "{'source': '', 'type': 'categorical', 'padding_idx': 0, 'oov_idx': 562022, 'vocab_size': 562023}",
    "C5": "{'source': '', 'type': 'categorical', 'padding_idx': 0, 'oov_idx': 306, 'vocab_size': 307}",
    "C6": "{'source': '', 'type': 'categorical', 'padding_idx': 0, 'oov_idx': 22, 'vocab_size': 23}",
    "C7": "{'source': '', 'type': 'categorical', 'padding_idx': 0, 'oov_idx': 12368, 'vocab_size': 12369}",
    "C8": "{'source': '', 'type': 'categorical', 'padding_idx': 0, 'oov_idx': 634, 'vocab_size': 635}",
    "C9": "{'source': '', 'type': 'categorical', 'padding_idx': 0, 'oov_idx': 4, 'vocab_size': 5}",
    "I1": "{'source': '', 'type': 'categorical', 'padding_idx': 0, 'oov_idx': 53, 'vocab_size': 54}",
    "I10": "{'source': '', 'type': 'categorical', 'padding_idx': 0, 'oov_idx': 6, 'vocab_size': 7}",
    "I11": "{'source': '', 'type': 'categorical', 'padding_idx': 0, 'oov_idx': 26, 'vocab_size': 27}",
    "I12": "{'source': '', 'type': 'categorical', 'padding_idx': 0, 'oov_idx': 47, 'vocab_size': 48}",
    "I13": "{'source': '', 'type': 'categorical', 'padding_idx': 0, 'oov_idx': 76, 'vocab_size': 77}",
    "I2": "{'source': '', 'type': 'categorical', 'padding_idx': 0, 'oov_idx': 104, 'vocab_size': 105}",
    "I3": "{'source': '', 'type': 'categorical', 'padding_idx': 0, 'oov_idx': 123, 'vocab_size': 124}",
    "I4": "{'source': '', 'type': 'categorical', 'padding_idx': 0, 'oov_idx': 45, 'vocab_size': 46}",
    "I5": "{'source': '', 'type': 'categorical', 'padding_idx': 0, 'oov_idx': 220, 'vocab_size': 221}",
    "I6": "{'source': '', 'type': 'categorical', 'padding_idx': 0, 'oov_idx': 133, 'vocab_size': 134}",
    "I7": "{'source': '', 'type': 'categorical', 'padding_idx': 0, 'oov_idx': 90, 'vocab_size': 91}",
    "I8": "{'source': '', 'type': 'categorical', 'padding_idx': 0, 'oov_idx': 76, 'vocab_size': 77}",
    "I9": "{'source': '', 'type': 'categorical', 'padding_idx': 0, 'oov_idx': 96, 'vocab_size': 97}"
}
2023-12-17 18:29:29,159 P751017 INFO Total number of parameters: 96753862.
2023-12-17 18:29:29,160 P751017 INFO Loading data...
2023-12-17 18:29:29,160 P751017 INFO Loading data from h5: ../../../data/Criteo_x4_h5/train.h5
2023-12-17 18:30:01,536 P751017 INFO Train samples: total/36672493, blocks/1
2023-12-17 18:30:01,536 P751017 INFO Loading data from h5: ../../../data/Criteo_x4_h5/valid.h5
2023-12-17 18:30:06,832 P751017 INFO Validation samples: total/4584062, blocks/1
2023-12-17 18:30:06,832 P751017 INFO Loading train and validation data done.
2023-12-17 18:30:06,833 P751017 INFO Start training: 3668 batches/epoch
2023-12-17 18:30:06,833 P751017 INFO ************ Epoch=1 start ************
2023-12-17 18:35:09,308 P751017 INFO Train loss: 0.518506
2023-12-17 18:35:09,308 P751017 INFO Evaluation @epoch 1 - batch 3668: 
2023-12-17 18:35:21,552 P751017 INFO ===
2023-12-17 18:35:21,552 P751017 INFO [Metrics] AUC: 0.804549 - logloss: 0.446868
2023-12-17 18:35:21,556 P751017 INFO Save best model: monitor(max)=0.357681
2023-12-17 18:35:22,309 P751017 INFO ************ Epoch=1 end ************
2023-12-17 18:42:52,407 P751017 INFO Train loss: 0.508066
2023-12-17 18:42:52,407 P751017 INFO Evaluation @epoch 2 - batch 3668: 
2023-12-17 18:43:04,879 P751017 INFO ===
2023-12-17 18:43:04,879 P751017 INFO [Metrics] AUC: 0.806043 - logloss: 0.445359
2023-12-17 18:43:04,882 P751017 INFO Save best model: monitor(max)=0.360684
2023-12-17 18:43:07,003 P751017 INFO ************ Epoch=2 end ************
2023-12-17 18:51:49,505 P751017 INFO Train loss: 0.506182
2023-12-17 18:51:49,505 P751017 INFO Evaluation @epoch 3 - batch 3668: 
2023-12-17 18:52:02,291 P751017 INFO ===
2023-12-17 18:52:02,291 P751017 INFO [Metrics] AUC: 0.807020 - logloss: 0.444578
2023-12-17 18:52:02,294 P751017 INFO Save best model: monitor(max)=0.362442
2023-12-17 18:52:04,872 P751017 INFO ************ Epoch=3 end ************
2023-12-17 19:00:54,348 P751017 INFO Train loss: 0.504932
2023-12-17 19:00:54,348 P751017 INFO Evaluation @epoch 4 - batch 3668: 
2023-12-17 19:01:07,506 P751017 INFO ===
2023-12-17 19:01:07,507 P751017 INFO [Metrics] AUC: 0.807732 - logloss: 0.443963
2023-12-17 19:01:07,510 P751017 INFO Save best model: monitor(max)=0.363768
2023-12-17 19:01:09,759 P751017 INFO ************ Epoch=4 end ************
2023-12-17 19:09:45,569 P751017 INFO Train loss: 0.504337
2023-12-17 19:09:45,569 P751017 INFO Evaluation @epoch 5 - batch 3668: 
2023-12-17 19:09:57,777 P751017 INFO ===
2023-12-17 19:09:57,777 P751017 INFO [Metrics] AUC: 0.808276 - logloss: 0.443389
2023-12-17 19:09:57,780 P751017 INFO Save best model: monitor(max)=0.364886
2023-12-17 19:09:59,956 P751017 INFO ************ Epoch=5 end ************
2023-12-17 19:18:44,043 P751017 INFO Train loss: 0.503604
2023-12-17 19:18:44,043 P751017 INFO Evaluation @epoch 6 - batch 3668: 
2023-12-17 19:18:56,930 P751017 INFO ===
2023-12-17 19:18:56,930 P751017 INFO [Metrics] AUC: 0.808756 - logloss: 0.442895
2023-12-17 19:18:56,933 P751017 INFO Save best model: monitor(max)=0.365861
2023-12-17 19:18:59,666 P751017 INFO ************ Epoch=6 end ************
2023-12-17 19:27:40,021 P751017 INFO Train loss: 0.503243
2023-12-17 19:27:40,021 P751017 INFO Evaluation @epoch 7 - batch 3668: 
2023-12-17 19:27:52,305 P751017 INFO ===
2023-12-17 19:27:52,305 P751017 INFO [Metrics] AUC: 0.808872 - logloss: 0.442923
2023-12-17 19:27:52,308 P751017 INFO Save best model: monitor(max)=0.365949
2023-12-17 19:27:55,013 P751017 INFO ************ Epoch=7 end ************
2023-12-17 19:36:46,096 P751017 INFO Train loss: 0.502897
2023-12-17 19:36:46,096 P751017 INFO Evaluation @epoch 8 - batch 3668: 
2023-12-17 19:36:58,257 P751017 INFO ===
2023-12-17 19:36:58,257 P751017 INFO [Metrics] AUC: 0.809173 - logloss: 0.442744
2023-12-17 19:36:58,260 P751017 INFO Save best model: monitor(max)=0.366429
2023-12-17 19:37:00,468 P751017 INFO ************ Epoch=8 end ************
2023-12-17 19:45:42,619 P751017 INFO Train loss: 0.502562
2023-12-17 19:45:42,620 P751017 INFO Evaluation @epoch 9 - batch 3668: 
2023-12-17 19:45:55,446 P751017 INFO ===
2023-12-17 19:45:55,447 P751017 INFO [Metrics] AUC: 0.809398 - logloss: 0.442325
2023-12-17 19:45:55,450 P751017 INFO Save best model: monitor(max)=0.367073
2023-12-17 19:45:57,628 P751017 INFO ************ Epoch=9 end ************
2023-12-17 19:54:50,167 P751017 INFO Train loss: 0.502368
2023-12-17 19:54:50,167 P751017 INFO Evaluation @epoch 10 - batch 3668: 
2023-12-17 19:55:03,533 P751017 INFO ===
2023-12-17 19:55:03,534 P751017 INFO [Metrics] AUC: 0.809435 - logloss: 0.442321
2023-12-17 19:55:03,537 P751017 INFO Save best model: monitor(max)=0.367114
2023-12-17 19:55:05,732 P751017 INFO ************ Epoch=10 end ************
2023-12-17 20:02:57,856 P751017 INFO Train loss: 0.502173
2023-12-17 20:02:57,856 P751017 INFO Evaluation @epoch 11 - batch 3668: 
2023-12-17 20:03:10,615 P751017 INFO ===
2023-12-17 20:03:10,616 P751017 INFO [Metrics] AUC: 0.809648 - logloss: 0.442153
2023-12-17 20:03:10,619 P751017 INFO Save best model: monitor(max)=0.367495
2023-12-17 20:03:12,850 P751017 INFO ************ Epoch=11 end ************
2023-12-17 20:11:58,366 P751017 INFO Train loss: 0.502071
2023-12-17 20:11:58,366 P751017 INFO Evaluation @epoch 12 - batch 3668: 
2023-12-17 20:12:11,323 P751017 INFO ===
2023-12-17 20:12:11,323 P751017 INFO [Metrics] AUC: 0.809614 - logloss: 0.442315
2023-12-17 20:12:11,327 P751017 INFO Monitor(max)=0.367299 STOP!
2023-12-17 20:12:11,327 P751017 INFO Reduce learning rate on plateau: 0.000050
2023-12-17 20:12:11,452 P751017 INFO ************ Epoch=12 end ************
2023-12-17 20:20:59,744 P751017 INFO Train loss: 0.483878
2023-12-17 20:20:59,744 P751017 INFO Evaluation @epoch 13 - batch 3668: 
2023-12-17 20:21:12,861 P751017 INFO ===
2023-12-17 20:21:12,861 P751017 INFO [Metrics] AUC: 0.813774 - logloss: 0.438261
2023-12-17 20:21:12,865 P751017 INFO Save best model: monitor(max)=0.375513
2023-12-17 20:21:15,068 P751017 INFO ************ Epoch=13 end ************
2023-12-17 20:29:54,007 P751017 INFO Train loss: 0.478103
2023-12-17 20:29:54,008 P751017 INFO Evaluation @epoch 14 - batch 3668: 
2023-12-17 20:30:06,292 P751017 INFO ===
2023-12-17 20:30:06,292 P751017 INFO [Metrics] AUC: 0.814163 - logloss: 0.437917
2023-12-17 20:30:06,295 P751017 INFO Save best model: monitor(max)=0.376246
2023-12-17 20:30:08,509 P751017 INFO ************ Epoch=14 end ************
2023-12-17 20:38:55,220 P751017 INFO Train loss: 0.475367
2023-12-17 20:38:55,221 P751017 INFO Evaluation @epoch 15 - batch 3668: 
2023-12-17 20:39:07,493 P751017 INFO ===
2023-12-17 20:39:07,494 P751017 INFO [Metrics] AUC: 0.813881 - logloss: 0.438181
2023-12-17 20:39:07,497 P751017 INFO Monitor(max)=0.375700 STOP!
2023-12-17 20:39:07,497 P751017 INFO Reduce learning rate on plateau: 0.000005
2023-12-17 20:39:07,607 P751017 INFO ************ Epoch=15 end ************
2023-12-17 20:47:38,558 P751017 INFO Train loss: 0.465825
2023-12-17 20:47:38,559 P751017 INFO Evaluation @epoch 16 - batch 3668: 
2023-12-17 20:47:51,074 P751017 INFO ===
2023-12-17 20:47:51,074 P751017 INFO [Metrics] AUC: 0.811760 - logloss: 0.440949
2023-12-17 20:47:51,078 P751017 INFO Monitor(max)=0.370811 STOP!
2023-12-17 20:47:51,078 P751017 INFO Reduce learning rate on plateau: 0.000001
2023-12-17 20:47:51,078 P751017 INFO ********* Epoch==16 early stop *********
2023-12-17 20:47:51,179 P751017 INFO Training finished.
2023-12-17 20:47:51,179 P751017 INFO Load best model: /mnt/public/lhh/code/model_zoo/SimCEN/SimCEN_torch/checkpoints/Criteo_x4_h5/SimCEN_DeepFM_Criteo_001_8f20cd6b.model
2023-12-17 20:47:51,445 P751017 INFO ****** Validation evaluation ******
2023-12-17 20:48:04,393 P751017 INFO ===
2023-12-17 20:48:04,394 P751017 INFO [Metrics] logloss: 0.437917 - AUC: 0.814163
2023-12-17 20:48:04,480 P751017 INFO ******** Test evaluation ********
2023-12-17 20:48:04,480 P751017 INFO Loading data...
2023-12-17 20:48:04,480 P751017 INFO Loading data from h5: ../../../data/Criteo_x4_h5/test.h5
2023-12-17 20:48:12,672 P751017 INFO Test samples: total/4584062, blocks/1
2023-12-17 20:48:12,673 P751017 INFO Loading test data done.
2023-12-17 20:48:25,460 P751017 INFO ===
2023-12-17 20:48:25,461 P751017 INFO [Metrics] logloss: 0.437513 - AUC: 0.814621
