2023-12-17 11:11:01,518 P559093 INFO Params: {
    "alpha": "0.01",
    "batch_size": "10000",
    "cl_temperature": "0.3",
    "data_format": "h5",
    "data_root": "../../../data/",
    "dataset_id": "Criteo_x4_h5",
    "debug_mode": "False",
    "early_stop_patience": "2",
    "ego_batch_norm": "True",
    "ego_dropout": "0.2",
    "ego_hidden_activations": "relu",
    "embedding_dim": "20",
    "embedding_regularizer": "0.0001",
    "embedding_share": "False",
    "epochs": "100",
    "eval_steps": "None",
    "feature_cols": "[{'active': True, 'dtype': 'float', 'fill_na': 0, 'name': ['I1', 'I2', 'I3', 'I4', 'I5', 'I6', 'I7', 'I8', 'I9', 'I10', 'I11', 'I12', 'I13'], 'preprocess': 'convert_to_bucket', 'type': 'categorical'}, {'active': True, 'dtype': 'str', 'fill_na': '', 'name': ['C1', 'C2', 'C3', 'C4', 'C5', 'C6', 'C7', 'C8', 'C9', 'C10', 'C11', 'C12', 'C13', 'C14', 'C15', 'C16', 'C17', 'C18', 'C19', 'C20', 'C21', 'C22', 'C23', 'C24', 'C25', 'C26'], 'type': 'categorical'}]",
    "feature_config": "None",
    "feature_specs": "None",
    "gpu": "4",
    "group_id": "None",
    "label_col": "{'dtype': 'float', 'name': 'Label'}",
    "learning_rate": "0.0005",
    "loss": "binary_crossentropy",
    "metrics": "['logloss', 'AUC']",
    "min_categr_count": "2",
    "mlep1_hidden_units": "[480, 480, 480]",
    "mlep2_hidden_units": "[960, 480]",
    "model": "SimCEN_SimCEN",
    "model_id": "SimCEN_SimCEN_Criteo_084_b460c1ad",
    "model_root": "./checkpoints/",
    "monitor": "{'AUC': 1, 'logloss': -1}",
    "monitor_mode": "max",
    "net_regularizer": "0",
    "num_workers": "4",
    "optimizer": "adam",
    "pickle_feature_encoder": "True",
    "save_best_only": "True",
    "seed": "2023",
    "shuffle": "True",
    "task": "binary_classification",
    "test_data": "../../../data/Criteo_x4_h5/test.h5",
    "through_dropout": "0.2",
    "train_data": "../../../data/Criteo_x4_h5/train.h5",
    "use_features": "None",
    "v1_batch_norm": "True",
    "v1_dropout": "0.2",
    "v1_hidden_activations": "mish",
    "v2_batch_norm": "True",
    "v2_dropout": "0.3",
    "v2_hidden_activations": "gelu",
    "valid_data": "../../../data/Criteo_x4_h5/valid.h5",
    "verbose": "1"
}
2023-12-17 11:11:01,518 P559093 INFO Load feature_map from json: ../../../data/Criteo_x4_h5/feature_map.json
2023-12-17 11:11:01,519 P559093 INFO Set column index...
2023-12-17 11:11:01,519 P559093 INFO Feature specs: {
    "C1": "{'source': '', 'type': 'categorical', 'padding_idx': 0, 'oov_idx': 1461, 'vocab_size': 1462}",
    "C10": "{'source': '', 'type': 'categorical', 'padding_idx': 0, 'oov_idx': 70514, 'vocab_size': 70515}",
    "C11": "{'source': '', 'type': 'categorical', 'padding_idx': 0, 'oov_idx': 5517, 'vocab_size': 5518}",
    "C12": "{'source': '', 'type': 'categorical', 'padding_idx': 0, 'oov_idx': 1224132, 'vocab_size': 1224133}",
    "C13": "{'source': '', 'type': 'categorical', 'padding_idx': 0, 'oov_idx': 3193, 'vocab_size': 3194}",
    "C14": "{'source': '', 'type': 'categorical', 'padding_idx': 0, 'oov_idx': 28, 'vocab_size': 29}",
    "C15": "{'source': '', 'type': 'categorical', 'padding_idx': 0, 'oov_idx': 13600, 'vocab_size': 13601}",
    "C16": "{'source': '', 'type': 'categorical', 'padding_idx': 0, 'oov_idx': 1004793, 'vocab_size': 1004794}",
    "C17": "{'source': '', 'type': 'categorical', 'padding_idx': 0, 'oov_idx': 11, 'vocab_size': 12}",
    "C18": "{'source': '', 'type': 'categorical', 'padding_idx': 0, 'oov_idx': 5230, 'vocab_size': 5231}",
    "C19": "{'source': '', 'type': 'categorical', 'padding_idx': 0, 'oov_idx': 2144, 'vocab_size': 2145}",
    "C2": "{'source': '', 'type': 'categorical', 'padding_idx': 0, 'oov_idx': 563, 'vocab_size': 564}",
    "C20": "{'source': '', 'type': 'categorical', 'padding_idx': 0, 'oov_idx': 4, 'vocab_size': 5}",
    "C21": "{'source': '', 'type': 'categorical', 'padding_idx': 0, 'oov_idx': 1162912, 'vocab_size': 1162913}",
    "C22": "{'source': '', 'type': 'categorical', 'padding_idx': 0, 'oov_idx': 18, 'vocab_size': 19}",
    "C23": "{'source': '', 'type': 'categorical', 'padding_idx': 0, 'oov_idx': 16, 'vocab_size': 17}",
    "C24": "{'source': '', 'type': 'categorical', 'padding_idx': 0, 'oov_idx': 141672, 'vocab_size': 141673}",
    "C25": "{'source': '', 'type': 'categorical', 'padding_idx': 0, 'oov_idx': 101, 'vocab_size': 102}",
    "C26": "{'source': '', 'type': 'categorical', 'padding_idx': 0, 'oov_idx': 92085, 'vocab_size': 92086}",
    "C3": "{'source': '', 'type': 'categorical', 'padding_idx': 0, 'oov_idx': 1244768, 'vocab_size': 1244769}",
    "C4": "{'source': '', 'type': 'categorical', 'padding_idx': 0, 'oov_idx': 562022, 'vocab_size': 562023}",
    "C5": "{'source': '', 'type': 'categorical', 'padding_idx': 0, 'oov_idx': 306, 'vocab_size': 307}",
    "C6": "{'source': '', 'type': 'categorical', 'padding_idx': 0, 'oov_idx': 22, 'vocab_size': 23}",
    "C7": "{'source': '', 'type': 'categorical', 'padding_idx': 0, 'oov_idx': 12368, 'vocab_size': 12369}",
    "C8": "{'source': '', 'type': 'categorical', 'padding_idx': 0, 'oov_idx': 634, 'vocab_size': 635}",
    "C9": "{'source': '', 'type': 'categorical', 'padding_idx': 0, 'oov_idx': 4, 'vocab_size': 5}",
    "I1": "{'source': '', 'type': 'categorical', 'padding_idx': 0, 'oov_idx': 53, 'vocab_size': 54}",
    "I10": "{'source': '', 'type': 'categorical', 'padding_idx': 0, 'oov_idx': 6, 'vocab_size': 7}",
    "I11": "{'source': '', 'type': 'categorical', 'padding_idx': 0, 'oov_idx': 26, 'vocab_size': 27}",
    "I12": "{'source': '', 'type': 'categorical', 'padding_idx': 0, 'oov_idx': 47, 'vocab_size': 48}",
    "I13": "{'source': '', 'type': 'categorical', 'padding_idx': 0, 'oov_idx': 76, 'vocab_size': 77}",
    "I2": "{'source': '', 'type': 'categorical', 'padding_idx': 0, 'oov_idx': 104, 'vocab_size': 105}",
    "I3": "{'source': '', 'type': 'categorical', 'padding_idx': 0, 'oov_idx': 123, 'vocab_size': 124}",
    "I4": "{'source': '', 'type': 'categorical', 'padding_idx': 0, 'oov_idx': 45, 'vocab_size': 46}",
    "I5": "{'source': '', 'type': 'categorical', 'padding_idx': 0, 'oov_idx': 220, 'vocab_size': 221}",
    "I6": "{'source': '', 'type': 'categorical', 'padding_idx': 0, 'oov_idx': 133, 'vocab_size': 134}",
    "I7": "{'source': '', 'type': 'categorical', 'padding_idx': 0, 'oov_idx': 90, 'vocab_size': 91}",
    "I8": "{'source': '', 'type': 'categorical', 'padding_idx': 0, 'oov_idx': 76, 'vocab_size': 77}",
    "I9": "{'source': '', 'type': 'categorical', 'padding_idx': 0, 'oov_idx': 96, 'vocab_size': 97}"
}
2023-12-17 11:11:07,500 P559093 INFO Total number of parameters: 228913921.
2023-12-17 11:11:07,500 P559093 INFO Loading data...
2023-12-17 11:11:07,500 P559093 INFO Loading data from h5: ../../../data/Criteo_x4_h5/train.h5
2023-12-17 11:11:22,760 P559093 INFO Train samples: total/36672493, blocks/1
2023-12-17 11:11:22,760 P559093 INFO Loading data from h5: ../../../data/Criteo_x4_h5/valid.h5
2023-12-17 11:11:24,754 P559093 INFO Validation samples: total/4584062, blocks/1
2023-12-17 11:11:24,754 P559093 INFO Loading train and validation data done.
2023-12-17 11:11:24,754 P559093 INFO Start training: 3668 batches/epoch
2023-12-17 11:11:24,754 P559093 INFO ************ Epoch=1 start ************
2023-12-17 11:16:47,015 P559093 INFO Train loss: 0.601631
2023-12-17 11:16:47,015 P559093 INFO Evaluation @epoch 1 - batch 3668: 
2023-12-17 11:16:59,578 P559093 INFO ===
2023-12-17 11:16:59,578 P559093 INFO [Metrics] AUC: 0.805168 - logloss: 0.446479
2023-12-17 11:16:59,585 P559093 INFO Save best model: monitor(max)=0.358689
2023-12-17 11:17:01,402 P559093 INFO ************ Epoch=1 end ************
2023-12-17 11:22:22,928 P559093 INFO Train loss: 0.587459
2023-12-17 11:22:22,929 P559093 INFO Evaluation @epoch 2 - batch 3668: 
2023-12-17 11:22:35,457 P559093 INFO ===
2023-12-17 11:22:35,457 P559093 INFO [Metrics] AUC: 0.807006 - logloss: 0.444766
2023-12-17 11:22:35,466 P559093 INFO Save best model: monitor(max)=0.362240
2023-12-17 11:22:37,316 P559093 INFO ************ Epoch=2 end ************
2023-12-17 11:27:59,139 P559093 INFO Train loss: 0.584811
2023-12-17 11:27:59,139 P559093 INFO Evaluation @epoch 3 - batch 3668: 
2023-12-17 11:28:11,580 P559093 INFO ===
2023-12-17 11:28:11,580 P559093 INFO [Metrics] AUC: 0.808260 - logloss: 0.443797
2023-12-17 11:28:11,589 P559093 INFO Save best model: monitor(max)=0.364463
2023-12-17 11:28:13,503 P559093 INFO ************ Epoch=3 end ************
2023-12-17 11:33:36,209 P559093 INFO Train loss: 0.583467
2023-12-17 11:33:36,209 P559093 INFO Evaluation @epoch 4 - batch 3668: 
2023-12-17 11:33:48,699 P559093 INFO ===
2023-12-17 11:33:48,699 P559093 INFO [Metrics] AUC: 0.808584 - logloss: 0.443265
2023-12-17 11:33:48,709 P559093 INFO Save best model: monitor(max)=0.365320
2023-12-17 11:33:50,669 P559093 INFO ************ Epoch=4 end ************
2023-12-17 11:39:13,535 P559093 INFO Train loss: 0.582758
2023-12-17 11:39:13,536 P559093 INFO Evaluation @epoch 5 - batch 3668: 
2023-12-17 11:39:26,108 P559093 INFO ===
2023-12-17 11:39:26,108 P559093 INFO [Metrics] AUC: 0.808996 - logloss: 0.442886
2023-12-17 11:39:26,118 P559093 INFO Save best model: monitor(max)=0.366111
2023-12-17 11:39:28,081 P559093 INFO ************ Epoch=5 end ************
2023-12-17 11:44:50,589 P559093 INFO Train loss: 0.582295
2023-12-17 11:44:50,589 P559093 INFO Evaluation @epoch 6 - batch 3668: 
2023-12-17 11:45:03,199 P559093 INFO ===
2023-12-17 11:45:03,199 P559093 INFO [Metrics] AUC: 0.809209 - logloss: 0.442758
2023-12-17 11:45:03,209 P559093 INFO Save best model: monitor(max)=0.366451
2023-12-17 11:45:05,244 P559093 INFO ************ Epoch=6 end ************
2023-12-17 11:50:27,099 P559093 INFO Train loss: 0.581905
2023-12-17 11:50:27,099 P559093 INFO Evaluation @epoch 7 - batch 3668: 
2023-12-17 11:50:39,878 P559093 INFO ===
2023-12-17 11:50:39,878 P559093 INFO [Metrics] AUC: 0.809579 - logloss: 0.442328
2023-12-17 11:50:39,888 P559093 INFO Save best model: monitor(max)=0.367251
2023-12-17 11:50:41,841 P559093 INFO ************ Epoch=7 end ************
2023-12-17 11:56:03,827 P559093 INFO Train loss: 0.581664
2023-12-17 11:56:03,827 P559093 INFO Evaluation @epoch 8 - batch 3668: 
2023-12-17 11:56:16,392 P559093 INFO ===
2023-12-17 11:56:16,392 P559093 INFO [Metrics] AUC: 0.809747 - logloss: 0.442219
2023-12-17 11:56:16,401 P559093 INFO Save best model: monitor(max)=0.367529
2023-12-17 11:56:18,425 P559093 INFO ************ Epoch=8 end ************
2023-12-17 12:01:40,554 P559093 INFO Train loss: 0.581492
2023-12-17 12:01:40,554 P559093 INFO Evaluation @epoch 9 - batch 3668: 
2023-12-17 12:01:53,155 P559093 INFO ===
2023-12-17 12:01:53,156 P559093 INFO [Metrics] AUC: 0.809918 - logloss: 0.442028
2023-12-17 12:01:53,165 P559093 INFO Save best model: monitor(max)=0.367889
2023-12-17 12:01:55,146 P559093 INFO ************ Epoch=9 end ************
2023-12-17 12:07:16,969 P559093 INFO Train loss: 0.581342
2023-12-17 12:07:16,969 P559093 INFO Evaluation @epoch 10 - batch 3668: 
2023-12-17 12:07:29,570 P559093 INFO ===
2023-12-17 12:07:29,570 P559093 INFO [Metrics] AUC: 0.809907 - logloss: 0.442058
2023-12-17 12:07:29,580 P559093 INFO Monitor(max)=0.367849 STOP!
2023-12-17 12:07:29,580 P559093 INFO Reduce learning rate on plateau: 0.000050
2023-12-17 12:07:30,052 P559093 INFO ************ Epoch=10 end ************
2023-12-17 12:12:53,222 P559093 INFO Train loss: 0.562980
2023-12-17 12:12:53,223 P559093 INFO Evaluation @epoch 11 - batch 3668: 
2023-12-17 12:13:05,838 P559093 INFO ===
2023-12-17 12:13:05,838 P559093 INFO [Metrics] AUC: 0.813925 - logloss: 0.438339
2023-12-17 12:13:05,848 P559093 INFO Save best model: monitor(max)=0.375586
2023-12-17 12:13:07,832 P559093 INFO ************ Epoch=11 end ************
2023-12-17 12:18:29,685 P559093 INFO Train loss: 0.557386
2023-12-17 12:18:29,686 P559093 INFO Evaluation @epoch 12 - batch 3668: 
2023-12-17 12:18:42,454 P559093 INFO ===
2023-12-17 12:18:42,455 P559093 INFO [Metrics] AUC: 0.814435 - logloss: 0.437891
2023-12-17 12:18:42,464 P559093 INFO Save best model: monitor(max)=0.376545
2023-12-17 12:18:44,417 P559093 INFO ************ Epoch=12 end ************
2023-12-17 12:24:07,173 P559093 INFO Train loss: 0.554812
2023-12-17 12:24:07,173 P559093 INFO Evaluation @epoch 13 - batch 3668: 
2023-12-17 12:24:19,716 P559093 INFO ===
2023-12-17 12:24:19,716 P559093 INFO [Metrics] AUC: 0.814245 - logloss: 0.438183
2023-12-17 12:24:19,726 P559093 INFO Monitor(max)=0.376062 STOP!
2023-12-17 12:24:19,726 P559093 INFO Reduce learning rate on plateau: 0.000005
2023-12-17 12:24:20,319 P559093 INFO ************ Epoch=13 end ************
2023-12-17 12:29:42,645 P559093 INFO Train loss: 0.544384
2023-12-17 12:29:42,645 P559093 INFO Evaluation @epoch 14 - batch 3668: 
2023-12-17 12:29:55,135 P559093 INFO ===
2023-12-17 12:29:55,135 P559093 INFO [Metrics] AUC: 0.811932 - logloss: 0.441252
2023-12-17 12:29:55,144 P559093 INFO Monitor(max)=0.370679 STOP!
2023-12-17 12:29:55,144 P559093 INFO Reduce learning rate on plateau: 0.000001
2023-12-17 12:29:55,144 P559093 INFO ********* Epoch==14 early stop *********
2023-12-17 12:29:55,711 P559093 INFO Training finished.
2023-12-17 12:29:55,711 P559093 INFO Load best model: /root/autodl-tmp/model_zoo/SimCEN/SimCEN_torch/checkpoints/Criteo_x4_h5/SimCEN_SimCEN_Criteo_084_b460c1ad.model
2023-12-17 12:29:56,173 P559093 INFO ****** Validation evaluation ******
2023-12-17 12:30:08,831 P559093 INFO ===
2023-12-17 12:30:08,831 P559093 INFO [Metrics] logloss: 0.437891 - AUC: 0.814435
2023-12-17 12:30:09,558 P559093 INFO ******** Test evaluation ********
2023-12-17 12:30:09,558 P559093 INFO Loading data...
2023-12-17 12:30:09,558 P559093 INFO Loading data from h5: ../../../data/Criteo_x4_h5/test.h5
2023-12-17 12:30:11,431 P559093 INFO Test samples: total/4584062, blocks/1
2023-12-17 12:30:11,431 P559093 INFO Loading test data done.
2023-12-17 12:30:23,105 P559093 INFO ===
2023-12-17 12:30:23,105 P559093 INFO [Metrics] logloss: 0.437561 - AUC: 0.814914
