2023-12-19 13:42:48,656 P745121 INFO Params: {
    "alpha": "0.01",
    "batch_size": "10000",
    "cl_temperature": "0.4",
    "data_format": "h5",
    "data_root": "../../../data/",
    "dataset_id": "Criteo_x4_h5",
    "debug_mode": "False",
    "early_stop_patience": "2",
    "ego_batch_norm": "True",
    "ego_dropout": "0.3",
    "ego_hidden_activations": "relu",
    "embedding_dim": "16",
    "embedding_regularizer": "0.0001",
    "embedding_share": "True",
    "epochs": "100",
    "eval_steps": "None",
    "feature_cols": "[{'active': True, 'dtype': 'float', 'fill_na': 0, 'name': ['I1', 'I2', 'I3', 'I4', 'I5', 'I6', 'I7', 'I8', 'I9', 'I10', 'I11', 'I12', 'I13'], 'preprocess': 'convert_to_bucket', 'type': 'categorical'}, {'active': True, 'dtype': 'str', 'fill_na': '', 'name': ['C1', 'C2', 'C3', 'C4', 'C5', 'C6', 'C7', 'C8', 'C9', 'C10', 'C11', 'C12', 'C13', 'C14', 'C15', 'C16', 'C17', 'C18', 'C19', 'C20', 'C21', 'C22', 'C23', 'C24', 'C25', 'C26'], 'type': 'categorical'}]",
    "feature_config": "None",
    "feature_specs": "None",
    "gpu": "0",
    "group_id": "None",
    "label_col": "{'dtype': 'float', 'name': 'Label'}",
    "learning_rate": "0.0005",
    "loss": "binary_crossentropy",
    "metrics": "['logloss', 'AUC']",
    "min_categr_count": "2",
    "mlep1_hidden_units": "[480, 480, 480]",
    "mlep2_hidden_units": "[960, 480]",
    "model": "SimCEN_SimCEN",
    "model_id": "SimCEN_SimCEN_Criteo_134_236cccd0",
    "model_root": "./checkpoints/",
    "monitor": "{'AUC': 1, 'logloss': -1}",
    "monitor_mode": "max",
    "net_regularizer": "0",
    "num_workers": "4",
    "optimizer": "adam",
    "pickle_feature_encoder": "True",
    "save_best_only": "True",
    "seed": "2023",
    "shuffle": "True",
    "task": "binary_classification",
    "test_data": "../../../data/Criteo_x4_h5/test.h5",
    "through_dropout": "0.1",
    "train_data": "../../../data/Criteo_x4_h5/train.h5",
    "use_features": "None",
    "v1_batch_norm": "True",
    "v1_dropout": "0.3",
    "v1_hidden_activations": "mish",
    "v2_batch_norm": "True",
    "v2_dropout": "0.3",
    "v2_hidden_activations": "gelu",
    "valid_data": "../../../data/Criteo_x4_h5/valid.h5",
    "verbose": "1"
}
2023-12-19 13:42:48,657 P745121 INFO Load feature_map from json: ../../../data/Criteo_x4_h5/feature_map.json
2023-12-19 13:42:48,657 P745121 INFO Set column index...
2023-12-19 13:42:48,657 P745121 INFO Feature specs: {
    "C1": "{'source': '', 'type': 'categorical', 'padding_idx': 0, 'oov_idx': 1461, 'vocab_size': 1462}",
    "C10": "{'source': '', 'type': 'categorical', 'padding_idx': 0, 'oov_idx': 70514, 'vocab_size': 70515}",
    "C11": "{'source': '', 'type': 'categorical', 'padding_idx': 0, 'oov_idx': 5517, 'vocab_size': 5518}",
    "C12": "{'source': '', 'type': 'categorical', 'padding_idx': 0, 'oov_idx': 1224132, 'vocab_size': 1224133}",
    "C13": "{'source': '', 'type': 'categorical', 'padding_idx': 0, 'oov_idx': 3193, 'vocab_size': 3194}",
    "C14": "{'source': '', 'type': 'categorical', 'padding_idx': 0, 'oov_idx': 28, 'vocab_size': 29}",
    "C15": "{'source': '', 'type': 'categorical', 'padding_idx': 0, 'oov_idx': 13600, 'vocab_size': 13601}",
    "C16": "{'source': '', 'type': 'categorical', 'padding_idx': 0, 'oov_idx': 1004793, 'vocab_size': 1004794}",
    "C17": "{'source': '', 'type': 'categorical', 'padding_idx': 0, 'oov_idx': 11, 'vocab_size': 12}",
    "C18": "{'source': '', 'type': 'categorical', 'padding_idx': 0, 'oov_idx': 5230, 'vocab_size': 5231}",
    "C19": "{'source': '', 'type': 'categorical', 'padding_idx': 0, 'oov_idx': 2144, 'vocab_size': 2145}",
    "C2": "{'source': '', 'type': 'categorical', 'padding_idx': 0, 'oov_idx': 563, 'vocab_size': 564}",
    "C20": "{'source': '', 'type': 'categorical', 'padding_idx': 0, 'oov_idx': 4, 'vocab_size': 5}",
    "C21": "{'source': '', 'type': 'categorical', 'padding_idx': 0, 'oov_idx': 1162912, 'vocab_size': 1162913}",
    "C22": "{'source': '', 'type': 'categorical', 'padding_idx': 0, 'oov_idx': 18, 'vocab_size': 19}",
    "C23": "{'source': '', 'type': 'categorical', 'padding_idx': 0, 'oov_idx': 16, 'vocab_size': 17}",
    "C24": "{'source': '', 'type': 'categorical', 'padding_idx': 0, 'oov_idx': 141672, 'vocab_size': 141673}",
    "C25": "{'source': '', 'type': 'categorical', 'padding_idx': 0, 'oov_idx': 101, 'vocab_size': 102}",
    "C26": "{'source': '', 'type': 'categorical', 'padding_idx': 0, 'oov_idx': 92085, 'vocab_size': 92086}",
    "C3": "{'source': '', 'type': 'categorical', 'padding_idx': 0, 'oov_idx': 1244768, 'vocab_size': 1244769}",
    "C4": "{'source': '', 'type': 'categorical', 'padding_idx': 0, 'oov_idx': 562022, 'vocab_size': 562023}",
    "C5": "{'source': '', 'type': 'categorical', 'padding_idx': 0, 'oov_idx': 306, 'vocab_size': 307}",
    "C6": "{'source': '', 'type': 'categorical', 'padding_idx': 0, 'oov_idx': 22, 'vocab_size': 23}",
    "C7": "{'source': '', 'type': 'categorical', 'padding_idx': 0, 'oov_idx': 12368, 'vocab_size': 12369}",
    "C8": "{'source': '', 'type': 'categorical', 'padding_idx': 0, 'oov_idx': 634, 'vocab_size': 635}",
    "C9": "{'source': '', 'type': 'categorical', 'padding_idx': 0, 'oov_idx': 4, 'vocab_size': 5}",
    "I1": "{'source': '', 'type': 'categorical', 'padding_idx': 0, 'oov_idx': 53, 'vocab_size': 54}",
    "I10": "{'source': '', 'type': 'categorical', 'padding_idx': 0, 'oov_idx': 6, 'vocab_size': 7}",
    "I11": "{'source': '', 'type': 'categorical', 'padding_idx': 0, 'oov_idx': 26, 'vocab_size': 27}",
    "I12": "{'source': '', 'type': 'categorical', 'padding_idx': 0, 'oov_idx': 47, 'vocab_size': 48}",
    "I13": "{'source': '', 'type': 'categorical', 'padding_idx': 0, 'oov_idx': 76, 'vocab_size': 77}",
    "I2": "{'source': '', 'type': 'categorical', 'padding_idx': 0, 'oov_idx': 104, 'vocab_size': 105}",
    "I3": "{'source': '', 'type': 'categorical', 'padding_idx': 0, 'oov_idx': 123, 'vocab_size': 124}",
    "I4": "{'source': '', 'type': 'categorical', 'padding_idx': 0, 'oov_idx': 45, 'vocab_size': 46}",
    "I5": "{'source': '', 'type': 'categorical', 'padding_idx': 0, 'oov_idx': 220, 'vocab_size': 221}",
    "I6": "{'source': '', 'type': 'categorical', 'padding_idx': 0, 'oov_idx': 133, 'vocab_size': 134}",
    "I7": "{'source': '', 'type': 'categorical', 'padding_idx': 0, 'oov_idx': 90, 'vocab_size': 91}",
    "I8": "{'source': '', 'type': 'categorical', 'padding_idx': 0, 'oov_idx': 76, 'vocab_size': 77}",
    "I9": "{'source': '', 'type': 'categorical', 'padding_idx': 0, 'oov_idx': 96, 'vocab_size': 97}"
}
2023-12-19 13:42:53,411 P745121 INFO Total number of parameters: 94570945.
2023-12-19 13:42:53,411 P745121 INFO Loading data...
2023-12-19 13:42:53,411 P745121 INFO Loading data from h5: ../../../data/Criteo_x4_h5/train.h5
2023-12-19 13:43:08,337 P745121 INFO Train samples: total/36672493, blocks/1
2023-12-19 13:43:08,337 P745121 INFO Loading data from h5: ../../../data/Criteo_x4_h5/valid.h5
2023-12-19 13:43:10,285 P745121 INFO Validation samples: total/4584062, blocks/1
2023-12-19 13:43:10,285 P745121 INFO Loading train and validation data done.
2023-12-19 13:43:10,285 P745121 INFO Start training: 3668 batches/epoch
2023-12-19 13:43:10,285 P745121 INFO ************ Epoch=1 start ************
2023-12-19 13:46:51,379 P745121 INFO Train loss: 0.612425
2023-12-19 13:46:51,379 P745121 INFO Evaluation @epoch 1 - batch 3668: 
2023-12-19 13:47:03,479 P745121 INFO ===
2023-12-19 13:47:03,479 P745121 INFO [Metrics] AUC: 0.805281 - logloss: 0.446430
2023-12-19 13:47:03,491 P745121 INFO Save best model: monitor(max)=0.358852
2023-12-19 13:47:04,490 P745121 INFO ************ Epoch=1 end ************
2023-12-19 13:50:45,304 P745121 INFO Train loss: 0.602447
2023-12-19 13:50:45,304 P745121 INFO Evaluation @epoch 2 - batch 3668: 
2023-12-19 13:50:57,355 P745121 INFO ===
2023-12-19 13:50:57,355 P745121 INFO [Metrics] AUC: 0.806532 - logloss: 0.445200
2023-12-19 13:50:57,365 P745121 INFO Save best model: monitor(max)=0.361333
2023-12-19 13:50:58,373 P745121 INFO ************ Epoch=2 end ************
2023-12-19 13:54:40,248 P745121 INFO Train loss: 0.600730
2023-12-19 13:54:40,248 P745121 INFO Evaluation @epoch 3 - batch 3668: 
2023-12-19 13:54:52,185 P745121 INFO ===
2023-12-19 13:54:52,185 P745121 INFO [Metrics] AUC: 0.807614 - logloss: 0.444172
2023-12-19 13:54:52,195 P745121 INFO Save best model: monitor(max)=0.363441
2023-12-19 13:54:53,268 P745121 INFO ************ Epoch=3 end ************
2023-12-19 13:58:35,067 P745121 INFO Train loss: 0.599658
2023-12-19 13:58:35,068 P745121 INFO Evaluation @epoch 4 - batch 3668: 
2023-12-19 13:58:47,030 P745121 INFO ===
2023-12-19 13:58:47,030 P745121 INFO [Metrics] AUC: 0.808085 - logloss: 0.443913
2023-12-19 13:58:47,040 P745121 INFO Save best model: monitor(max)=0.364172
2023-12-19 13:58:48,146 P745121 INFO ************ Epoch=4 end ************
2023-12-19 14:02:29,907 P745121 INFO Train loss: 0.599021
2023-12-19 14:02:29,908 P745121 INFO Evaluation @epoch 5 - batch 3668: 
2023-12-19 14:02:41,983 P745121 INFO ===
2023-12-19 14:02:41,983 P745121 INFO [Metrics] AUC: 0.808606 - logloss: 0.443257
2023-12-19 14:02:41,993 P745121 INFO Save best model: monitor(max)=0.365348
2023-12-19 14:02:43,091 P745121 INFO ************ Epoch=5 end ************
2023-12-19 14:06:24,925 P745121 INFO Train loss: 0.598600
2023-12-19 14:06:24,925 P745121 INFO Evaluation @epoch 6 - batch 3668: 
2023-12-19 14:06:37,025 P745121 INFO ===
2023-12-19 14:06:37,025 P745121 INFO [Metrics] AUC: 0.808960 - logloss: 0.443092
2023-12-19 14:06:37,035 P745121 INFO Save best model: monitor(max)=0.365867
2023-12-19 14:06:38,147 P745121 INFO ************ Epoch=6 end ************
2023-12-19 14:10:20,069 P745121 INFO Train loss: 0.598249
2023-12-19 14:10:20,069 P745121 INFO Evaluation @epoch 7 - batch 3668: 
2023-12-19 14:10:32,118 P745121 INFO ===
2023-12-19 14:10:32,118 P745121 INFO [Metrics] AUC: 0.809194 - logloss: 0.443015
2023-12-19 14:10:32,128 P745121 INFO Save best model: monitor(max)=0.366179
2023-12-19 14:10:33,218 P745121 INFO ************ Epoch=7 end ************
2023-12-19 14:14:14,783 P745121 INFO Train loss: 0.598025
2023-12-19 14:14:14,783 P745121 INFO Evaluation @epoch 8 - batch 3668: 
2023-12-19 14:14:26,848 P745121 INFO ===
2023-12-19 14:14:26,849 P745121 INFO [Metrics] AUC: 0.809231 - logloss: 0.442902
2023-12-19 14:14:26,857 P745121 INFO Save best model: monitor(max)=0.366329
2023-12-19 14:14:27,846 P745121 INFO ************ Epoch=8 end ************
2023-12-19 14:18:09,250 P745121 INFO Train loss: 0.597798
2023-12-19 14:18:09,250 P745121 INFO Evaluation @epoch 9 - batch 3668: 
2023-12-19 14:18:21,247 P745121 INFO ===
2023-12-19 14:18:21,247 P745121 INFO [Metrics] AUC: 0.809535 - logloss: 0.442493
2023-12-19 14:18:21,257 P745121 INFO Save best model: monitor(max)=0.367041
2023-12-19 14:18:22,355 P745121 INFO ************ Epoch=9 end ************
2023-12-19 14:22:03,963 P745121 INFO Train loss: 0.597611
2023-12-19 14:22:03,963 P745121 INFO Evaluation @epoch 10 - batch 3668: 
2023-12-19 14:22:15,922 P745121 INFO ===
2023-12-19 14:22:15,923 P745121 INFO [Metrics] AUC: 0.809528 - logloss: 0.442511
2023-12-19 14:22:15,932 P745121 INFO Monitor(max)=0.367017 STOP!
2023-12-19 14:22:15,932 P745121 INFO Reduce learning rate on plateau: 0.000050
2023-12-19 14:22:16,315 P745121 INFO ************ Epoch=10 end ************
2023-12-19 14:25:58,479 P745121 INFO Train loss: 0.580688
2023-12-19 14:25:58,480 P745121 INFO Evaluation @epoch 11 - batch 3668: 
2023-12-19 14:26:10,672 P745121 INFO ===
2023-12-19 14:26:10,672 P745121 INFO [Metrics] AUC: 0.813613 - logloss: 0.438629
2023-12-19 14:26:10,682 P745121 INFO Save best model: monitor(max)=0.374984
2023-12-19 14:26:11,738 P745121 INFO ************ Epoch=11 end ************
2023-12-19 14:29:53,764 P745121 INFO Train loss: 0.575485
2023-12-19 14:29:53,764 P745121 INFO Evaluation @epoch 12 - batch 3668: 
2023-12-19 14:30:05,830 P745121 INFO ===
2023-12-19 14:30:05,830 P745121 INFO [Metrics] AUC: 0.814206 - logloss: 0.438101
2023-12-19 14:30:05,840 P745121 INFO Save best model: monitor(max)=0.376105
2023-12-19 14:30:06,925 P745121 INFO ************ Epoch=12 end ************
2023-12-19 14:33:48,582 P745121 INFO Train loss: 0.573248
2023-12-19 14:33:48,582 P745121 INFO Evaluation @epoch 13 - batch 3668: 
2023-12-19 14:34:00,636 P745121 INFO ===
2023-12-19 14:34:00,637 P745121 INFO [Metrics] AUC: 0.814131 - logloss: 0.438213
2023-12-19 14:34:00,646 P745121 INFO Monitor(max)=0.375917 STOP!
2023-12-19 14:34:00,646 P745121 INFO Reduce learning rate on plateau: 0.000005
2023-12-19 14:34:01,178 P745121 INFO ************ Epoch=13 end ************
2023-12-19 14:37:42,816 P745121 INFO Train loss: 0.563573
2023-12-19 14:37:42,816 P745121 INFO Evaluation @epoch 14 - batch 3668: 
2023-12-19 14:37:54,686 P745121 INFO ===
2023-12-19 14:37:54,686 P745121 INFO [Metrics] AUC: 0.812040 - logloss: 0.440848
2023-12-19 14:37:54,694 P745121 INFO Monitor(max)=0.371192 STOP!
2023-12-19 14:37:54,694 P745121 INFO Reduce learning rate on plateau: 0.000001
2023-12-19 14:37:54,694 P745121 INFO ********* Epoch==14 early stop *********
2023-12-19 14:37:55,179 P745121 INFO Training finished.
2023-12-19 14:37:55,179 P745121 INFO Load best model: /root/autodl-tmp/model_zoo/SimCEN/SimCEN_torch/checkpoints/Criteo_x4_h5/SimCEN_SimCEN_Criteo_134_236cccd0.model
2023-12-19 14:37:55,367 P745121 INFO ****** Validation evaluation ******
2023-12-19 14:38:07,259 P745121 INFO ===
2023-12-19 14:38:07,259 P745121 INFO [Metrics] logloss: 0.438101 - AUC: 0.814206
2023-12-19 14:38:07,859 P745121 INFO ******** Test evaluation ********
2023-12-19 14:38:07,860 P745121 INFO Loading data...
2023-12-19 14:38:07,860 P745121 INFO Loading data from h5: ../../../data/Criteo_x4_h5/test.h5
2023-12-19 14:38:09,700 P745121 INFO Test samples: total/4584062, blocks/1
2023-12-19 14:38:09,700 P745121 INFO Loading test data done.
2023-12-19 14:38:20,791 P745121 INFO ===
2023-12-19 14:38:20,792 P745121 INFO [Metrics] logloss: 0.437646 - AUC: 0.814765
