2023-12-19 08:52:25,713 P754682 INFO Params: {
    "alpha": "0.01",
    "batch_size": "10000",
    "cl_temperature": "0.5",
    "data_format": "h5",
    "data_root": "../../../data/",
    "dataset_id": "Criteo_x4_h5",
    "debug_mode": "False",
    "early_stop_patience": "2",
    "ego_batch_norm": "True",
    "ego_dropout": "0.2",
    "ego_hidden_activations": "relu",
    "embedding_dim": "16",
    "embedding_regularizer": "0.0001",
    "embedding_share": "True",
    "epochs": "100",
    "eval_steps": "None",
    "feature_cols": "[{'active': True, 'dtype': 'float', 'fill_na': 0, 'name': ['I1', 'I2', 'I3', 'I4', 'I5', 'I6', 'I7', 'I8', 'I9', 'I10', 'I11', 'I12', 'I13'], 'preprocess': 'convert_to_bucket', 'type': 'categorical'}, {'active': True, 'dtype': 'str', 'fill_na': '', 'name': ['C1', 'C2', 'C3', 'C4', 'C5', 'C6', 'C7', 'C8', 'C9', 'C10', 'C11', 'C12', 'C13', 'C14', 'C15', 'C16', 'C17', 'C18', 'C19', 'C20', 'C21', 'C22', 'C23', 'C24', 'C25', 'C26'], 'type': 'categorical'}]",
    "feature_config": "None",
    "feature_specs": "None",
    "gpu": "5",
    "group_id": "None",
    "label_col": "{'dtype': 'float', 'name': 'Label'}",
    "learning_rate": "0.0005",
    "loss": "binary_crossentropy",
    "metrics": "['logloss', 'AUC']",
    "min_categr_count": "2",
    "mlep1_hidden_units": "[480, 480, 480]",
    "mlep2_hidden_units": "[960, 480]",
    "model": "SimCEN_SimCEN",
    "model_id": "SimCEN_SimCEN_Criteo_090_7b71bcc6",
    "model_root": "./checkpoints/",
    "monitor": "{'AUC': 1, 'logloss': -1}",
    "monitor_mode": "max",
    "net_regularizer": "0",
    "num_workers": "4",
    "optimizer": "adam",
    "pickle_feature_encoder": "True",
    "save_best_only": "True",
    "seed": "2023",
    "shuffle": "True",
    "task": "binary_classification",
    "test_data": "../../../data/Criteo_x4_h5/test.h5",
    "through_dropout": "0.1",
    "train_data": "../../../data/Criteo_x4_h5/train.h5",
    "use_features": "None",
    "v1_batch_norm": "True",
    "v1_dropout": "0.3",
    "v1_hidden_activations": "mish",
    "v2_batch_norm": "True",
    "v2_dropout": "0.3",
    "v2_hidden_activations": "gelu",
    "valid_data": "../../../data/Criteo_x4_h5/valid.h5",
    "verbose": "1"
}
2023-12-19 08:52:25,713 P754682 INFO Load feature_map from json: ../../../data/Criteo_x4_h5/feature_map.json
2023-12-19 08:52:25,714 P754682 INFO Set column index...
2023-12-19 08:52:25,714 P754682 INFO Feature specs: {
    "C1": "{'source': '', 'type': 'categorical', 'padding_idx': 0, 'oov_idx': 1461, 'vocab_size': 1462}",
    "C10": "{'source': '', 'type': 'categorical', 'padding_idx': 0, 'oov_idx': 70514, 'vocab_size': 70515}",
    "C11": "{'source': '', 'type': 'categorical', 'padding_idx': 0, 'oov_idx': 5517, 'vocab_size': 5518}",
    "C12": "{'source': '', 'type': 'categorical', 'padding_idx': 0, 'oov_idx': 1224132, 'vocab_size': 1224133}",
    "C13": "{'source': '', 'type': 'categorical', 'padding_idx': 0, 'oov_idx': 3193, 'vocab_size': 3194}",
    "C14": "{'source': '', 'type': 'categorical', 'padding_idx': 0, 'oov_idx': 28, 'vocab_size': 29}",
    "C15": "{'source': '', 'type': 'categorical', 'padding_idx': 0, 'oov_idx': 13600, 'vocab_size': 13601}",
    "C16": "{'source': '', 'type': 'categorical', 'padding_idx': 0, 'oov_idx': 1004793, 'vocab_size': 1004794}",
    "C17": "{'source': '', 'type': 'categorical', 'padding_idx': 0, 'oov_idx': 11, 'vocab_size': 12}",
    "C18": "{'source': '', 'type': 'categorical', 'padding_idx': 0, 'oov_idx': 5230, 'vocab_size': 5231}",
    "C19": "{'source': '', 'type': 'categorical', 'padding_idx': 0, 'oov_idx': 2144, 'vocab_size': 2145}",
    "C2": "{'source': '', 'type': 'categorical', 'padding_idx': 0, 'oov_idx': 563, 'vocab_size': 564}",
    "C20": "{'source': '', 'type': 'categorical', 'padding_idx': 0, 'oov_idx': 4, 'vocab_size': 5}",
    "C21": "{'source': '', 'type': 'categorical', 'padding_idx': 0, 'oov_idx': 1162912, 'vocab_size': 1162913}",
    "C22": "{'source': '', 'type': 'categorical', 'padding_idx': 0, 'oov_idx': 18, 'vocab_size': 19}",
    "C23": "{'source': '', 'type': 'categorical', 'padding_idx': 0, 'oov_idx': 16, 'vocab_size': 17}",
    "C24": "{'source': '', 'type': 'categorical', 'padding_idx': 0, 'oov_idx': 141672, 'vocab_size': 141673}",
    "C25": "{'source': '', 'type': 'categorical', 'padding_idx': 0, 'oov_idx': 101, 'vocab_size': 102}",
    "C26": "{'source': '', 'type': 'categorical', 'padding_idx': 0, 'oov_idx': 92085, 'vocab_size': 92086}",
    "C3": "{'source': '', 'type': 'categorical', 'padding_idx': 0, 'oov_idx': 1244768, 'vocab_size': 1244769}",
    "C4": "{'source': '', 'type': 'categorical', 'padding_idx': 0, 'oov_idx': 562022, 'vocab_size': 562023}",
    "C5": "{'source': '', 'type': 'categorical', 'padding_idx': 0, 'oov_idx': 306, 'vocab_size': 307}",
    "C6": "{'source': '', 'type': 'categorical', 'padding_idx': 0, 'oov_idx': 22, 'vocab_size': 23}",
    "C7": "{'source': '', 'type': 'categorical', 'padding_idx': 0, 'oov_idx': 12368, 'vocab_size': 12369}",
    "C8": "{'source': '', 'type': 'categorical', 'padding_idx': 0, 'oov_idx': 634, 'vocab_size': 635}",
    "C9": "{'source': '', 'type': 'categorical', 'padding_idx': 0, 'oov_idx': 4, 'vocab_size': 5}",
    "I1": "{'source': '', 'type': 'categorical', 'padding_idx': 0, 'oov_idx': 53, 'vocab_size': 54}",
    "I10": "{'source': '', 'type': 'categorical', 'padding_idx': 0, 'oov_idx': 6, 'vocab_size': 7}",
    "I11": "{'source': '', 'type': 'categorical', 'padding_idx': 0, 'oov_idx': 26, 'vocab_size': 27}",
    "I12": "{'source': '', 'type': 'categorical', 'padding_idx': 0, 'oov_idx': 47, 'vocab_size': 48}",
    "I13": "{'source': '', 'type': 'categorical', 'padding_idx': 0, 'oov_idx': 76, 'vocab_size': 77}",
    "I2": "{'source': '', 'type': 'categorical', 'padding_idx': 0, 'oov_idx': 104, 'vocab_size': 105}",
    "I3": "{'source': '', 'type': 'categorical', 'padding_idx': 0, 'oov_idx': 123, 'vocab_size': 124}",
    "I4": "{'source': '', 'type': 'categorical', 'padding_idx': 0, 'oov_idx': 45, 'vocab_size': 46}",
    "I5": "{'source': '', 'type': 'categorical', 'padding_idx': 0, 'oov_idx': 220, 'vocab_size': 221}",
    "I6": "{'source': '', 'type': 'categorical', 'padding_idx': 0, 'oov_idx': 133, 'vocab_size': 134}",
    "I7": "{'source': '', 'type': 'categorical', 'padding_idx': 0, 'oov_idx': 90, 'vocab_size': 91}",
    "I8": "{'source': '', 'type': 'categorical', 'padding_idx': 0, 'oov_idx': 76, 'vocab_size': 77}",
    "I9": "{'source': '', 'type': 'categorical', 'padding_idx': 0, 'oov_idx': 96, 'vocab_size': 97}"
}
2023-12-19 08:52:30,526 P754682 INFO Total number of parameters: 94570945.
2023-12-19 08:52:30,526 P754682 INFO Loading data...
2023-12-19 08:52:30,526 P754682 INFO Loading data from h5: ../../../data/Criteo_x4_h5/train.h5
2023-12-19 08:52:46,175 P754682 INFO Train samples: total/36672493, blocks/1
2023-12-19 08:52:46,175 P754682 INFO Loading data from h5: ../../../data/Criteo_x4_h5/valid.h5
2023-12-19 08:52:48,172 P754682 INFO Validation samples: total/4584062, blocks/1
2023-12-19 08:52:48,172 P754682 INFO Loading train and validation data done.
2023-12-19 08:52:48,172 P754682 INFO Start training: 3668 batches/epoch
2023-12-19 08:52:48,172 P754682 INFO ************ Epoch=1 start ************
2023-12-19 08:56:30,884 P754682 INFO Train loss: 0.621243
2023-12-19 08:56:30,884 P754682 INFO Evaluation @epoch 1 - batch 3668: 
2023-12-19 08:56:43,109 P754682 INFO ===
2023-12-19 08:56:43,110 P754682 INFO [Metrics] AUC: 0.805515 - logloss: 0.446188
2023-12-19 08:56:43,116 P754682 INFO Save best model: monitor(max)=0.359327
2023-12-19 08:56:44,127 P754682 INFO ************ Epoch=1 end ************
2023-12-19 09:00:26,494 P754682 INFO Train loss: 0.611377
2023-12-19 09:00:26,494 P754682 INFO Evaluation @epoch 2 - batch 3668: 
2023-12-19 09:00:38,580 P754682 INFO ===
2023-12-19 09:00:38,580 P754682 INFO [Metrics] AUC: 0.806835 - logloss: 0.444986
2023-12-19 09:00:38,589 P754682 INFO Save best model: monitor(max)=0.361849
2023-12-19 09:00:39,598 P754682 INFO ************ Epoch=2 end ************
2023-12-19 09:04:21,970 P754682 INFO Train loss: 0.609362
2023-12-19 09:04:21,970 P754682 INFO Evaluation @epoch 3 - batch 3668: 
2023-12-19 09:04:33,864 P754682 INFO ===
2023-12-19 09:04:33,864 P754682 INFO [Metrics] AUC: 0.807919 - logloss: 0.443789
2023-12-19 09:04:33,873 P754682 INFO Save best model: monitor(max)=0.364131
2023-12-19 09:04:34,897 P754682 INFO ************ Epoch=3 end ************
2023-12-19 09:08:16,930 P754682 INFO Train loss: 0.608420
2023-12-19 09:08:16,930 P754682 INFO Evaluation @epoch 4 - batch 3668: 
2023-12-19 09:08:28,827 P754682 INFO ===
2023-12-19 09:08:28,828 P754682 INFO [Metrics] AUC: 0.808316 - logloss: 0.443519
2023-12-19 09:08:28,837 P754682 INFO Save best model: monitor(max)=0.364796
2023-12-19 09:08:29,961 P754682 INFO ************ Epoch=4 end ************
2023-12-19 09:12:12,070 P754682 INFO Train loss: 0.607838
2023-12-19 09:12:12,071 P754682 INFO Evaluation @epoch 5 - batch 3668: 
2023-12-19 09:12:24,143 P754682 INFO ===
2023-12-19 09:12:24,143 P754682 INFO [Metrics] AUC: 0.808851 - logloss: 0.442966
2023-12-19 09:12:24,153 P754682 INFO Save best model: monitor(max)=0.365886
2023-12-19 09:12:25,158 P754682 INFO ************ Epoch=5 end ************
2023-12-19 09:16:07,410 P754682 INFO Train loss: 0.607392
2023-12-19 09:16:07,411 P754682 INFO Evaluation @epoch 6 - batch 3668: 
2023-12-19 09:16:19,373 P754682 INFO ===
2023-12-19 09:16:19,374 P754682 INFO [Metrics] AUC: 0.809202 - logloss: 0.442635
2023-12-19 09:16:19,383 P754682 INFO Save best model: monitor(max)=0.366567
2023-12-19 09:16:20,495 P754682 INFO ************ Epoch=6 end ************
2023-12-19 09:20:03,376 P754682 INFO Train loss: 0.607108
2023-12-19 09:20:03,376 P754682 INFO Evaluation @epoch 7 - batch 3668: 
2023-12-19 09:20:15,406 P754682 INFO ===
2023-12-19 09:20:15,406 P754682 INFO [Metrics] AUC: 0.809443 - logloss: 0.442653
2023-12-19 09:20:15,415 P754682 INFO Save best model: monitor(max)=0.366789
2023-12-19 09:20:16,545 P754682 INFO ************ Epoch=7 end ************
2023-12-19 09:23:59,388 P754682 INFO Train loss: 0.606923
2023-12-19 09:23:59,388 P754682 INFO Evaluation @epoch 8 - batch 3668: 
2023-12-19 09:24:11,380 P754682 INFO ===
2023-12-19 09:24:11,380 P754682 INFO [Metrics] AUC: 0.809580 - logloss: 0.442345
2023-12-19 09:24:11,390 P754682 INFO Save best model: monitor(max)=0.367235
2023-12-19 09:24:12,545 P754682 INFO ************ Epoch=8 end ************
2023-12-19 09:27:55,029 P754682 INFO Train loss: 0.606603
2023-12-19 09:27:55,029 P754682 INFO Evaluation @epoch 9 - batch 3668: 
2023-12-19 09:28:06,991 P754682 INFO ===
2023-12-19 09:28:06,992 P754682 INFO [Metrics] AUC: 0.809839 - logloss: 0.441982
2023-12-19 09:28:07,002 P754682 INFO Save best model: monitor(max)=0.367856
2023-12-19 09:28:08,139 P754682 INFO ************ Epoch=9 end ************
2023-12-19 09:31:49,406 P754682 INFO Train loss: 0.606478
2023-12-19 09:31:49,406 P754682 INFO Evaluation @epoch 10 - batch 3668: 
2023-12-19 09:32:01,394 P754682 INFO ===
2023-12-19 09:32:01,394 P754682 INFO [Metrics] AUC: 0.809842 - logloss: 0.442029
2023-12-19 09:32:01,405 P754682 INFO Monitor(max)=0.367813 STOP!
2023-12-19 09:32:01,405 P754682 INFO Reduce learning rate on plateau: 0.000050
2023-12-19 09:32:01,812 P754682 INFO ************ Epoch=10 end ************
2023-12-19 09:35:44,251 P754682 INFO Train loss: 0.588926
2023-12-19 09:35:44,251 P754682 INFO Evaluation @epoch 11 - batch 3668: 
2023-12-19 09:35:56,289 P754682 INFO ===
2023-12-19 09:35:56,289 P754682 INFO [Metrics] AUC: 0.813775 - logloss: 0.438359
2023-12-19 09:35:56,299 P754682 INFO Save best model: monitor(max)=0.375416
2023-12-19 09:35:57,415 P754682 INFO ************ Epoch=11 end ************
2023-12-19 09:39:40,341 P754682 INFO Train loss: 0.583490
2023-12-19 09:39:40,341 P754682 INFO Evaluation @epoch 12 - batch 3668: 
2023-12-19 09:39:52,270 P754682 INFO ===
2023-12-19 09:39:52,270 P754682 INFO [Metrics] AUC: 0.814259 - logloss: 0.437959
2023-12-19 09:39:52,280 P754682 INFO Save best model: monitor(max)=0.376300
2023-12-19 09:39:53,407 P754682 INFO ************ Epoch=12 end ************
2023-12-19 09:43:35,889 P754682 INFO Train loss: 0.581046
2023-12-19 09:43:35,889 P754682 INFO Evaluation @epoch 13 - batch 3668: 
2023-12-19 09:43:47,907 P754682 INFO ===
2023-12-19 09:43:47,907 P754682 INFO [Metrics] AUC: 0.814164 - logloss: 0.438070
2023-12-19 09:43:47,917 P754682 INFO Monitor(max)=0.376094 STOP!
2023-12-19 09:43:47,917 P754682 INFO Reduce learning rate on plateau: 0.000005
2023-12-19 09:43:48,419 P754682 INFO ************ Epoch=13 end ************
2023-12-19 09:47:30,728 P754682 INFO Train loss: 0.571548
2023-12-19 09:47:30,728 P754682 INFO Evaluation @epoch 14 - batch 3668: 
2023-12-19 09:47:42,976 P754682 INFO ===
2023-12-19 09:47:42,976 P754682 INFO [Metrics] AUC: 0.812201 - logloss: 0.440945
2023-12-19 09:47:42,986 P754682 INFO Monitor(max)=0.371256 STOP!
2023-12-19 09:47:42,986 P754682 INFO Reduce learning rate on plateau: 0.000001
2023-12-19 09:47:42,986 P754682 INFO ********* Epoch==14 early stop *********
2023-12-19 09:47:43,441 P754682 INFO Training finished.
2023-12-19 09:47:43,441 P754682 INFO Load best model: /root/autodl-tmp/model_zoo/SimCEN/SimCEN_torch/checkpoints/Criteo_x4_h5/SimCEN_SimCEN_Criteo_090_7b71bcc6.model
2023-12-19 09:47:43,656 P754682 INFO ****** Validation evaluation ******
2023-12-19 09:47:55,556 P754682 INFO ===
2023-12-19 09:47:55,556 P754682 INFO [Metrics] logloss: 0.437959 - AUC: 0.814259
2023-12-19 09:47:56,259 P754682 INFO ******** Test evaluation ********
2023-12-19 09:47:56,260 P754682 INFO Loading data...
2023-12-19 09:47:56,260 P754682 INFO Loading data from h5: ../../../data/Criteo_x4_h5/test.h5
2023-12-19 09:47:58,165 P754682 INFO Test samples: total/4584062, blocks/1
2023-12-19 09:47:58,165 P754682 INFO Loading test data done.
2023-12-19 09:48:09,426 P754682 INFO ===
2023-12-19 09:48:09,426 P754682 INFO [Metrics] logloss: 0.437510 - AUC: 0.814795
