2023-12-18 14:36:10,410 P243977 INFO Params: {
    "alpha": "0.01",
    "batch_size": "10000",
    "cl_temperature": "0.2",
    "crossing_layers": "2",
    "data_format": "h5",
    "data_root": "../../../data/",
    "dataset_id": "Criteo_x4_h5",
    "debug_mode": "False",
    "early_stop_patience": "2",
    "ego_batch_norm": "True",
    "ego_dropout": "0.2",
    "ego_hidden_activations": "relu",
    "embedding_dim": "16",
    "embedding_regularizer": "0.0001",
    "epochs": "100",
    "eval_steps": "None",
    "feature_cols": "[{'active': True, 'dtype': 'float', 'fill_na': 0, 'name': ['I1', 'I2', 'I3', 'I4', 'I5', 'I6', 'I7', 'I8', 'I9', 'I10', 'I11', 'I12', 'I13'], 'preprocess': 'convert_to_bucket', 'type': 'categorical'}, {'active': True, 'dtype': 'str', 'fill_na': '', 'name': ['C1', 'C2', 'C3', 'C4', 'C5', 'C6', 'C7', 'C8', 'C9', 'C10', 'C11', 'C12', 'C13', 'C14', 'C15', 'C16', 'C17', 'C18', 'C19', 'C20', 'C21', 'C22', 'C23', 'C24', 'C25', 'C26'], 'type': 'categorical'}]",
    "feature_config": "None",
    "feature_specs": "None",
    "gpu": "7",
    "group_id": "None",
    "hidden_units": "[480, 480, 480]",
    "label_col": "{'dtype': 'float', 'name': 'Label'}",
    "learning_rate": "0.0005",
    "loss": "binary_crossentropy",
    "metrics": "['logloss', 'AUC']",
    "min_categr_count": "2",
    "model": "SimCEN_DCN",
    "model_id": "SimCEN_DCN_Criteo_009_8983f284",
    "model_root": "./checkpoints/",
    "monitor": "{'AUC': 1, 'logloss': -1}",
    "monitor_mode": "max",
    "net_regularizer": "0",
    "num_workers": "4",
    "optimizer": "adam",
    "pickle_feature_encoder": "True",
    "save_best_only": "True",
    "seed": "2023",
    "shuffle": "True",
    "task": "binary_classification",
    "test_data": "../../../data/Criteo_x4_h5/test.h5",
    "through_dropout": "0.2",
    "train_data": "../../../data/Criteo_x4_h5/train.h5",
    "use_features": "None",
    "v1_batch_norm": "True",
    "v1_dropout": "0.3",
    "v1_hidden_activations": "mish",
    "v2_batch_norm": "True",
    "v2_dropout": "0.2",
    "v2_hidden_activations": "gelu",
    "valid_data": "../../../data/Criteo_x4_h5/valid.h5",
    "verbose": "1"
}
2023-12-18 14:36:10,410 P243977 INFO Load feature_map from json: ../../../data/Criteo_x4_h5/feature_map.json
2023-12-18 14:36:10,411 P243977 INFO Set column index...
2023-12-18 14:36:10,411 P243977 INFO Feature specs: {
    "C1": "{'source': '', 'type': 'categorical', 'padding_idx': 0, 'oov_idx': 1461, 'vocab_size': 1462}",
    "C10": "{'source': '', 'type': 'categorical', 'padding_idx': 0, 'oov_idx': 70514, 'vocab_size': 70515}",
    "C11": "{'source': '', 'type': 'categorical', 'padding_idx': 0, 'oov_idx': 5517, 'vocab_size': 5518}",
    "C12": "{'source': '', 'type': 'categorical', 'padding_idx': 0, 'oov_idx': 1224132, 'vocab_size': 1224133}",
    "C13": "{'source': '', 'type': 'categorical', 'padding_idx': 0, 'oov_idx': 3193, 'vocab_size': 3194}",
    "C14": "{'source': '', 'type': 'categorical', 'padding_idx': 0, 'oov_idx': 28, 'vocab_size': 29}",
    "C15": "{'source': '', 'type': 'categorical', 'padding_idx': 0, 'oov_idx': 13600, 'vocab_size': 13601}",
    "C16": "{'source': '', 'type': 'categorical', 'padding_idx': 0, 'oov_idx': 1004793, 'vocab_size': 1004794}",
    "C17": "{'source': '', 'type': 'categorical', 'padding_idx': 0, 'oov_idx': 11, 'vocab_size': 12}",
    "C18": "{'source': '', 'type': 'categorical', 'padding_idx': 0, 'oov_idx': 5230, 'vocab_size': 5231}",
    "C19": "{'source': '', 'type': 'categorical', 'padding_idx': 0, 'oov_idx': 2144, 'vocab_size': 2145}",
    "C2": "{'source': '', 'type': 'categorical', 'padding_idx': 0, 'oov_idx': 563, 'vocab_size': 564}",
    "C20": "{'source': '', 'type': 'categorical', 'padding_idx': 0, 'oov_idx': 4, 'vocab_size': 5}",
    "C21": "{'source': '', 'type': 'categorical', 'padding_idx': 0, 'oov_idx': 1162912, 'vocab_size': 1162913}",
    "C22": "{'source': '', 'type': 'categorical', 'padding_idx': 0, 'oov_idx': 18, 'vocab_size': 19}",
    "C23": "{'source': '', 'type': 'categorical', 'padding_idx': 0, 'oov_idx': 16, 'vocab_size': 17}",
    "C24": "{'source': '', 'type': 'categorical', 'padding_idx': 0, 'oov_idx': 141672, 'vocab_size': 141673}",
    "C25": "{'source': '', 'type': 'categorical', 'padding_idx': 0, 'oov_idx': 101, 'vocab_size': 102}",
    "C26": "{'source': '', 'type': 'categorical', 'padding_idx': 0, 'oov_idx': 92085, 'vocab_size': 92086}",
    "C3": "{'source': '', 'type': 'categorical', 'padding_idx': 0, 'oov_idx': 1244768, 'vocab_size': 1244769}",
    "C4": "{'source': '', 'type': 'categorical', 'padding_idx': 0, 'oov_idx': 562022, 'vocab_size': 562023}",
    "C5": "{'source': '', 'type': 'categorical', 'padding_idx': 0, 'oov_idx': 306, 'vocab_size': 307}",
    "C6": "{'source': '', 'type': 'categorical', 'padding_idx': 0, 'oov_idx': 22, 'vocab_size': 23}",
    "C7": "{'source': '', 'type': 'categorical', 'padding_idx': 0, 'oov_idx': 12368, 'vocab_size': 12369}",
    "C8": "{'source': '', 'type': 'categorical', 'padding_idx': 0, 'oov_idx': 634, 'vocab_size': 635}",
    "C9": "{'source': '', 'type': 'categorical', 'padding_idx': 0, 'oov_idx': 4, 'vocab_size': 5}",
    "I1": "{'source': '', 'type': 'categorical', 'padding_idx': 0, 'oov_idx': 53, 'vocab_size': 54}",
    "I10": "{'source': '', 'type': 'categorical', 'padding_idx': 0, 'oov_idx': 6, 'vocab_size': 7}",
    "I11": "{'source': '', 'type': 'categorical', 'padding_idx': 0, 'oov_idx': 26, 'vocab_size': 27}",
    "I12": "{'source': '', 'type': 'categorical', 'padding_idx': 0, 'oov_idx': 47, 'vocab_size': 48}",
    "I13": "{'source': '', 'type': 'categorical', 'padding_idx': 0, 'oov_idx': 76, 'vocab_size': 77}",
    "I2": "{'source': '', 'type': 'categorical', 'padding_idx': 0, 'oov_idx': 104, 'vocab_size': 105}",
    "I3": "{'source': '', 'type': 'categorical', 'padding_idx': 0, 'oov_idx': 123, 'vocab_size': 124}",
    "I4": "{'source': '', 'type': 'categorical', 'padding_idx': 0, 'oov_idx': 45, 'vocab_size': 46}",
    "I5": "{'source': '', 'type': 'categorical', 'padding_idx': 0, 'oov_idx': 220, 'vocab_size': 221}",
    "I6": "{'source': '', 'type': 'categorical', 'padding_idx': 0, 'oov_idx': 133, 'vocab_size': 134}",
    "I7": "{'source': '', 'type': 'categorical', 'padding_idx': 0, 'oov_idx': 90, 'vocab_size': 91}",
    "I8": "{'source': '', 'type': 'categorical', 'padding_idx': 0, 'oov_idx': 76, 'vocab_size': 77}",
    "I9": "{'source': '', 'type': 'categorical', 'padding_idx': 0, 'oov_idx': 96, 'vocab_size': 97}"
}
2023-12-18 14:36:18,383 P243977 INFO Total number of parameters: 91207730.
2023-12-18 14:36:18,384 P243977 INFO Loading data...
2023-12-18 14:36:18,384 P243977 INFO Loading data from h5: ../../../data/Criteo_x4_h5/train.h5
2023-12-18 14:36:34,126 P243977 INFO Train samples: total/36672493, blocks/1
2023-12-18 14:36:34,126 P243977 INFO Loading data from h5: ../../../data/Criteo_x4_h5/valid.h5
2023-12-18 14:36:36,205 P243977 INFO Validation samples: total/4584062, blocks/1
2023-12-18 14:36:36,205 P243977 INFO Loading train and validation data done.
2023-12-18 14:36:36,205 P243977 INFO Start training: 3668 batches/epoch
2023-12-18 14:36:36,205 P243977 INFO ************ Epoch=1 start ************
2023-12-18 14:41:42,883 P243977 INFO Train loss: 0.519741
2023-12-18 14:41:42,883 P243977 INFO Evaluation @epoch 1 - batch 3668: 
2023-12-18 14:41:55,431 P243977 INFO ===
2023-12-18 14:41:55,431 P243977 INFO [Metrics] AUC: 0.805008 - logloss: 0.446611
2023-12-18 14:41:55,441 P243977 INFO Save best model: monitor(max)=0.358398
2023-12-18 14:41:56,271 P243977 INFO ************ Epoch=1 end ************
2023-12-18 14:47:16,031 P243977 INFO Train loss: 0.510750
2023-12-18 14:47:16,031 P243977 INFO Evaluation @epoch 2 - batch 3668: 
2023-12-18 14:47:28,423 P243977 INFO ===
2023-12-18 14:47:28,423 P243977 INFO [Metrics] AUC: 0.806029 - logloss: 0.446163
2023-12-18 14:47:28,433 P243977 INFO Save best model: monitor(max)=0.359865
2023-12-18 14:47:29,538 P243977 INFO ************ Epoch=2 end ************
2023-12-18 14:52:42,004 P243977 INFO Train loss: 0.508995
2023-12-18 14:52:42,004 P243977 INFO Evaluation @epoch 3 - batch 3668: 
2023-12-18 14:52:54,523 P243977 INFO ===
2023-12-18 14:52:54,524 P243977 INFO [Metrics] AUC: 0.807244 - logloss: 0.444581
2023-12-18 14:52:54,535 P243977 INFO Save best model: monitor(max)=0.362662
2023-12-18 14:52:55,636 P243977 INFO ************ Epoch=3 end ************
2023-12-18 14:58:03,006 P243977 INFO Train loss: 0.507742
2023-12-18 14:58:03,006 P243977 INFO Evaluation @epoch 4 - batch 3668: 
2023-12-18 14:58:15,630 P243977 INFO ===
2023-12-18 14:58:15,631 P243977 INFO [Metrics] AUC: 0.807860 - logloss: 0.443904
2023-12-18 14:58:15,641 P243977 INFO Save best model: monitor(max)=0.363957
2023-12-18 14:58:16,705 P243977 INFO ************ Epoch=4 end ************
2023-12-18 15:03:37,337 P243977 INFO Train loss: 0.507027
2023-12-18 15:03:37,337 P243977 INFO Evaluation @epoch 5 - batch 3668: 
2023-12-18 15:03:49,625 P243977 INFO ===
2023-12-18 15:03:49,626 P243977 INFO [Metrics] AUC: 0.808356 - logloss: 0.443685
2023-12-18 15:03:49,635 P243977 INFO Save best model: monitor(max)=0.364670
2023-12-18 15:03:50,598 P243977 INFO ************ Epoch=5 end ************
2023-12-18 15:08:58,297 P243977 INFO Train loss: 0.506618
2023-12-18 15:08:58,297 P243977 INFO Evaluation @epoch 6 - batch 3668: 
2023-12-18 15:09:11,083 P243977 INFO ===
2023-12-18 15:09:11,083 P243977 INFO [Metrics] AUC: 0.808682 - logloss: 0.443239
2023-12-18 15:09:11,091 P243977 INFO Save best model: monitor(max)=0.365444
2023-12-18 15:09:12,197 P243977 INFO ************ Epoch=6 end ************
2023-12-18 15:14:31,803 P243977 INFO Train loss: 0.506291
2023-12-18 15:14:31,803 P243977 INFO Evaluation @epoch 7 - batch 3668: 
2023-12-18 15:14:44,580 P243977 INFO ===
2023-12-18 15:14:44,580 P243977 INFO [Metrics] AUC: 0.809087 - logloss: 0.442832
2023-12-18 15:14:44,590 P243977 INFO Save best model: monitor(max)=0.366255
2023-12-18 15:14:45,558 P243977 INFO ************ Epoch=7 end ************
2023-12-18 15:19:51,737 P243977 INFO Train loss: 0.506117
2023-12-18 15:19:51,737 P243977 INFO Evaluation @epoch 8 - batch 3668: 
2023-12-18 15:20:04,885 P243977 INFO ===
2023-12-18 15:20:04,885 P243977 INFO [Metrics] AUC: 0.809171 - logloss: 0.442770
2023-12-18 15:20:04,896 P243977 INFO Save best model: monitor(max)=0.366401
2023-12-18 15:20:05,963 P243977 INFO ************ Epoch=8 end ************
2023-12-18 15:25:25,064 P243977 INFO Train loss: 0.505882
2023-12-18 15:25:25,064 P243977 INFO Evaluation @epoch 9 - batch 3668: 
2023-12-18 15:25:38,327 P243977 INFO ===
2023-12-18 15:25:38,327 P243977 INFO [Metrics] AUC: 0.809246 - logloss: 0.442985
2023-12-18 15:25:38,339 P243977 INFO Monitor(max)=0.366261 STOP!
2023-12-18 15:25:38,339 P243977 INFO Reduce learning rate on plateau: 0.000050
2023-12-18 15:25:38,707 P243977 INFO ************ Epoch=9 end ************
2023-12-18 15:30:44,903 P243977 INFO Train loss: 0.489145
2023-12-18 15:30:44,904 P243977 INFO Evaluation @epoch 10 - batch 3668: 
2023-12-18 15:30:58,124 P243977 INFO ===
2023-12-18 15:30:58,124 P243977 INFO [Metrics] AUC: 0.813678 - logloss: 0.438562
2023-12-18 15:30:58,134 P243977 INFO Save best model: monitor(max)=0.375116
2023-12-18 15:30:59,263 P243977 INFO ************ Epoch=10 end ************
2023-12-18 15:36:08,417 P243977 INFO Train loss: 0.484032
2023-12-18 15:36:08,417 P243977 INFO Evaluation @epoch 11 - batch 3668: 
2023-12-18 15:36:21,178 P243977 INFO ===
2023-12-18 15:36:21,179 P243977 INFO [Metrics] AUC: 0.814316 - logloss: 0.438020
2023-12-18 15:36:21,189 P243977 INFO Save best model: monitor(max)=0.376296
2023-12-18 15:36:22,217 P243977 INFO ************ Epoch=11 end ************
2023-12-18 15:41:42,416 P243977 INFO Train loss: 0.481747
2023-12-18 15:41:42,416 P243977 INFO Evaluation @epoch 12 - batch 3668: 
2023-12-18 15:41:55,571 P243977 INFO ===
2023-12-18 15:41:55,571 P243977 INFO [Metrics] AUC: 0.814267 - logloss: 0.438126
2023-12-18 15:41:55,582 P243977 INFO Monitor(max)=0.376141 STOP!
2023-12-18 15:41:55,582 P243977 INFO Reduce learning rate on plateau: 0.000005
2023-12-18 15:41:55,955 P243977 INFO ************ Epoch=12 end ************
2023-12-18 15:47:02,067 P243977 INFO Train loss: 0.472399
2023-12-18 15:47:02,067 P243977 INFO Evaluation @epoch 13 - batch 3668: 
2023-12-18 15:47:15,111 P243977 INFO ===
2023-12-18 15:47:15,111 P243977 INFO [Metrics] AUC: 0.812526 - logloss: 0.440444
2023-12-18 15:47:15,122 P243977 INFO Monitor(max)=0.372082 STOP!
2023-12-18 15:47:15,122 P243977 INFO Reduce learning rate on plateau: 0.000001
2023-12-18 15:47:15,122 P243977 INFO ********* Epoch==13 early stop *********
2023-12-18 15:47:15,594 P243977 INFO Training finished.
2023-12-18 15:47:15,594 P243977 INFO Load best model: /root/autodl-tmp/model_zoo/SimCEN/SimCEN_torch/checkpoints/Criteo_x4_h5/SimCEN_DCN_Criteo_009_8983f284.model
2023-12-18 15:47:15,827 P243977 INFO ****** Validation evaluation ******
2023-12-18 15:47:29,373 P243977 INFO ===
2023-12-18 15:47:29,373 P243977 INFO [Metrics] logloss: 0.438020 - AUC: 0.814316
2023-12-18 15:47:29,928 P243977 INFO ******** Test evaluation ********
2023-12-18 15:47:29,929 P243977 INFO Loading data...
2023-12-18 15:47:29,929 P243977 INFO Loading data from h5: ../../../data/Criteo_x4_h5/test.h5
2023-12-18 15:47:31,951 P243977 INFO Test samples: total/4584062, blocks/1
2023-12-18 15:47:31,951 P243977 INFO Loading test data done.
2023-12-18 15:47:44,769 P243977 INFO ===
2023-12-18 15:47:44,769 P243977 INFO [Metrics] logloss: 0.437671 - AUC: 0.814750
