2023-12-28 15:37:09,431 P3062987 INFO Params: {
    "alpha": "0.01",
    "batch_size": "10000",
    "cl_temperature": "0.2",
    "data_format": "h5",
    "data_root": "../../../data/",
    "dataset_id": "Criteo_x4_h5",
    "debug_mode": "False",
    "early_stop_patience": "2",
    "ego_batch_norm": "True",
    "ego_dropout": "0.2",
    "ego_hidden_activations": "relu",
    "embedding_dim": "16",
    "embedding_regularizer": "0.0001",
    "epochs": "100",
    "eval_steps": "None",
    "feature_cols": "[{'active': True, 'dtype': 'float', 'fill_na': 0, 'name': ['I1', 'I2', 'I3', 'I4', 'I5', 'I6', 'I7', 'I8', 'I9', 'I10', 'I11', 'I12', 'I13'], 'preprocess': 'convert_to_bucket', 'type': 'categorical'}, {'active': True, 'dtype': 'str', 'fill_na': '', 'name': ['C1', 'C2', 'C3', 'C4', 'C5', 'C6', 'C7', 'C8', 'C9', 'C10', 'C11', 'C12', 'C13', 'C14', 'C15', 'C16', 'C17', 'C18', 'C19', 'C20', 'C21', 'C22', 'C23', 'C24', 'C25', 'C26'], 'type': 'categorical'}]",
    "feature_config": "None",
    "feature_specs": "None",
    "gpu": "3",
    "group_id": "None",
    "hidden_units": "[480, 480, 480]",
    "label_col": "{'dtype': 'float', 'name': 'Label'}",
    "learning_rate": "0.0005",
    "loss": "binary_crossentropy",
    "metrics": "['logloss', 'AUC']",
    "min_categr_count": "2",
    "model": "SimCEN_Alpha",
    "model_id": "SimCEN_Criteo_005_fe0cfaa1",
    "model_root": "./checkpoints/",
    "monitor": "{'AUC': 1, 'logloss': -1}",
    "monitor_mode": "max",
    "net_regularizer": "0",
    "num_workers": "4",
    "optimizer": "adam",
    "pickle_feature_encoder": "True",
    "save_best_only": "True",
    "seed": "2023",
    "shuffle": "True",
    "task": "binary_classification",
    "test_data": "../../../data/Criteo_x4_h5/test.h5",
    "through_dropout": "0.2",
    "train_data": "../../../data/Criteo_x4_h5/train.h5",
    "use_features": "None",
    "v1_batch_norm": "True",
    "v1_dropout": "0.2",
    "v1_hidden_activations": "mish",
    "v2_batch_norm": "True",
    "v2_dropout": "0.3",
    "v2_hidden_activations": "gelu",
    "valid_data": "../../../data/Criteo_x4_h5/valid.h5",
    "verbose": "1"
}
2023-12-28 15:37:09,431 P3062987 INFO Load feature_map from json: ../../../data/Criteo_x4_h5/feature_map.json
2023-12-28 15:37:09,432 P3062987 INFO Set column index...
2023-12-28 15:37:09,432 P3062987 INFO Feature specs: {
    "C1": "{'source': '', 'type': 'categorical', 'padding_idx': 0, 'oov_idx': 1461, 'vocab_size': 1462}",
    "C10": "{'source': '', 'type': 'categorical', 'padding_idx': 0, 'oov_idx': 70514, 'vocab_size': 70515}",
    "C11": "{'source': '', 'type': 'categorical', 'padding_idx': 0, 'oov_idx': 5517, 'vocab_size': 5518}",
    "C12": "{'source': '', 'type': 'categorical', 'padding_idx': 0, 'oov_idx': 1224132, 'vocab_size': 1224133}",
    "C13": "{'source': '', 'type': 'categorical', 'padding_idx': 0, 'oov_idx': 3193, 'vocab_size': 3194}",
    "C14": "{'source': '', 'type': 'categorical', 'padding_idx': 0, 'oov_idx': 28, 'vocab_size': 29}",
    "C15": "{'source': '', 'type': 'categorical', 'padding_idx': 0, 'oov_idx': 13600, 'vocab_size': 13601}",
    "C16": "{'source': '', 'type': 'categorical', 'padding_idx': 0, 'oov_idx': 1004793, 'vocab_size': 1004794}",
    "C17": "{'source': '', 'type': 'categorical', 'padding_idx': 0, 'oov_idx': 11, 'vocab_size': 12}",
    "C18": "{'source': '', 'type': 'categorical', 'padding_idx': 0, 'oov_idx': 5230, 'vocab_size': 5231}",
    "C19": "{'source': '', 'type': 'categorical', 'padding_idx': 0, 'oov_idx': 2144, 'vocab_size': 2145}",
    "C2": "{'source': '', 'type': 'categorical', 'padding_idx': 0, 'oov_idx': 563, 'vocab_size': 564}",
    "C20": "{'source': '', 'type': 'categorical', 'padding_idx': 0, 'oov_idx': 4, 'vocab_size': 5}",
    "C21": "{'source': '', 'type': 'categorical', 'padding_idx': 0, 'oov_idx': 1162912, 'vocab_size': 1162913}",
    "C22": "{'source': '', 'type': 'categorical', 'padding_idx': 0, 'oov_idx': 18, 'vocab_size': 19}",
    "C23": "{'source': '', 'type': 'categorical', 'padding_idx': 0, 'oov_idx': 16, 'vocab_size': 17}",
    "C24": "{'source': '', 'type': 'categorical', 'padding_idx': 0, 'oov_idx': 141672, 'vocab_size': 141673}",
    "C25": "{'source': '', 'type': 'categorical', 'padding_idx': 0, 'oov_idx': 101, 'vocab_size': 102}",
    "C26": "{'source': '', 'type': 'categorical', 'padding_idx': 0, 'oov_idx': 92085, 'vocab_size': 92086}",
    "C3": "{'source': '', 'type': 'categorical', 'padding_idx': 0, 'oov_idx': 1244768, 'vocab_size': 1244769}",
    "C4": "{'source': '', 'type': 'categorical', 'padding_idx': 0, 'oov_idx': 562022, 'vocab_size': 562023}",
    "C5": "{'source': '', 'type': 'categorical', 'padding_idx': 0, 'oov_idx': 306, 'vocab_size': 307}",
    "C6": "{'source': '', 'type': 'categorical', 'padding_idx': 0, 'oov_idx': 22, 'vocab_size': 23}",
    "C7": "{'source': '', 'type': 'categorical', 'padding_idx': 0, 'oov_idx': 12368, 'vocab_size': 12369}",
    "C8": "{'source': '', 'type': 'categorical', 'padding_idx': 0, 'oov_idx': 634, 'vocab_size': 635}",
    "C9": "{'source': '', 'type': 'categorical', 'padding_idx': 0, 'oov_idx': 4, 'vocab_size': 5}",
    "I1": "{'source': '', 'type': 'categorical', 'padding_idx': 0, 'oov_idx': 53, 'vocab_size': 54}",
    "I10": "{'source': '', 'type': 'categorical', 'padding_idx': 0, 'oov_idx': 6, 'vocab_size': 7}",
    "I11": "{'source': '', 'type': 'categorical', 'padding_idx': 0, 'oov_idx': 26, 'vocab_size': 27}",
    "I12": "{'source': '', 'type': 'categorical', 'padding_idx': 0, 'oov_idx': 47, 'vocab_size': 48}",
    "I13": "{'source': '', 'type': 'categorical', 'padding_idx': 0, 'oov_idx': 76, 'vocab_size': 77}",
    "I2": "{'source': '', 'type': 'categorical', 'padding_idx': 0, 'oov_idx': 104, 'vocab_size': 105}",
    "I3": "{'source': '', 'type': 'categorical', 'padding_idx': 0, 'oov_idx': 123, 'vocab_size': 124}",
    "I4": "{'source': '', 'type': 'categorical', 'padding_idx': 0, 'oov_idx': 45, 'vocab_size': 46}",
    "I5": "{'source': '', 'type': 'categorical', 'padding_idx': 0, 'oov_idx': 220, 'vocab_size': 221}",
    "I6": "{'source': '', 'type': 'categorical', 'padding_idx': 0, 'oov_idx': 133, 'vocab_size': 134}",
    "I7": "{'source': '', 'type': 'categorical', 'padding_idx': 0, 'oov_idx': 90, 'vocab_size': 91}",
    "I8": "{'source': '', 'type': 'categorical', 'padding_idx': 0, 'oov_idx': 76, 'vocab_size': 77}",
    "I9": "{'source': '', 'type': 'categorical', 'padding_idx': 0, 'oov_idx': 96, 'vocab_size': 97}"
}
2023-12-28 15:37:13,680 P3062987 INFO Total number of parameters: 91204129.
2023-12-28 15:37:13,680 P3062987 INFO Loading data...
2023-12-28 15:37:13,680 P3062987 INFO Loading data from h5: ../../../data/Criteo_x4_h5/train.h5
2023-12-28 15:37:43,101 P3062987 INFO Train samples: total/36672493, blocks/1
2023-12-28 15:37:43,101 P3062987 INFO Loading data from h5: ../../../data/Criteo_x4_h5/valid.h5
2023-12-28 15:37:46,608 P3062987 INFO Validation samples: total/4584062, blocks/1
2023-12-28 15:37:46,608 P3062987 INFO Loading train and validation data done.
2023-12-28 15:37:46,608 P3062987 INFO Start training: 3668 batches/epoch
2023-12-28 15:37:46,608 P3062987 INFO ************ Epoch=1 start ************
2023-12-28 15:41:26,467 P3062987 INFO Train loss: 0.520387
2023-12-28 15:41:26,467 P3062987 INFO Evaluation @epoch 1 - batch 3668: 
2023-12-28 15:41:37,902 P3062987 INFO ===
2023-12-28 15:41:37,902 P3062987 INFO [Metrics] AUC: 0.804967 - logloss: 0.446779
2023-12-28 15:41:37,905 P3062987 INFO Save best model: monitor(max)=0.358187
2023-12-28 15:41:38,671 P3062987 INFO ************ Epoch=1 end ************
2023-12-28 15:45:19,650 P3062987 INFO Train loss: 0.511612
2023-12-28 15:45:19,651 P3062987 INFO Evaluation @epoch 2 - batch 3668: 
2023-12-28 15:45:31,197 P3062987 INFO ===
2023-12-28 15:45:31,197 P3062987 INFO [Metrics] AUC: 0.806224 - logloss: 0.446250
2023-12-28 15:45:31,201 P3062987 INFO Save best model: monitor(max)=0.359973
2023-12-28 15:45:33,369 P3062987 INFO ************ Epoch=2 end ************
2023-12-28 15:49:14,472 P3062987 INFO Train loss: 0.509788
2023-12-28 15:49:14,472 P3062987 INFO Evaluation @epoch 3 - batch 3668: 
2023-12-28 15:49:24,434 P3062987 INFO ===
2023-12-28 15:49:24,434 P3062987 INFO [Metrics] AUC: 0.807364 - logloss: 0.444465
2023-12-28 15:49:24,437 P3062987 INFO Save best model: monitor(max)=0.362898
2023-12-28 15:49:26,544 P3062987 INFO ************ Epoch=3 end ************
2023-12-28 15:53:09,765 P3062987 INFO Train loss: 0.508431
2023-12-28 15:53:09,765 P3062987 INFO Evaluation @epoch 4 - batch 3668: 
2023-12-28 15:53:19,269 P3062987 INFO ===
2023-12-28 15:53:19,269 P3062987 INFO [Metrics] AUC: 0.807990 - logloss: 0.444003
2023-12-28 15:53:19,272 P3062987 INFO Save best model: monitor(max)=0.363987
2023-12-28 15:53:21,442 P3062987 INFO ************ Epoch=4 end ************
2023-12-28 15:57:02,511 P3062987 INFO Train loss: 0.507647
2023-12-28 15:57:02,512 P3062987 INFO Evaluation @epoch 5 - batch 3668: 
2023-12-28 15:57:12,324 P3062987 INFO ===
2023-12-28 15:57:12,324 P3062987 INFO [Metrics] AUC: 0.808320 - logloss: 0.443749
2023-12-28 15:57:12,326 P3062987 INFO Save best model: monitor(max)=0.364571
2023-12-28 15:57:14,358 P3062987 INFO ************ Epoch=5 end ************
2023-12-28 16:00:54,826 P3062987 INFO Train loss: 0.507066
2023-12-28 16:00:54,827 P3062987 INFO Evaluation @epoch 6 - batch 3668: 
2023-12-28 16:01:04,538 P3062987 INFO ===
2023-12-28 16:01:04,538 P3062987 INFO [Metrics] AUC: 0.808600 - logloss: 0.443201
2023-12-28 16:01:04,541 P3062987 INFO Save best model: monitor(max)=0.365399
2023-12-28 16:01:06,635 P3062987 INFO ************ Epoch=6 end ************
2023-12-28 16:04:48,200 P3062987 INFO Train loss: 0.506669
2023-12-28 16:04:48,200 P3062987 INFO Evaluation @epoch 7 - batch 3668: 
2023-12-28 16:04:58,456 P3062987 INFO ===
2023-12-28 16:04:58,456 P3062987 INFO [Metrics] AUC: 0.808940 - logloss: 0.443045
2023-12-28 16:04:58,463 P3062987 INFO Save best model: monitor(max)=0.365895
2023-12-28 16:05:00,720 P3062987 INFO ************ Epoch=7 end ************
2023-12-28 16:08:37,829 P3062987 INFO Train loss: 0.506331
2023-12-28 16:08:37,829 P3062987 INFO Evaluation @epoch 8 - batch 3668: 
2023-12-28 16:08:48,064 P3062987 INFO ===
2023-12-28 16:08:48,064 P3062987 INFO [Metrics] AUC: 0.809207 - logloss: 0.442719
2023-12-28 16:08:48,067 P3062987 INFO Save best model: monitor(max)=0.366487
2023-12-28 16:08:50,243 P3062987 INFO ************ Epoch=8 end ************
2023-12-28 16:12:27,740 P3062987 INFO Train loss: 0.506107
2023-12-28 16:12:27,740 P3062987 INFO Evaluation @epoch 9 - batch 3668: 
2023-12-28 16:12:38,485 P3062987 INFO ===
2023-12-28 16:12:38,485 P3062987 INFO [Metrics] AUC: 0.809396 - logloss: 0.442559
2023-12-28 16:12:38,488 P3062987 INFO Save best model: monitor(max)=0.366838
2023-12-28 16:12:40,656 P3062987 INFO ************ Epoch=9 end ************
2023-12-28 16:16:27,857 P3062987 INFO Train loss: 0.505914
2023-12-28 16:16:27,858 P3062987 INFO Evaluation @epoch 10 - batch 3668: 
2023-12-28 16:16:38,135 P3062987 INFO ===
2023-12-28 16:16:38,135 P3062987 INFO [Metrics] AUC: 0.809535 - logloss: 0.442495
2023-12-28 16:16:38,139 P3062987 INFO Save best model: monitor(max)=0.367040
2023-12-28 16:16:40,308 P3062987 INFO ************ Epoch=10 end ************
2023-12-28 16:20:24,237 P3062987 INFO Train loss: 0.505775
2023-12-28 16:20:24,238 P3062987 INFO Evaluation @epoch 11 - batch 3668: 
2023-12-28 16:20:34,736 P3062987 INFO ===
2023-12-28 16:20:34,736 P3062987 INFO [Metrics] AUC: 0.809574 - logloss: 0.442378
2023-12-28 16:20:34,740 P3062987 INFO Save best model: monitor(max)=0.367196
2023-12-28 16:20:36,862 P3062987 INFO ************ Epoch=11 end ************
2023-12-28 16:24:19,708 P3062987 INFO Train loss: 0.505911
2023-12-28 16:24:19,708 P3062987 INFO Evaluation @epoch 12 - batch 3668: 
2023-12-28 16:24:31,322 P3062987 INFO ===
2023-12-28 16:24:31,322 P3062987 INFO [Metrics] AUC: 0.809421 - logloss: 0.442927
2023-12-28 16:24:31,325 P3062987 INFO Monitor(max)=0.366494 STOP!
2023-12-28 16:24:31,325 P3062987 INFO Reduce learning rate on plateau: 0.000050
2023-12-28 16:24:31,456 P3062987 INFO ************ Epoch=12 end ************
2023-12-28 16:28:42,098 P3062987 INFO Train loss: 0.488755
2023-12-28 16:28:42,098 P3062987 INFO Evaluation @epoch 13 - batch 3668: 
2023-12-28 16:28:53,208 P3062987 INFO ===
2023-12-28 16:28:53,208 P3062987 INFO [Metrics] AUC: 0.813639 - logloss: 0.438580
2023-12-28 16:28:53,211 P3062987 INFO Save best model: monitor(max)=0.375058
2023-12-28 16:28:55,307 P3062987 INFO ************ Epoch=13 end ************
2023-12-28 16:32:37,612 P3062987 INFO Train loss: 0.483242
2023-12-28 16:32:37,612 P3062987 INFO Evaluation @epoch 14 - batch 3668: 
2023-12-28 16:32:48,176 P3062987 INFO ===
2023-12-28 16:32:48,177 P3062987 INFO [Metrics] AUC: 0.814209 - logloss: 0.438074
2023-12-28 16:32:48,180 P3062987 INFO Save best model: monitor(max)=0.376135
2023-12-28 16:32:50,336 P3062987 INFO ************ Epoch=14 end ************
2023-12-28 16:36:33,510 P3062987 INFO Train loss: 0.480714
2023-12-28 16:36:33,510 P3062987 INFO Evaluation @epoch 15 - batch 3668: 
2023-12-28 16:36:45,361 P3062987 INFO ===
2023-12-28 16:36:45,361 P3062987 INFO [Metrics] AUC: 0.814097 - logloss: 0.438191
2023-12-28 16:36:45,364 P3062987 INFO Monitor(max)=0.375906 STOP!
2023-12-28 16:36:45,364 P3062987 INFO Reduce learning rate on plateau: 0.000005
2023-12-28 16:36:45,482 P3062987 INFO ************ Epoch=15 end ************
2023-12-28 16:40:32,874 P3062987 INFO Train loss: 0.471751
2023-12-28 16:40:32,874 P3062987 INFO Evaluation @epoch 16 - batch 3668: 
2023-12-28 16:40:43,593 P3062987 INFO ===
2023-12-28 16:40:43,593 P3062987 INFO [Metrics] AUC: 0.812475 - logloss: 0.440254
2023-12-28 16:40:43,596 P3062987 INFO Monitor(max)=0.372220 STOP!
2023-12-28 16:40:43,596 P3062987 INFO Reduce learning rate on plateau: 0.000001
2023-12-28 16:40:43,596 P3062987 INFO ********* Epoch==16 early stop *********
2023-12-28 16:40:43,747 P3062987 INFO Training finished.
2023-12-28 16:40:43,748 P3062987 INFO Load best model: /mnt/public/lhh/code/model_zoo/SimCEN/SimCEN_torch/checkpoints/Criteo_x4_h5/SimCEN_Criteo_005_fe0cfaa1.model
2023-12-28 16:40:43,968 P3062987 INFO ****** Validation evaluation ******
2023-12-28 16:40:55,252 P3062987 INFO ===
2023-12-28 16:40:55,253 P3062987 INFO [Metrics] logloss: 0.438074 - AUC: 0.814209
2023-12-28 16:40:55,322 P3062987 INFO ******** Test evaluation ********
2023-12-28 16:40:55,322 P3062987 INFO Loading data...
2023-12-28 16:40:55,322 P3062987 INFO Loading data from h5: ../../../data/Criteo_x4_h5/test.h5
2023-12-28 16:40:58,429 P3062987 INFO Test samples: total/4584062, blocks/1
2023-12-28 16:40:58,429 P3062987 INFO Loading test data done.
2023-12-28 16:41:07,938 P3062987 INFO ===
2023-12-28 16:41:07,939 P3062987 INFO [Metrics] logloss: 0.437687 - AUC: 0.814711
