2023-11-06 15:16:20,603 P836683 INFO Params: {
    "alpha": "0.01",
    "batch_size": "10000",
    "cl_temperature": "0.29",
    "data_format": "csv",
    "data_root": "../../../data/",
    "dataset_id": "Movielenslatest_x1_h5",
    "debug_mode": "False",
    "early_stop_patience": "2",
    "ego_batch_norm": "True",
    "ego_dropout": "0.2",
    "ego_hidden_activations": "relu",
    "embedding_dim": "16",
    "embedding_regularizer": "0.01",
    "epochs": "100",
    "eval_steps": "None",
    "feature_cols": "[{'active': True, 'dtype': 'float', 'name': ['user_id', 'item_id', 'tag_id'], 'type': 'categorical'}]",
    "feature_config": "None",
    "feature_specs": "None",
    "gpu": "0",
    "group_id": "None",
    "hidden_units": "[480, 480, 480]",
    "label_col": "{'dtype': 'float', 'name': 'label'}",
    "learning_rate": "0.001",
    "loss": "binary_crossentropy",
    "metrics": "['logloss', 'AUC']",
    "min_categr_count": "2",
    "model": "SimCEN",
    "model_id": "SimCEN_Movielens",
    "model_root": "./checkpoints/",
    "monitor": "{'AUC': 1, 'logloss': -1}",
    "monitor_mode": "max",
    "net_regularizer": "0",
    "num_workers": "3",
    "optimizer": "adam",
    "pickle_feature_encoder": "True",
    "save_best_only": "True",
    "seed": "2023",
    "shuffle": "True",
    "task": "binary_classification",
    "test_data": "../../../data/MovielensLatest_x1_h5/test.h5",
    "through_dropout": "0.1",
    "train_data": "../../../data/MovielensLatest_x1_h5/train.h5",
    "use_features": "None",
    "v1_batch_norm": "True",
    "v1_dropout": "0.1",
    "v1_hidden_activations": "mish",
    "v2_batch_norm": "True",
    "v2_dropout": "0.2",
    "v2_hidden_activations": "gelu",
    "valid_data": "../../../data/MovielensLatest_x1_h5/valid.h5",
    "verbose": "1"
}
2023-11-06 15:16:20,604 P836683 INFO Set up feature processor...
2023-11-06 15:16:20,604 P836683 WARNING Skip rebuilding ../../../data/Movielenslatest_x1_h5/feature_map.json. Please delete it manually if rebuilding is required.
2023-11-06 15:16:20,604 P836683 INFO Load feature_map from json: ../../../data/Movielenslatest_x1_h5/feature_map.json
2023-11-06 15:16:20,604 P836683 INFO Set column index...
2023-11-06 15:16:20,604 P836683 INFO Feature specs: {
    "item_id": "{'source': '', 'type': 'categorical', 'padding_idx': 0, 'oov_idx': 22574, 'vocab_size': 22575}",
    "tag_id": "{'source': '', 'type': 'categorical', 'padding_idx': 0, 'oov_idx': 49658, 'vocab_size': 49659}",
    "user_id": "{'source': '', 'type': 'categorical', 'padding_idx': 0, 'oov_idx': 16361, 'vocab_size': 16362}"
}
2023-11-06 15:16:28,939 P836683 INFO Total number of parameters: 2031809.
2023-11-06 15:16:28,939 P836683 INFO Loading data...
2023-11-06 15:16:28,939 P836683 INFO Loading data from h5: ../../../data/Movielenslatest_x1_h5/train.h5
2023-11-06 15:16:28,969 P836683 INFO Train samples: total/1404801, blocks/1
2023-11-06 15:16:28,969 P836683 INFO Loading data from h5: ../../../data/Movielenslatest_x1_h5/valid.h5
2023-11-06 15:16:28,974 P836683 INFO Validation samples: total/401372, blocks/1
2023-11-06 15:16:28,974 P836683 INFO Loading train and validation data done.
2023-11-06 15:16:28,974 P836683 INFO Start training: 141 batches/epoch
2023-11-06 15:16:28,974 P836683 INFO ************ Epoch=1 start ************
2023-11-06 15:16:34,214 P836683 INFO Train loss: 0.486658
2023-11-06 15:16:34,215 P836683 INFO Evaluation @epoch 1 - batch 141: 
2023-11-06 15:16:35,321 P836683 INFO ===
2023-11-06 15:16:35,321 P836683 INFO [Metrics] AUC: 0.937500 - logloss: 0.285441
2023-11-06 15:16:35,321 P836683 INFO Save best model: monitor(max)=0.652059
2023-11-06 15:16:35,471 P836683 INFO ************ Epoch=1 end ************
2023-11-06 15:16:41,605 P836683 INFO Train loss: 0.410302
2023-11-06 15:16:41,605 P836683 INFO Evaluation @epoch 2 - batch 141: 
2023-11-06 15:16:42,728 P836683 INFO ===
2023-11-06 15:16:42,729 P836683 INFO [Metrics] AUC: 0.948789 - logloss: 0.264696
2023-11-06 15:16:42,729 P836683 INFO Save best model: monitor(max)=0.684094
2023-11-06 15:16:42,852 P836683 INFO ************ Epoch=2 end ************
2023-11-06 15:16:48,470 P836683 INFO Train loss: 0.407295
2023-11-06 15:16:48,470 P836683 INFO Evaluation @epoch 3 - batch 141: 
2023-11-06 15:16:49,592 P836683 INFO ===
2023-11-06 15:16:49,592 P836683 INFO [Metrics] AUC: 0.955747 - logloss: 0.237917
2023-11-06 15:16:49,592 P836683 INFO Save best model: monitor(max)=0.717830
2023-11-06 15:16:49,704 P836683 INFO ************ Epoch=3 end ************
2023-11-06 15:16:54,825 P836683 INFO Train loss: 0.406460
2023-11-06 15:16:54,825 P836683 INFO Evaluation @epoch 4 - batch 141: 
2023-11-06 15:16:55,998 P836683 INFO ===
2023-11-06 15:16:55,998 P836683 INFO [Metrics] AUC: 0.959400 - logloss: 0.229422
2023-11-06 15:16:55,998 P836683 INFO Save best model: monitor(max)=0.729978
2023-11-06 15:16:56,167 P836683 INFO ************ Epoch=4 end ************
2023-11-06 15:17:01,855 P836683 INFO Train loss: 0.409857
2023-11-06 15:17:01,855 P836683 INFO Evaluation @epoch 5 - batch 141: 
2023-11-06 15:17:02,940 P836683 INFO ===
2023-11-06 15:17:02,940 P836683 INFO [Metrics] AUC: 0.961647 - logloss: 0.222517
2023-11-06 15:17:02,940 P836683 INFO Save best model: monitor(max)=0.739131
2023-11-06 15:17:03,062 P836683 INFO ************ Epoch=5 end ************
2023-11-06 15:17:08,845 P836683 INFO Train loss: 0.414024
2023-11-06 15:17:08,845 P836683 INFO Evaluation @epoch 6 - batch 141: 
2023-11-06 15:17:09,982 P836683 INFO ===
2023-11-06 15:17:09,982 P836683 INFO [Metrics] AUC: 0.962815 - logloss: 0.218922
2023-11-06 15:17:09,982 P836683 INFO Save best model: monitor(max)=0.743892
2023-11-06 15:17:10,095 P836683 INFO ************ Epoch=6 end ************
2023-11-06 15:17:16,336 P836683 INFO Train loss: 0.415923
2023-11-06 15:17:16,337 P836683 INFO Evaluation @epoch 7 - batch 141: 
2023-11-06 15:17:17,450 P836683 INFO ===
2023-11-06 15:17:17,450 P836683 INFO [Metrics] AUC: 0.963221 - logloss: 0.213373
2023-11-06 15:17:17,450 P836683 INFO Save best model: monitor(max)=0.749848
2023-11-06 15:17:17,567 P836683 INFO ************ Epoch=7 end ************
2023-11-06 15:17:23,026 P836683 INFO Train loss: 0.418086
2023-11-06 15:17:23,027 P836683 INFO Evaluation @epoch 8 - batch 141: 
2023-11-06 15:17:24,116 P836683 INFO ===
2023-11-06 15:17:24,116 P836683 INFO [Metrics] AUC: 0.963654 - logloss: 0.214779
2023-11-06 15:17:24,117 P836683 INFO Monitor(max)=0.748875 STOP!
2023-11-06 15:17:24,117 P836683 INFO Reduce learning rate on plateau: 0.000100
2023-11-06 15:17:24,244 P836683 INFO ************ Epoch=8 end ************
2023-11-06 15:17:30,027 P836683 INFO Train loss: 0.313402
2023-11-06 15:17:30,027 P836683 INFO Evaluation @epoch 9 - batch 141: 
2023-11-06 15:17:31,140 P836683 INFO ===
2023-11-06 15:17:31,141 P836683 INFO [Metrics] AUC: 0.970158 - logloss: 0.206667
2023-11-06 15:17:31,141 P836683 INFO Save best model: monitor(max)=0.763491
2023-11-06 15:17:31,281 P836683 INFO ************ Epoch=9 end ************
2023-11-06 15:17:36,470 P836683 INFO Train loss: 0.219695
2023-11-06 15:17:36,471 P836683 INFO Evaluation @epoch 10 - batch 141: 
2023-11-06 15:17:37,598 P836683 INFO ===
2023-11-06 15:17:37,598 P836683 INFO [Metrics] AUC: 0.970422 - logloss: 0.235650
2023-11-06 15:17:37,598 P836683 INFO Monitor(max)=0.734772 STOP!
2023-11-06 15:17:37,598 P836683 INFO Reduce learning rate on plateau: 0.000010
2023-11-06 15:17:37,701 P836683 INFO ************ Epoch=10 end ************
2023-11-06 15:17:42,802 P836683 INFO Train loss: 0.178742
2023-11-06 15:17:42,803 P836683 INFO Evaluation @epoch 11 - batch 141: 
2023-11-06 15:17:43,943 P836683 INFO ===
2023-11-06 15:17:43,943 P836683 INFO [Metrics] AUC: 0.970180 - logloss: 0.246289
2023-11-06 15:17:43,943 P836683 INFO Monitor(max)=0.723891 STOP!
2023-11-06 15:17:43,943 P836683 INFO Reduce learning rate on plateau: 0.000001
2023-11-06 15:17:43,943 P836683 INFO ********* Epoch==11 early stop *********
2023-11-06 15:17:44,043 P836683 INFO Training finished.
2023-11-06 15:17:44,043 P836683 INFO Load best model: /root/autodl-tmp/model_zoo/SimCEN/SimCEN_torch/checkpoints/Movielenslatest_x1_h5/SimCEN_Movielens.model
2023-11-06 15:17:44,111 P836683 INFO ****** Validation evaluation ******
2023-11-06 15:17:45,252 P836683 INFO ===
2023-11-06 15:17:45,252 P836683 INFO [Metrics] logloss: 0.206667 - AUC: 0.970158
2023-11-06 15:17:45,298 P836683 INFO ******** Test evaluation ********
2023-11-06 15:17:45,298 P836683 INFO Loading data...
2023-11-06 15:17:45,298 P836683 INFO Loading data from h5: ../../../data/Movielenslatest_x1_h5/test.h5
2023-11-06 15:17:45,301 P836683 INFO Test samples: total/200686, blocks/1
2023-11-06 15:17:45,301 P836683 INFO Loading test data done.
2023-11-06 15:17:45,972 P836683 INFO ===
2023-11-06 15:17:45,972 P836683 INFO [Metrics] logloss: 0.206032 - AUC: 0.970431
